Build started 30.11.2012 18:20:11.
     1>Project "C:\SDKs\CEGUI-0.7.7\projects\premake\RendererModules\Ogre\CEGUIOgreRenderer.vcxproj" on node 2 (build target(s)).
     1>C:\Program Files (x86)\MSBuild\Microsoft.Cpp\v4.0\Microsoft.CppBuild.targets(299,5): warning MSB8004: Output Directory does not end with a trailing slash.  This build instance will add the slash as it is required to allow proper evaluation of the Output Directory.
     1>InitializeBuildStatus:
         Touching "obj/Debug\CEGUIOgreRenderer.unsuccessfulbuild".
       ClCompile:
         All outputs are up-to-date.
       ManifestResourceCompile:
         All outputs are up-to-date.
       Link:
         C:\Program Files (x86)\Microsoft Visual Studio 10.0\VC\bin\link.exe /ERRORREPORT:PROMPT /OUT:"..\..\..\..\bin\CEGUIOgreRenderer_d.dll" /INCREMENTAL /NOLOGO /LIBPATH:../../../../lib /LIBPATH:"C:/SDKs/ogreSDK/OgreSDK_vc10_v1-8-1/boost/lib" /LIBPATH:"C:\SDKs\ogreSDK\OgreSDK_vc10_v1-8-1/lib/debug" /LIBPATH:"C:/SDKs/ogreSDK/OgreSDK_vc10_v1-8-1/lib" /LIBPATH:../../../../dependencies/lib/dynamic ../../../../lib/CEGUIBase_d.lib OgreMain_d.lib kernel32.lib user32.lib gdi32.lib winspool.lib comdlg32.lib advapi32.lib shell32.lib ole32.lib oleaut32.lib uuid.lib odbc32.lib odbccp32.lib /MANIFEST /ManifestFile:"obj/Debug\CEGUIOgreRenderer_d.dll.intermediate.manifest" /MANIFESTUAC:"level='asInvoker' uiAccess='false'" /DEBUG /PDB:"..\..\..\..\bin\CEGUIOgreRenderer_d.pdb" /SUBSYSTEM:WINDOWS /TLBID:1 /DYNAMICBASE /NXCOMPAT /IMPLIB:"../../../../lib/CEGUIOgreRenderer_d.lib" /MACHINE:X86 /DLL obj/Debug\CEGUIOgreRenderer_d.dll.embed.manifest.res
         obj/Debug\CEGUIOgreGeometryBuffer.obj
         obj/Debug\CEGUIOgreImageCodec.obj
         obj/Debug\CEGUIOgreRenderer.obj
         obj/Debug\CEGUIOgreRenderTarget.obj
         obj/Debug\CEGUIOgreResourceProvider.obj
         obj/Debug\CEGUIOgreTexture.obj
         obj/Debug\CEGUIOgreTextureTarget.obj
         obj/Debug\CEGUIOgreWindowTarget.obj
         "C:\SDKs\CEGUI-0.7.7\lib\CEGUIBase_d.lib"
            Creating library ../../../../lib/CEGUIOgreRenderer_d.lib and object ../../../../lib/CEGUIOgreRenderer_d.exp
       Manifest:
         C:\Program Files (x86)\Microsoft SDKs\Windows\v7.0A\bin\mt.exe /nologo /verbose /out:"obj/Debug\CEGUIOgreRenderer_d.dll.embed.manifest" /manifest obj/Debug\CEGUIOgreRenderer_d.dll.intermediate.manifest
         C:\Program Files (x86)\Microsoft SDKs\Windows\v7.0A\bin\rc.exe /nologo /fo"obj/Debug\CEGUIOgreRenderer_d.dll.embed.manifest.res" obj/Debug\CEGUIOgreRenderer_d_manifest.rc 
       LinkEmbedManifest:
         C:\Program Files (x86)\Microsoft Visual Studio 10.0\VC\bin\link.exe /ERRORREPORT:PROMPT /OUT:"..\..\..\..\bin\CEGUIOgreRenderer_d.dll" /INCREMENTAL /NOLOGO /LIBPATH:../../../../lib /LIBPATH:"C:/SDKs/ogreSDK/OgreSDK_vc10_v1-8-1/boost/lib" /LIBPATH:"C:\SDKs\ogreSDK\OgreSDK_vc10_v1-8-1/lib/debug" /LIBPATH:"C:/SDKs/ogreSDK/OgreSDK_vc10_v1-8-1/lib" /LIBPATH:../../../../dependencies/lib/dynamic ../../../../lib/CEGUIBase_d.lib OgreMain_d.lib kernel32.lib user32.lib gdi32.lib winspool.lib comdlg32.lib advapi32.lib shell32.lib ole32.lib oleaut32.lib uuid.lib odbc32.lib odbccp32.lib /MANIFEST /ManifestFile:"obj/Debug\CEGUIOgreRenderer_d.dll.intermediate.manifest" /MANIFESTUAC:"level='asInvoker' uiAccess='false'" /DEBUG /PDB:"..\..\..\..\bin\CEGUIOgreRenderer_d.pdb" /SUBSYSTEM:WINDOWS /TLBID:1 /DYNAMICBASE /NXCOMPAT /IMPLIB:"../../../../lib/CEGUIOgreRenderer_d.lib" /MACHINE:X86 /DLL obj/Debug\CEGUIOgreRenderer_d.dll.embed.manifest.res
         obj/Debug\CEGUIOgreGeometryBuffer.obj
         obj/Debug\CEGUIOgreImageCodec.obj
         obj/Debug\CEGUIOgreRenderer.obj
         obj/Debug\CEGUIOgreRenderTarget.obj
         obj/Debug\CEGUIOgreResourceProvider.obj
         obj/Debug\CEGUIOgreTexture.obj
         obj/Debug\CEGUIOgreTextureTarget.obj
         obj/Debug\CEGUIOgreWindowTarget.obj
         "C:\SDKs\CEGUI-0.7.7\lib\CEGUIBase_d.lib"
            Creating library ../../../../lib/CEGUIOgreRenderer_d.lib and object ../../../../lib/CEGUIOgreRenderer_d.exp
         CEGUIOgreRenderer.vcxproj -> C:\SDKs\CEGUI-0.7.7\projects\premake\RendererModules\Ogre\..\..\..\..\bin\CEGUIOgreRenderer_d.dll
       FinalizeBuildStatus:
         Deleting file "obj/Debug\CEGUIOgreRenderer.unsuccessfulbuild".
         Touching "obj/Debug\CEGUIOgreRenderer.lastbuildstate".
     1>Done Building Project "C:\SDKs\CEGUI-0.7.7\projects\premake\RendererModules\Ogre\CEGUIOgreRenderer.vcxproj" (build target(s)).

Build succeeded.

Time Elapsed 00:00:01.33
