Build started 30.11.2012 18:20:50.
     1>Project "C:\SDKs\CEGUI-0.7.7\projects\premake\ScriptingModules\LuaScriptModule\support\tolua++\tolua++.vcxproj" on node 3 (build target(s)).
     1>InitializeBuildStatus:
         Creating "obj/Release\tolua++.unsuccessfulbuild" because "AlwaysCreate" was specified.
       ClCompile:
         All outputs are up-to-date.
       Link:
         C:\Program Files (x86)\Microsoft Visual Studio 10.0\VC\bin\link.exe /ERRORREPORT:PROMPT /OUT:"../../../../../../bin\tolua++.dll" /INCREMENTAL:NO /NOLOGO /LIBPATH:../../../../../../lib /LIBPATH:../../../../../../dependencies/lib/dynamic lua.lib kernel32.lib user32.lib gdi32.lib winspool.lib comdlg32.lib advapi32.lib shell32.lib ole32.lib oleaut32.lib uuid.lib odbc32.lib odbccp32.lib /MANIFEST /ManifestFile:"obj/Release\tolua++.dll.intermediate.manifest" /MANIFESTUAC:"level='asInvoker' uiAccess='false'" /PDB:"C:\SDKs\CEGUI-0.7.7\bin\tolua++.pdb" /SUBSYSTEM:WINDOWS /OPT:REF /OPT:ICF /TLBID:1 /DYNAMICBASE /NXCOMPAT /IMPLIB:"../../../../../../lib/tolua++.lib" /MACHINE:X86 /DLL obj/Release\tolua_event.obj
         obj/Release\tolua_is.obj
         obj/Release\tolua_map.obj
         obj/Release\tolua_push.obj
         obj/Release\tolua_to.obj
            Creating library ../../../../../../lib/tolua++.lib and object ../../../../../../lib/tolua++.exp
         tolua++.vcxproj -> C:\SDKs\CEGUI-0.7.7\projects\premake\ScriptingModules\LuaScriptModule\support\tolua++\../../../../../../bin\tolua++.dll
       Manifest:
         C:\Program Files (x86)\Microsoft SDKs\Windows\v7.0A\bin\mt.exe /nologo /verbose /outputresource:"../../../../../../bin\tolua++.dll;#2" /manifest obj/Release\tolua++.dll.intermediate.manifest
       FinalizeBuildStatus:
         Deleting file "obj/Release\tolua++.unsuccessfulbuild".
         Touching "obj/Release\tolua++.lastbuildstate".
     1>Done Building Project "C:\SDKs\CEGUI-0.7.7\projects\premake\ScriptingModules\LuaScriptModule\support\tolua++\tolua++.vcxproj" (build target(s)).

Build succeeded.

Time Elapsed 00:00:00.24
