Build started 30.11.2012 18:20:50.
     1>Project "C:\SDKs\CEGUI-0.7.7\projects\premake\BaseSystem\CEGUIBase.vcxproj" on node 2 (build target(s)).
     1>InitializeBuildStatus:
         Creating "obj/Release\CEGUIBase.unsuccessfulbuild" because "AlwaysCreate" was specified.
       ClCompile:
         C:\Program Files (x86)\Microsoft Visual Studio 10.0\VC\bin\CL.exe /c /I../../../cegui/include /I../../../dependencies/include /nologo /W3 /WX- /O2 /Oy /D _CRT_SECURE_NO_DEPRECATE /D HAVE_CONFIG_H /D PCRE_STATIC /D CEGUIBASE_EXPORTS /D _WINDLL /D _MBCS /GF /Gm- /EHsc /MD /GS /Gy /fp:precise /Zc:wchar_t /Zc:forScope /Fo"obj/Release\\" /Fd"obj/Release\vc100.pdb" /Gd /TP /analyze- /errorReport:prompt ..\..\..\cegui\src\elements\CEGUIButtonBase.cpp ..\..\..\cegui\src\elements\CEGUICheckbox.cpp ..\..\..\cegui\src\elements\CEGUICheckboxProperties.cpp ..\..\..\cegui\src\elements\CEGUIClippedContainer.cpp ..\..\..\cegui\src\elements\CEGUICombobox.cpp ..\..\..\cegui\src\elements\CEGUIComboboxProperties.cpp ..\..\..\cegui\src\elements\CEGUIComboDropList.cpp ..\..\..\cegui\src\elements\CEGUIDragContainer.cpp ..\..\..\cegui\src\elements\CEGUIDragContainerProperties.cpp ..\..\..\cegui\src\elements\CEGUIEditbox.cpp ..\..\..\cegui\src\elements\CEGUIEditboxProperties.cpp ..\..\..\cegui\src\elements\CEGUIFrameWindow.cpp ..\..\..\cegui\src\elements\CEGUIFrameWindowProperties.cpp ..\..\..\cegui\src\elements\CEGUIGridLayoutContainer.cpp ..\..\..\cegui\src\elements\CEGUIGridLayoutContainerProperties.cpp ..\..\..\cegui\src\elements\CEGUIGroupBox.cpp ..\..\..\cegui\src\elements\CEGUIGUISheet.cpp ..\..\..\cegui\src\elements\CEGUIHorizontalLayoutContainer.cpp ..\..\..\cegui\src\elements\CEGUIItemEntry.cpp ..\..\..\cegui\src\elements\CEGUIItemEntryProperties.cpp ..\..\..\cegui\src\elements\CEGUIItemListBase.cpp ..\..\..\cegui\src\elements\CEGUIItemListBaseProperties.cpp ..\..\..\cegui\src\elements\CEGUIItemListbox.cpp ..\..\..\cegui\src\elements\CEGUIItemListboxProperties.cpp ..\..\..\cegui\src\elements\CEGUILayoutContainer.cpp ..\..\..\cegui\src\elements\CEGUIListbox.cpp ..\..\..\cegui\src\elements\CEGUIListboxItem.cpp ..\..\..\cegui\src\elements\CEGUIListboxProperties.cpp ..\..\..\cegui\src\elements\CEGUIListboxTextItem.cpp ..\..\..\cegui\src\elements\CEGUIListHeader.cpp ..\..\..\cegui\src\elements\CEGUIListHeaderProperties.cpp ..\..\..\cegui\src\elements\CEGUIListHeaderSegment.cpp ..\..\..\cegui\src\elements\CEGUIListHeaderSegmentProperties.cpp ..\..\..\cegui\src\elements\CEGUIMenubar.cpp ..\..\..\cegui\src\elements\CEGUIMenuBase.cpp ..\..\..\cegui\src\elements\CEGUIMenuBaseProperties.cpp ..\..\..\cegui\src\elements\CEGUIMenuItem.cpp ..\..\..\cegui\src\elements\CEGUIMenuItemProperties.cpp ..\..\..\cegui\src\elements\CEGUIMultiColumnList.cpp ..\..\..\cegui\src\elements\CEGUIMultiColumnListProperties.cpp ..\..\..\cegui\src\elements\CEGUIMultiLineEditbox.cpp ..\..\..\cegui\src\elements\CEGUIMultiLineEditboxProperties.cpp ..\..\..\cegui\src\elements\CEGUIPopupMenu.cpp ..\..\..\cegui\src\elements\CEGUIPopupMenuProperties.cpp ..\..\..\cegui\src\elements\CEGUIProgressBar.cpp ..\..\..\cegui\src\elements\CEGUIProgressBarProperties.cpp ..\..\..\cegui\src\elements\CEGUIPushButton.cpp ..\..\..\cegui\src\elements\CEGUIRadioButton.cpp ..\..\..\cegui\src\elements\CEGUIRadioButtonProperties.cpp ..\..\..\cegui\src\elements\CEGUIScrollablePane.cpp ..\..\..\cegui\src\elements\CEGUIScrollablePaneProperties.cpp ..\..\..\cegui\src\elements\CEGUIScrollbar.cpp ..\..\..\cegui\src\elements\CEGUIScrollbarProperties.cpp ..\..\..\cegui\src\elements\CEGUIScrolledContainer.cpp ..\..\..\cegui\src\elements\CEGUIScrolledContainerProperties.cpp ..\..\..\cegui\src\elements\CEGUIScrolledItemListBase.cpp ..\..\..\cegui\src\elements\CEGUIScrolledItemListBaseProperties.cpp ..\..\..\cegui\src\elements\CEGUISequentialLayoutContainer.cpp ..\..\..\cegui\src\elements\CEGUISlider.cpp ..\..\..\cegui\src\elements\CEGUISliderProperties.cpp ..\..\..\cegui\src\elements\CEGUISpinner.cpp ..\..\..\cegui\src\elements\CEGUISpinnerProperties.cpp ..\..\..\cegui\src\elements\CEGUITabButton.cpp ..\..\..\cegui\src\elements\CEGUITabControl.cpp ..\..\..\cegui\src\elements\CEGUITabControlProperties.cpp ..\..\..\cegui\src\elements\CEGUIThumb.cpp ..\..\..\cegui\src\elements\CEGUIThumbProperties.cpp ..\..\..\cegui\src\elements\CEGUITitlebar.cpp ..\..\..\cegui\src\elements\CEGUITitlebarProperties.cpp ..\..\..\cegui\src\elements\CEGUITooltip.cpp ..\..\..\cegui\src\elements\CEGUITooltipProperties.cpp ..\..\..\cegui\src\elements\CEGUITree.cpp ..\..\..\cegui\src\elements\CEGUITreeItem.cpp ..\..\..\cegui\src\elements\CEGUITreeProperties.cpp ..\..\..\cegui\src\elements\CEGUIVerticalLayoutContainer.cpp ..\..\..\cegui\src\falagard\CEGUIFalagard_xmlHandler.cpp ..\..\..\cegui\src\falagard\CEGUIFalComponentBase.cpp ..\..\..\cegui\src\falagard\CEGUIFalDimensions.cpp ..\..\..\cegui\src\falagard\CEGUIFalFrameComponent.cpp ..\..\..\cegui\src\falagard\CEGUIFalImageryComponent.cpp ..\..\..\cegui\src\falagard\CEGUIFalImagerySection.cpp ..\..\..\cegui\src\falagard\CEGUIFalLayerSpecification.cpp ..\..\..\cegui\src\falagard\CEGUIFalNamedArea.cpp ..\..\..\cegui\src\falagard\CEGUIFalPropertyDefinition.cpp ..\..\..\cegui\src\falagard\CEGUIFalPropertyDefinitionBase.cpp ..\..\..\cegui\src\falagard\CEGUIFalPropertyInitialiser.cpp ..\..\..\cegui\src\falagard\CEGUIFalPropertyLinkDefinition.cpp ..\..\..\cegui\src\falagard\CEGUIFalSectionSpecification.cpp ..\..\..\cegui\src\falagard\CEGUIFalStateImagery.cpp ..\..\..\cegui\src\falagard\CEGUIFalTextComponent.cpp ..\..\..\cegui\src\falagard\CEGUIFalWidgetComponent.cpp ..\..\..\cegui\src\falagard\CEGUIFalWidgetLookFeel.cpp ..\..\..\cegui\src\falagard\CEGUIFalWidgetLookManager.cpp ..\..\..\cegui\src\falagard\CEGUIFalXMLEnumHelper.cpp ..\..\..\cegui\src\minizip\ioapi.cpp ..\..\..\cegui\src\minizip\iowin32.cpp ..\..\..\cegui\src\minizip\unzip.cpp ..\..\..\cegui\src\CEGUIAffector.cpp ..\..\..\cegui\src\CEGUIAnimation.cpp ..\..\..\cegui\src\CEGUIAnimationInstance.cpp ..\..\..\cegui\src\CEGUIAnimationManager.cpp ..\..\..\cegui\src\CEGUIAnimation_xmlHandler.cpp ..\..\..\cegui\src\CEGUIBase.cpp ..\..\..\cegui\src\CEGUIBasicInterpolators.cpp ..\..\..\cegui\src\CEGUIBasicRenderedStringParser.cpp ..\..\..\cegui\src\CEGUIBiDiVisualMapping.cpp ..\..\..\cegui\src\CEGUIBoundSlot.cpp ..\..\..\cegui\src\CEGUICentredRenderedString.cpp ..\..\..\cegui\src\CEGUIChainedXMLHandler.cpp ..\..\..\cegui\src\CEGUIcolour.cpp ..\..\..\cegui\src\CEGUIColourRect.cpp ..\..\..\cegui\src\CEGUIConfig_xmlHandler.cpp ..\..\..\cegui\src\CEGUICoordConverter.cpp ..\..\..\cegui\src\CEGUIDataContainer.cpp ..\..\..\cegui\src\CEGUIDefaultLogger.cpp ..\..\..\cegui\src\CEGUIDefaultRenderedStringParser.cpp ..\..\..\cegui\src\CEGUIDefaultResourceProvider.cpp ..\..\..\cegui\src\CEGUIDynamicModule.cpp ..\..\..\cegui\src\CEGUIEvent.cpp ..\..\..\cegui\src\CEGUIEventArgs.cpp ..\..\..\cegui\src\CEGUIEventSet.cpp ..\..\..\cegui\src\CEGUIEventSignal.cpp ..\..\..\cegui\src\CEGUIEventSignalSet.cpp ..\..\..\cegui\src\CEGUIExceptions.cpp ..\..\..\cegui\src\CEGUIFactoryModule.cpp ..\..\..\cegui\src\CEGUIFont.cpp ..\..\..\cegui\src\CEGUIFontManager.cpp ..\..\..\cegui\src\CEGUIFontProperties.cpp ..\..\..\cegui\src\CEGUIFont_xmlHandler.cpp ..\..\..\cegui\src\CEGUIFormattedRenderedString.cpp ..\..\..\cegui\src\CEGUIFreeTypeFont.cpp ..\..\..\cegui\src\CEGUIGeometryBuffer.cpp ..\..\..\cegui\src\CEGUIGlobalEventSet.cpp ..\..\..\cegui\src\CEGUIGUILayout_xmlHandler.cpp ..\..\..\cegui\src\CEGUIImage.cpp ..\..\..\cegui\src\CEGUIImageCodec.cpp ..\..\..\cegui\src\CEGUIImageset.cpp ..\..\..\cegui\src\CEGUIImagesetManager.cpp ..\..\..\cegui\src\CEGUIImageset_xmlHandler.cpp ..\..\..\cegui\src\CEGUIJustifiedRenderedString.cpp ..\..\..\cegui\src\CEGUIJustifiedRenderedStringWordWrapper.cpp ..\..\..\cegui\src\CEGUIKeyFrame.cpp ..\..\..\cegui\src\CEGUILeftAlignedRenderedString.cpp ..\..\..\cegui\src\CEGUILogger.cpp ..\..\..\cegui\src\CEGUIMinizipResourceProvider.cpp ..\..\..\cegui\src\CEGUIMouseCursor.cpp ..\..\..\cegui\src\CEGUINamedXMLResourceManager.cpp ..\..\..\cegui\src\CEGUIPCRERegexMatcher.cpp ..\..\..\cegui\src\CEGUIPixmapFont.cpp ..\..\..\cegui\src\CEGUIProperty.cpp ..\..\..\cegui\src\CEGUIPropertyHelper.cpp ..\..\..\cegui\src\CEGUIPropertySet.cpp ..\..\..\cegui\src\CEGUIRect.cpp ..\..\..\cegui\src\CEGUIRenderedString.cpp ..\..\..\cegui\src\CEGUIRenderedStringComponent.cpp ..\..\..\cegui\src\CEGUIRenderedStringImageComponent.cpp ..\..\..\cegui\src\CEGUIRenderedStringTextComponent.cpp ..\..\..\cegui\src\CEGUIRenderedStringWidgetComponent.cpp ..\..\..\cegui\src\CEGUIRenderEffectManager.cpp ..\..\..\cegui\src\CEGUIRenderingRoot.cpp ..\..\..\cegui\src\CEGUIRenderingSurface.cpp ..\..\..\cegui\src\CEGUIRenderingWindow.cpp ..\..\..\cegui\src\CEGUIRenderQueue.cpp ..\..\..\cegui\src\CEGUIRightAlignedRenderedString.cpp ..\..\..\cegui\src\CEGUIScheme.cpp ..\..\..\cegui\src\CEGUISchemeManager.cpp ..\..\..\cegui\src\CEGUIScheme_xmlHandler.cpp ..\..\..\cegui\src\CEGUIScriptModule.cpp ..\..\..\cegui\src\CEGUISize.cpp ..\..\..\cegui\src\CEGUIString.cpp ..\..\..\cegui\src\CEGUISubscriberSlot.cpp ..\..\..\cegui\src\CEGUISystem.cpp ..\..\..\cegui\src\CEGUITextUtils.cpp ..\..\..\cegui\src\CEGUIWindow.cpp ..\..\..\cegui\src\CEGUIWindowFactory.cpp ..\..\..\cegui\src\CEGUIWindowFactoryManager.cpp ..\..\..\cegui\src\CEGUIWindowManager.cpp ..\..\..\cegui\src\CEGUIWindowProperties.cpp ..\..\..\cegui\src\CEGUIWindowRenderer.cpp ..\..\..\cegui\src\CEGUIWindowRendererManager.cpp ..\..\..\cegui\src\CEGUIWindowRendererModule.cpp ..\..\..\cegui\src\CEGUIWRFactoryRegisterer.cpp ..\..\..\cegui\src\CEGUIXMLAttributes.cpp ..\..\..\cegui\src\CEGUIXMLHandler.cpp ..\..\..\cegui\src\CEGUIXMLParser.cpp ..\..\..\cegui\src\CEGUIXMLSerializer.cpp
         CEGUIButtonBase.cpp
         CEGUICheckbox.cpp
         CEGUICheckboxProperties.cpp
         CEGUIClippedContainer.cpp
         CEGUICombobox.cpp
         CEGUIComboboxProperties.cpp
         CEGUIComboDropList.cpp
         CEGUIDragContainer.cpp
         CEGUIDragContainerProperties.cpp
         CEGUIEditbox.cpp
         CEGUIEditboxProperties.cpp
         CEGUIFrameWindow.cpp
         CEGUIFrameWindowProperties.cpp
         CEGUIGridLayoutContainer.cpp
         CEGUIGridLayoutContainerProperties.cpp
         CEGUIGroupBox.cpp
         CEGUIGUISheet.cpp
         CEGUIHorizontalLayoutContainer.cpp
         CEGUIItemEntry.cpp
         CEGUIItemEntryProperties.cpp
         Generating Code...
         Compiling...
         CEGUIItemListBase.cpp
         CEGUIItemListBaseProperties.cpp
         CEGUIItemListbox.cpp
         CEGUIItemListboxProperties.cpp
         CEGUILayoutContainer.cpp
         CEGUIListbox.cpp
         CEGUIListboxItem.cpp
         CEGUIListboxProperties.cpp
         CEGUIListboxTextItem.cpp
         CEGUIListHeader.cpp
         CEGUIListHeaderProperties.cpp
         CEGUIListHeaderSegment.cpp
         CEGUIListHeaderSegmentProperties.cpp
         CEGUIMenubar.cpp
         CEGUIMenuBase.cpp
         CEGUIMenuBaseProperties.cpp
         CEGUIMenuItem.cpp
         CEGUIMenuItemProperties.cpp
         CEGUIMultiColumnList.cpp
         CEGUIMultiColumnListProperties.cpp
         Generating Code...
         Compiling...
         CEGUIMultiLineEditbox.cpp
         CEGUIMultiLineEditboxProperties.cpp
         CEGUIPopupMenu.cpp
         CEGUIPopupMenuProperties.cpp
         CEGUIProgressBar.cpp
         CEGUIProgressBarProperties.cpp
         CEGUIPushButton.cpp
         CEGUIRadioButton.cpp
         CEGUIRadioButtonProperties.cpp
         CEGUIScrollablePane.cpp
     1>..\..\..\cegui\src\elements\CEGUIScrollablePane.cpp(438): warning C4800: 'CEGUI::uint' : forcing value to bool 'true' or 'false' (performance warning)
         CEGUIScrollablePaneProperties.cpp
         CEGUIScrollbar.cpp
         CEGUIScrollbarProperties.cpp
         CEGUIScrolledContainer.cpp
         CEGUIScrolledContainerProperties.cpp
         CEGUIScrolledItemListBase.cpp
         CEGUIScrolledItemListBaseProperties.cpp
         CEGUISequentialLayoutContainer.cpp
         CEGUISlider.cpp
         CEGUISliderProperties.cpp
         Generating Code...
         Compiling...
         CEGUISpinner.cpp
         CEGUISpinnerProperties.cpp
     1>..\..\..\cegui\src\elements\CEGUISpinnerProperties.cpp(40): warning C4244: 'argument' : conversion from 'double' to 'float', possible loss of data
     1>..\..\..\cegui\src\elements\CEGUISpinnerProperties.cpp(52): warning C4244: 'argument' : conversion from 'double' to 'float', possible loss of data
     1>..\..\..\cegui\src\elements\CEGUISpinnerProperties.cpp(64): warning C4244: 'argument' : conversion from 'double' to 'float', possible loss of data
     1>..\..\..\cegui\src\elements\CEGUISpinnerProperties.cpp(76): warning C4244: 'argument' : conversion from 'double' to 'float', possible loss of data
         CEGUITabButton.cpp
         CEGUITabControl.cpp
         CEGUITabControlProperties.cpp
         CEGUIThumb.cpp
         CEGUIThumbProperties.cpp
         CEGUITitlebar.cpp
         CEGUITitlebarProperties.cpp
         CEGUITooltip.cpp
         CEGUITooltipProperties.cpp
         CEGUITree.cpp
         CEGUITreeItem.cpp
         CEGUITreeProperties.cpp
         CEGUIVerticalLayoutContainer.cpp
         CEGUIFalagard_xmlHandler.cpp
         CEGUIFalComponentBase.cpp
         CEGUIFalDimensions.cpp
         CEGUIFalFrameComponent.cpp
         CEGUIFalImageryComponent.cpp
         Generating Code...
         Compiling...
         CEGUIFalImagerySection.cpp
         CEGUIFalLayerSpecification.cpp
         CEGUIFalNamedArea.cpp
         CEGUIFalPropertyDefinition.cpp
         CEGUIFalPropertyDefinitionBase.cpp
         CEGUIFalPropertyInitialiser.cpp
         CEGUIFalPropertyLinkDefinition.cpp
         CEGUIFalSectionSpecification.cpp
         CEGUIFalStateImagery.cpp
         CEGUIFalTextComponent.cpp
         CEGUIFalWidgetComponent.cpp
         CEGUIFalWidgetLookFeel.cpp
         CEGUIFalWidgetLookManager.cpp
         CEGUIFalXMLEnumHelper.cpp
         ioapi.cpp
         iowin32.cpp
         unzip.cpp
         CEGUIAffector.cpp
         CEGUIAnimation.cpp
         CEGUIAnimationInstance.cpp
         Generating Code...
         Compiling...
         CEGUIAnimationManager.cpp
         CEGUIAnimation_xmlHandler.cpp
         CEGUIBase.cpp
         CEGUIBasicInterpolators.cpp
         CEGUIBasicRenderedStringParser.cpp
         CEGUIBiDiVisualMapping.cpp
         CEGUIBoundSlot.cpp
         CEGUICentredRenderedString.cpp
         CEGUIChainedXMLHandler.cpp
         CEGUIcolour.cpp
         CEGUIColourRect.cpp
         CEGUIConfig_xmlHandler.cpp
         CEGUICoordConverter.cpp
         CEGUIDataContainer.cpp
         CEGUIDefaultLogger.cpp
         CEGUIDefaultRenderedStringParser.cpp
         CEGUIDefaultResourceProvider.cpp
         CEGUIDynamicModule.cpp
         CEGUIEvent.cpp
         CEGUIEventArgs.cpp
         Generating Code...
         Compiling...
         CEGUIEventSet.cpp
         CEGUIEventSignal.cpp
         CEGUIEventSignalSet.cpp
         CEGUIExceptions.cpp
         CEGUIFactoryModule.cpp
         CEGUIFont.cpp
         CEGUIFontManager.cpp
         CEGUIFontProperties.cpp
         CEGUIFont_xmlHandler.cpp
         CEGUIFormattedRenderedString.cpp
         CEGUIFreeTypeFont.cpp
     1>..\..\..\cegui\src\CEGUIFreeTypeFont.cpp(285): warning C4244: 'argument' : conversion from 'CEGUI::uint' to 'float', possible loss of data
     1>..\..\..\cegui\src\CEGUIFreeTypeFont.cpp(285): warning C4244: 'argument' : conversion from 'CEGUI::uint' to 'float', possible loss of data
     1>..\..\..\cegui\src\CEGUIFreeTypeFont.cpp(379): warning C4244: 'initializing' : conversion from 'const float' to 'CEGUI::uint', possible loss of data
     1>..\..\..\cegui\src\CEGUIFreeTypeFont.cpp(380): warning C4244: 'initializing' : conversion from 'const float' to 'CEGUI::uint', possible loss of data
         CEGUIGeometryBuffer.cpp
         CEGUIGlobalEventSet.cpp
         CEGUIGUILayout_xmlHandler.cpp
         CEGUIImage.cpp
         CEGUIImageCodec.cpp
         CEGUIImageset.cpp
         CEGUIImagesetManager.cpp
         CEGUIImageset_xmlHandler.cpp
         CEGUIJustifiedRenderedString.cpp
         Generating Code...
         Compiling...
         CEGUIJustifiedRenderedStringWordWrapper.cpp
         CEGUIKeyFrame.cpp
         CEGUILeftAlignedRenderedString.cpp
         CEGUILogger.cpp
         CEGUIMinizipResourceProvider.cpp
         CEGUIMouseCursor.cpp
         CEGUINamedXMLResourceManager.cpp
         CEGUIPCRERegexMatcher.cpp
         CEGUIPixmapFont.cpp
         CEGUIProperty.cpp
         CEGUIPropertyHelper.cpp
         CEGUIPropertySet.cpp
         CEGUIRect.cpp
         CEGUIRenderedString.cpp
         CEGUIRenderedStringComponent.cpp
         CEGUIRenderedStringImageComponent.cpp
         CEGUIRenderedStringTextComponent.cpp
         CEGUIRenderedStringWidgetComponent.cpp
         CEGUIRenderEffectManager.cpp
         CEGUIRenderingRoot.cpp
         Generating Code...
         Compiling...
         CEGUIRenderingSurface.cpp
         CEGUIRenderingWindow.cpp
         CEGUIRenderQueue.cpp
         CEGUIRightAlignedRenderedString.cpp
         CEGUIScheme.cpp
         CEGUISchemeManager.cpp
         CEGUIScheme_xmlHandler.cpp
         CEGUIScriptModule.cpp
         CEGUISize.cpp
         CEGUIString.cpp
         CEGUISubscriberSlot.cpp
         CEGUISystem.cpp
         CEGUITextUtils.cpp
         CEGUIWindow.cpp
         CEGUIWindowFactory.cpp
         CEGUIWindowFactoryManager.cpp
         CEGUIWindowManager.cpp
         CEGUIWindowProperties.cpp
         CEGUIWindowRenderer.cpp
         CEGUIWindowRendererManager.cpp
         Generating Code...
         Compiling...
         CEGUIWindowRendererModule.cpp
         CEGUIWRFactoryRegisterer.cpp
         CEGUIXMLAttributes.cpp
         CEGUIXMLHandler.cpp
         CEGUIXMLParser.cpp
         CEGUIXMLSerializer.cpp
         Generating Code...
       Link:
         C:\Program Files (x86)\Microsoft Visual Studio 10.0\VC\bin\link.exe /ERRORREPORT:PROMPT /OUT:"../../../bin\CEGUIBase.dll" /INCREMENTAL:NO /NOLOGO /LIBPATH:"C:\SDKs\ogreSDK\OgreSDK_vc10_v1-8-1/lib/release" /LIBPATH:../../../lib /LIBPATH:../../../dependencies/lib/dynamic freetype.lib pcre.lib zlib.lib Winmm.lib kernel32.lib user32.lib gdi32.lib winspool.lib comdlg32.lib advapi32.lib shell32.lib ole32.lib oleaut32.lib uuid.lib odbc32.lib odbccp32.lib /MANIFEST /ManifestFile:"obj/Release\CEGUIBase.dll.intermediate.manifest" /MANIFESTUAC:"level='asInvoker' uiAccess='false'" /PDB:"C:\SDKs\CEGUI-0.7.7\bin\CEGUIBase.pdb" /SUBSYSTEM:WINDOWS /OPT:REF /OPT:ICF /TLBID:1 /DYNAMICBASE /NXCOMPAT /IMPLIB:"../../../lib/CEGUIBase.lib" /MACHINE:X86 /DLL obj/Release\CEGUIButtonBase.obj
         obj/Release\CEGUICheckbox.obj
         obj/Release\CEGUICheckboxProperties.obj
         obj/Release\CEGUIClippedContainer.obj
         obj/Release\CEGUICombobox.obj
         obj/Release\CEGUIComboboxProperties.obj
         obj/Release\CEGUIComboDropList.obj
         obj/Release\CEGUIDragContainer.obj
         obj/Release\CEGUIDragContainerProperties.obj
         obj/Release\CEGUIEditbox.obj
         obj/Release\CEGUIEditboxProperties.obj
         obj/Release\CEGUIFrameWindow.obj
         obj/Release\CEGUIFrameWindowProperties.obj
         obj/Release\CEGUIGridLayoutContainer.obj
         obj/Release\CEGUIGridLayoutContainerProperties.obj
         obj/Release\CEGUIGroupBox.obj
         obj/Release\CEGUIGUISheet.obj
         obj/Release\CEGUIHorizontalLayoutContainer.obj
         obj/Release\CEGUIItemEntry.obj
         obj/Release\CEGUIItemEntryProperties.obj
         obj/Release\CEGUIItemListBase.obj
         obj/Release\CEGUIItemListBaseProperties.obj
         obj/Release\CEGUIItemListbox.obj
         obj/Release\CEGUIItemListboxProperties.obj
         obj/Release\CEGUILayoutContainer.obj
         obj/Release\CEGUIListbox.obj
         obj/Release\CEGUIListboxItem.obj
         obj/Release\CEGUIListboxProperties.obj
         obj/Release\CEGUIListboxTextItem.obj
         obj/Release\CEGUIListHeader.obj
         obj/Release\CEGUIListHeaderProperties.obj
         obj/Release\CEGUIListHeaderSegment.obj
         obj/Release\CEGUIListHeaderSegmentProperties.obj
         obj/Release\CEGUIMenubar.obj
         obj/Release\CEGUIMenuBase.obj
         obj/Release\CEGUIMenuBaseProperties.obj
         obj/Release\CEGUIMenuItem.obj
         obj/Release\CEGUIMenuItemProperties.obj
         obj/Release\CEGUIMultiColumnList.obj
         obj/Release\CEGUIMultiColumnListProperties.obj
         obj/Release\CEGUIMultiLineEditbox.obj
         obj/Release\CEGUIMultiLineEditboxProperties.obj
         obj/Release\CEGUIPopupMenu.obj
         obj/Release\CEGUIPopupMenuProperties.obj
         obj/Release\CEGUIProgressBar.obj
         obj/Release\CEGUIProgressBarProperties.obj
         obj/Release\CEGUIPushButton.obj
         obj/Release\CEGUIRadioButton.obj
         obj/Release\CEGUIRadioButtonProperties.obj
         obj/Release\CEGUIScrollablePane.obj
         obj/Release\CEGUIScrollablePaneProperties.obj
         obj/Release\CEGUIScrollbar.obj
         obj/Release\CEGUIScrollbarProperties.obj
         obj/Release\CEGUIScrolledContainer.obj
         obj/Release\CEGUIScrolledContainerProperties.obj
         obj/Release\CEGUIScrolledItemListBase.obj
         obj/Release\CEGUIScrolledItemListBaseProperties.obj
         obj/Release\CEGUISequentialLayoutContainer.obj
         obj/Release\CEGUISlider.obj
         obj/Release\CEGUISliderProperties.obj
         obj/Release\CEGUISpinner.obj
         obj/Release\CEGUISpinnerProperties.obj
         obj/Release\CEGUITabButton.obj
         obj/Release\CEGUITabControl.obj
         obj/Release\CEGUITabControlProperties.obj
         obj/Release\CEGUIThumb.obj
         obj/Release\CEGUIThumbProperties.obj
         obj/Release\CEGUITitlebar.obj
         obj/Release\CEGUITitlebarProperties.obj
         obj/Release\CEGUITooltip.obj
         obj/Release\CEGUITooltipProperties.obj
         obj/Release\CEGUITree.obj
         obj/Release\CEGUITreeItem.obj
         obj/Release\CEGUITreeProperties.obj
         obj/Release\CEGUIVerticalLayoutContainer.obj
         obj/Release\CEGUIFalagard_xmlHandler.obj
         obj/Release\CEGUIFalComponentBase.obj
         obj/Release\CEGUIFalDimensions.obj
         obj/Release\CEGUIFalFrameComponent.obj
         obj/Release\CEGUIFalImageryComponent.obj
         obj/Release\CEGUIFalImagerySection.obj
         obj/Release\CEGUIFalLayerSpecification.obj
         obj/Release\CEGUIFalNamedArea.obj
         obj/Release\CEGUIFalPropertyDefinition.obj
         obj/Release\CEGUIFalPropertyDefinitionBase.obj
         obj/Release\CEGUIFalPropertyInitialiser.obj
         obj/Release\CEGUIFalPropertyLinkDefinition.obj
         obj/Release\CEGUIFalSectionSpecification.obj
         obj/Release\CEGUIFalStateImagery.obj
         obj/Release\CEGUIFalTextComponent.obj
         obj/Release\CEGUIFalWidgetComponent.obj
         obj/Release\CEGUIFalWidgetLookFeel.obj
         obj/Release\CEGUIFalWidgetLookManager.obj
         obj/Release\CEGUIFalXMLEnumHelper.obj
         obj/Release\ioapi.obj
         obj/Release\iowin32.obj
         obj/Release\unzip.obj
         obj/Release\CEGUIAffector.obj
         obj/Release\CEGUIAnimation.obj
         obj/Release\CEGUIAnimationInstance.obj
         obj/Release\CEGUIAnimationManager.obj
         obj/Release\CEGUIAnimation_xmlHandler.obj
         obj/Release\CEGUIBase.obj
         obj/Release\CEGUIBasicInterpolators.obj
         obj/Release\CEGUIBasicRenderedStringParser.obj
         obj/Release\CEGUIBiDiVisualMapping.obj
         obj/Release\CEGUIBoundSlot.obj
         obj/Release\CEGUICentredRenderedString.obj
         obj/Release\CEGUIChainedXMLHandler.obj
         obj/Release\CEGUIcolour.obj
         obj/Release\CEGUIColourRect.obj
         obj/Release\CEGUIConfig_xmlHandler.obj
         obj/Release\CEGUICoordConverter.obj
         obj/Release\CEGUIDataContainer.obj
         obj/Release\CEGUIDefaultLogger.obj
         obj/Release\CEGUIDefaultRenderedStringParser.obj
         obj/Release\CEGUIDefaultResourceProvider.obj
         obj/Release\CEGUIDynamicModule.obj
         obj/Release\CEGUIEvent.obj
         obj/Release\CEGUIEventArgs.obj
         obj/Release\CEGUIEventSet.obj
         obj/Release\CEGUIEventSignal.obj
         obj/Release\CEGUIEventSignalSet.obj
         obj/Release\CEGUIExceptions.obj
         obj/Release\CEGUIFactoryModule.obj
         obj/Release\CEGUIFont.obj
         obj/Release\CEGUIFontManager.obj
         obj/Release\CEGUIFontProperties.obj
         obj/Release\CEGUIFont_xmlHandler.obj
         obj/Release\CEGUIFormattedRenderedString.obj
         obj/Release\CEGUIFreeTypeFont.obj
         obj/Release\CEGUIGeometryBuffer.obj
         obj/Release\CEGUIGlobalEventSet.obj
         obj/Release\CEGUIGUILayout_xmlHandler.obj
         obj/Release\CEGUIImage.obj
         obj/Release\CEGUIImageCodec.obj
         obj/Release\CEGUIImageset.obj
         obj/Release\CEGUIImagesetManager.obj
         obj/Release\CEGUIImageset_xmlHandler.obj
         obj/Release\CEGUIJustifiedRenderedString.obj
         obj/Release\CEGUIJustifiedRenderedStringWordWrapper.obj
         obj/Release\CEGUIKeyFrame.obj
         obj/Release\CEGUILeftAlignedRenderedString.obj
         obj/Release\CEGUILogger.obj
         obj/Release\CEGUIMinizipResourceProvider.obj
         obj/Release\CEGUIMouseCursor.obj
         obj/Release\CEGUINamedXMLResourceManager.obj
         obj/Release\CEGUIPCRERegexMatcher.obj
         obj/Release\CEGUIPixmapFont.obj
         obj/Release\CEGUIProperty.obj
         obj/Release\CEGUIPropertyHelper.obj
         obj/Release\CEGUIPropertySet.obj
         obj/Release\CEGUIRect.obj
         obj/Release\CEGUIRenderedString.obj
         obj/Release\CEGUIRenderedStringComponent.obj
         obj/Release\CEGUIRenderedStringImageComponent.obj
         obj/Release\CEGUIRenderedStringTextComponent.obj
         obj/Release\CEGUIRenderedStringWidgetComponent.obj
         obj/Release\CEGUIRenderEffectManager.obj
         obj/Release\CEGUIRenderingRoot.obj
         obj/Release\CEGUIRenderingSurface.obj
         obj/Release\CEGUIRenderingWindow.obj
         obj/Release\CEGUIRenderQueue.obj
         obj/Release\CEGUIRightAlignedRenderedString.obj
         obj/Release\CEGUIScheme.obj
         obj/Release\CEGUISchemeManager.obj
         obj/Release\CEGUIScheme_xmlHandler.obj
         obj/Release\CEGUIScriptModule.obj
         obj/Release\CEGUISize.obj
         obj/Release\CEGUIString.obj
         obj/Release\CEGUISubscriberSlot.obj
         obj/Release\CEGUISystem.obj
         obj/Release\CEGUITextUtils.obj
         obj/Release\CEGUIWindow.obj
         obj/Release\CEGUIWindowFactory.obj
         obj/Release\CEGUIWindowFactoryManager.obj
         obj/Release\CEGUIWindowManager.obj
         obj/Release\CEGUIWindowProperties.obj
         obj/Release\CEGUIWindowRenderer.obj
         obj/Release\CEGUIWindowRendererManager.obj
         obj/Release\CEGUIWindowRendererModule.obj
         obj/Release\CEGUIWRFactoryRegisterer.obj
         obj/Release\CEGUIXMLAttributes.obj
         obj/Release\CEGUIXMLHandler.obj
         obj/Release\CEGUIXMLParser.obj
         obj/Release\CEGUIXMLSerializer.obj
            Creating library ../../../lib/CEGUIBase.lib and object ../../../lib/CEGUIBase.exp
         CEGUIBase.vcxproj -> C:\SDKs\CEGUI-0.7.7\projects\premake\BaseSystem\../../../bin\CEGUIBase.dll
       Manifest:
         C:\Program Files (x86)\Microsoft SDKs\Windows\v7.0A\bin\mt.exe /nologo /verbose /outputresource:"../../../bin\CEGUIBase.dll;#2" /manifest obj/Release\CEGUIBase.dll.intermediate.manifest
       FinalizeBuildStatus:
         Deleting file "obj/Release\CEGUIBase.unsuccessfulbuild".
         Touching "obj/Release\CEGUIBase.lastbuildstate".
     1>Done Building Project "C:\SDKs\CEGUI-0.7.7\projects\premake\BaseSystem\CEGUIBase.vcxproj" (build target(s)).

Build succeeded.

Time Elapsed 00:03:22.64
