C:\SDKS\CEGUI-0.7.7\BIN\TOLUA++CEGUI_D.EXE
C:\SDKS\CEGUI-0.7.7\BIN\TOLUA++CEGUI_D.ILK
C:\SDKS\CEGUI-0.7.7\BIN\TOLUA++CEGUI_D.PDB
C:\SDKs\CEGUI-0.7.7\projects\premake\ScriptingModules\LuaScriptModule\support\tolua++bin\obj\Debug\cl.command.1.tlog
C:\SDKs\CEGUI-0.7.7\projects\premake\ScriptingModules\LuaScriptModule\support\tolua++bin\obj\Debug\CL.read.1.tlog
C:\SDKs\CEGUI-0.7.7\projects\premake\ScriptingModules\LuaScriptModule\support\tolua++bin\obj\Debug\CL.write.1.tlog
C:\SDKs\CEGUI-0.7.7\projects\premake\ScriptingModules\LuaScriptModule\support\tolua++bin\obj\Debug\link.14048.read.1.tlog
C:\SDKs\CEGUI-0.7.7\projects\premake\ScriptingModules\LuaScriptModule\support\tolua++bin\obj\Debug\link.14048.write.1.tlog
C:\SDKs\CEGUI-0.7.7\projects\premake\ScriptingModules\LuaScriptModule\support\tolua++bin\obj\Debug\link.14048-cvtres.read.1.tlog
C:\SDKs\CEGUI-0.7.7\projects\premake\ScriptingModules\LuaScriptModule\support\tolua++bin\obj\Debug\link.14048-cvtres.write.1.tlog
C:\SDKs\CEGUI-0.7.7\projects\premake\ScriptingModules\LuaScriptModule\support\tolua++bin\obj\Debug\link.command.1.tlog
C:\SDKs\CEGUI-0.7.7\projects\premake\ScriptingModules\LuaScriptModule\support\tolua++bin\obj\Debug\link.read.1.tlog
C:\SDKs\CEGUI-0.7.7\projects\premake\ScriptingModules\LuaScriptModule\support\tolua++bin\obj\Debug\link.write.1.tlog
C:\SDKs\CEGUI-0.7.7\projects\premake\ScriptingModules\LuaScriptModule\support\tolua++bin\obj\Debug\link-cvtres.read.1.tlog
C:\SDKs\CEGUI-0.7.7\projects\premake\ScriptingModules\LuaScriptModule\support\tolua++bin\obj\Debug\link-cvtres.write.1.tlog
C:\SDKs\CEGUI-0.7.7\projects\premake\ScriptingModules\LuaScriptModule\support\tolua++bin\obj\Debug\mt.command.1.tlog
C:\SDKs\CEGUI-0.7.7\projects\premake\ScriptingModules\LuaScriptModule\support\tolua++bin\obj\Debug\mt.read.1.tlog
C:\SDKs\CEGUI-0.7.7\projects\premake\ScriptingModules\LuaScriptModule\support\tolua++bin\obj\Debug\mt.write.1.tlog
C:\SDKs\CEGUI-0.7.7\projects\premake\ScriptingModules\LuaScriptModule\support\tolua++bin\obj\Debug\rc.command.1.tlog
C:\SDKs\CEGUI-0.7.7\projects\premake\ScriptingModules\LuaScriptModule\support\tolua++bin\obj\Debug\rc.read.1.tlog
C:\SDKs\CEGUI-0.7.7\projects\premake\ScriptingModules\LuaScriptModule\support\tolua++bin\obj\Debug\rc.write.1.tlog
C:\SDKS\CEGUI-0.7.7\PROJECTS\PREMAKE\SCRIPTINGMODULES\LUASCRIPTMODULE\SUPPORT\TOLUA++BIN\OBJ\DEBUG\TOLUA.OBJ
C:\SDKS\CEGUI-0.7.7\PROJECTS\PREMAKE\SCRIPTINGMODULES\LUASCRIPTMODULE\SUPPORT\TOLUA++BIN\OBJ\DEBUG\TOLUA++CEGUI.EXE.EMBED.MANIFEST
C:\SDKS\CEGUI-0.7.7\PROJECTS\PREMAKE\SCRIPTINGMODULES\LUASCRIPTMODULE\SUPPORT\TOLUA++BIN\OBJ\DEBUG\TOLUA++CEGUI.EXE.EMBED.MANIFEST.RES
C:\SDKS\CEGUI-0.7.7\PROJECTS\PREMAKE\SCRIPTINGMODULES\LUASCRIPTMODULE\SUPPORT\TOLUA++BIN\OBJ\DEBUG\TOLUA++CEGUI.EXE.INTERMEDIATE.MANIFEST
C:\SDKs\CEGUI-0.7.7\projects\premake\ScriptingModules\LuaScriptModule\support\tolua++bin\obj\Debug\tolua++cegui.write.1.tlog
C:\SDKs\CEGUI-0.7.7\projects\premake\ScriptingModules\LuaScriptModule\support\tolua++bin\obj\Debug\tolua++cegui_manifest.rc
C:\SDKS\CEGUI-0.7.7\PROJECTS\PREMAKE\SCRIPTINGMODULES\LUASCRIPTMODULE\SUPPORT\TOLUA++BIN\OBJ\DEBUG\TOLUABIND.OBJ
C:\SDKs\CEGUI-0.7.7\projects\premake\ScriptingModules\LuaScriptModule\support\tolua++bin\obj\Debug\vc100.idb
C:\SDKS\CEGUI-0.7.7\PROJECTS\PREMAKE\SCRIPTINGMODULES\LUASCRIPTMODULE\SUPPORT\TOLUA++BIN\OBJ\DEBUG\VC100.PDB
