C:\SDKS\CEGUI-0.7.7\BIN\CEGUIFREEIMAGEIMAGECODEC_D.DLL
C:\SDKS\CEGUI-0.7.7\BIN\CEGUIFREEIMAGEIMAGECODEC_D.ILK
C:\SDKS\CEGUI-0.7.7\BIN\CEGUIFREEIMAGEIMAGECODEC_D.PDB
C:\SDKs\CEGUI-0.7.7\lib\CEGUIFreeImageImageCodec_d.exp
C:\SDKs\CEGUI-0.7.7\lib\CEGUIFreeImageImageCodec_d.lib
C:\SDKS\CEGUI-0.7.7\PROJECTS\PREMAKE\IMAGECODECMODULES\FREEIMAGEIMAGECODEC\OBJ\DEBUG\CEGUIFREEIMAGEIMAGECODEC.DLL.EMBED.MANIFEST
C:\SDKS\CEGUI-0.7.7\PROJECTS\PREMAKE\IMAGECODECMODULES\FREEIMAGEIMAGECODEC\OBJ\DEBUG\CEGUIFREEIMAGEIMAGECODEC.DLL.EMBED.MANIFEST.RES
C:\SDKS\CEGUI-0.7.7\PROJECTS\PREMAKE\IMAGECODECMODULES\FREEIMAGEIMAGECODEC\OBJ\DEBUG\CEGUIFREEIMAGEIMAGECODEC.DLL.INTERMEDIATE.MANIFEST
C:\SDKS\CEGUI-0.7.7\PROJECTS\PREMAKE\IMAGECODECMODULES\FREEIMAGEIMAGECODEC\OBJ\DEBUG\CEGUIFREEIMAGEIMAGECODEC.OBJ
C:\SDKs\CEGUI-0.7.7\projects\premake\ImageCodecModules\FreeImageImageCodec\obj\Debug\CEGUIFreeImageImageCodec.write.1.tlog
C:\SDKs\CEGUI-0.7.7\projects\premake\ImageCodecModules\FreeImageImageCodec\obj\Debug\CEGUIFreeImageImageCodec_manifest.rc
C:\SDKS\CEGUI-0.7.7\PROJECTS\PREMAKE\IMAGECODECMODULES\FREEIMAGEIMAGECODEC\OBJ\DEBUG\CEGUIFREEIMAGEIMAGECODECMODULE.OBJ
C:\SDKs\CEGUI-0.7.7\projects\premake\ImageCodecModules\FreeImageImageCodec\obj\Debug\cl.command.1.tlog
C:\SDKs\CEGUI-0.7.7\projects\premake\ImageCodecModules\FreeImageImageCodec\obj\Debug\CL.read.1.tlog
C:\SDKs\CEGUI-0.7.7\projects\premake\ImageCodecModules\FreeImageImageCodec\obj\Debug\CL.write.1.tlog
C:\SDKs\CEGUI-0.7.7\projects\premake\ImageCodecModules\FreeImageImageCodec\obj\Debug\link.13100.read.1.tlog
C:\SDKs\CEGUI-0.7.7\projects\premake\ImageCodecModules\FreeImageImageCodec\obj\Debug\link.13100.write.1.tlog
C:\SDKs\CEGUI-0.7.7\projects\premake\ImageCodecModules\FreeImageImageCodec\obj\Debug\link.13100-cvtres.read.1.tlog
C:\SDKs\CEGUI-0.7.7\projects\premake\ImageCodecModules\FreeImageImageCodec\obj\Debug\link.13100-cvtres.write.1.tlog
C:\SDKs\CEGUI-0.7.7\projects\premake\ImageCodecModules\FreeImageImageCodec\obj\Debug\link.command.1.tlog
C:\SDKs\CEGUI-0.7.7\projects\premake\ImageCodecModules\FreeImageImageCodec\obj\Debug\link.read.1.tlog
C:\SDKs\CEGUI-0.7.7\projects\premake\ImageCodecModules\FreeImageImageCodec\obj\Debug\link.write.1.tlog
C:\SDKs\CEGUI-0.7.7\projects\premake\ImageCodecModules\FreeImageImageCodec\obj\Debug\link-cvtres.read.1.tlog
C:\SDKs\CEGUI-0.7.7\projects\premake\ImageCodecModules\FreeImageImageCodec\obj\Debug\link-cvtres.write.1.tlog
C:\SDKs\CEGUI-0.7.7\projects\premake\ImageCodecModules\FreeImageImageCodec\obj\Debug\mt.command.1.tlog
C:\SDKs\CEGUI-0.7.7\projects\premake\ImageCodecModules\FreeImageImageCodec\obj\Debug\mt.read.1.tlog
C:\SDKs\CEGUI-0.7.7\projects\premake\ImageCodecModules\FreeImageImageCodec\obj\Debug\mt.write.1.tlog
C:\SDKs\CEGUI-0.7.7\projects\premake\ImageCodecModules\FreeImageImageCodec\obj\Debug\rc.command.1.tlog
C:\SDKs\CEGUI-0.7.7\projects\premake\ImageCodecModules\FreeImageImageCodec\obj\Debug\rc.read.1.tlog
C:\SDKs\CEGUI-0.7.7\projects\premake\ImageCodecModules\FreeImageImageCodec\obj\Debug\rc.write.1.tlog
C:\SDKs\CEGUI-0.7.7\projects\premake\ImageCodecModules\FreeImageImageCodec\obj\Debug\vc100.idb
C:\SDKS\CEGUI-0.7.7\PROJECTS\PREMAKE\IMAGECODECMODULES\FREEIMAGEIMAGECODEC\OBJ\DEBUG\VC100.PDB
