C:\SDKS\CEGUI-0.7.7\BIN\TOLUA++_D.DLL
C:\SDKS\CEGUI-0.7.7\BIN\TOLUA++_D.ILK
C:\SDKS\CEGUI-0.7.7\BIN\TOLUA++_D.PDB
C:\SDKs\CEGUI-0.7.7\lib\tolua++_d.exp
C:\SDKs\CEGUI-0.7.7\lib\tolua++_d.lib
C:\SDKs\CEGUI-0.7.7\projects\premake\ScriptingModules\LuaScriptModule\support\tolua++\obj\Debug\cl.command.1.tlog
C:\SDKs\CEGUI-0.7.7\projects\premake\ScriptingModules\LuaScriptModule\support\tolua++\obj\Debug\CL.read.1.tlog
C:\SDKs\CEGUI-0.7.7\projects\premake\ScriptingModules\LuaScriptModule\support\tolua++\obj\Debug\CL.write.1.tlog
C:\SDKs\CEGUI-0.7.7\projects\premake\ScriptingModules\LuaScriptModule\support\tolua++\obj\Debug\link.11500.read.1.tlog
C:\SDKs\CEGUI-0.7.7\projects\premake\ScriptingModules\LuaScriptModule\support\tolua++\obj\Debug\link.11500.write.1.tlog
C:\SDKs\CEGUI-0.7.7\projects\premake\ScriptingModules\LuaScriptModule\support\tolua++\obj\Debug\link.11500-cvtres.read.1.tlog
C:\SDKs\CEGUI-0.7.7\projects\premake\ScriptingModules\LuaScriptModule\support\tolua++\obj\Debug\link.11500-cvtres.write.1.tlog
C:\SDKs\CEGUI-0.7.7\projects\premake\ScriptingModules\LuaScriptModule\support\tolua++\obj\Debug\link.command.1.tlog
C:\SDKs\CEGUI-0.7.7\projects\premake\ScriptingModules\LuaScriptModule\support\tolua++\obj\Debug\link.read.1.tlog
C:\SDKs\CEGUI-0.7.7\projects\premake\ScriptingModules\LuaScriptModule\support\tolua++\obj\Debug\link.write.1.tlog
C:\SDKs\CEGUI-0.7.7\projects\premake\ScriptingModules\LuaScriptModule\support\tolua++\obj\Debug\link-cvtres.read.1.tlog
C:\SDKs\CEGUI-0.7.7\projects\premake\ScriptingModules\LuaScriptModule\support\tolua++\obj\Debug\link-cvtres.write.1.tlog
C:\SDKs\CEGUI-0.7.7\projects\premake\ScriptingModules\LuaScriptModule\support\tolua++\obj\Debug\mt.command.1.tlog
C:\SDKs\CEGUI-0.7.7\projects\premake\ScriptingModules\LuaScriptModule\support\tolua++\obj\Debug\mt.read.1.tlog
C:\SDKs\CEGUI-0.7.7\projects\premake\ScriptingModules\LuaScriptModule\support\tolua++\obj\Debug\mt.write.1.tlog
C:\SDKs\CEGUI-0.7.7\projects\premake\ScriptingModules\LuaScriptModule\support\tolua++\obj\Debug\rc.command.1.tlog
C:\SDKs\CEGUI-0.7.7\projects\premake\ScriptingModules\LuaScriptModule\support\tolua++\obj\Debug\rc.read.1.tlog
C:\SDKs\CEGUI-0.7.7\projects\premake\ScriptingModules\LuaScriptModule\support\tolua++\obj\Debug\rc.write.1.tlog
C:\SDKS\CEGUI-0.7.7\PROJECTS\PREMAKE\SCRIPTINGMODULES\LUASCRIPTMODULE\SUPPORT\TOLUA++\OBJ\DEBUG\TOLUA_EVENT.OBJ
C:\SDKS\CEGUI-0.7.7\PROJECTS\PREMAKE\SCRIPTINGMODULES\LUASCRIPTMODULE\SUPPORT\TOLUA++\OBJ\DEBUG\TOLUA_IS.OBJ
C:\SDKS\CEGUI-0.7.7\PROJECTS\PREMAKE\SCRIPTINGMODULES\LUASCRIPTMODULE\SUPPORT\TOLUA++\OBJ\DEBUG\TOLUA_MAP.OBJ
C:\SDKS\CEGUI-0.7.7\PROJECTS\PREMAKE\SCRIPTINGMODULES\LUASCRIPTMODULE\SUPPORT\TOLUA++\OBJ\DEBUG\TOLUA_PUSH.OBJ
C:\SDKS\CEGUI-0.7.7\PROJECTS\PREMAKE\SCRIPTINGMODULES\LUASCRIPTMODULE\SUPPORT\TOLUA++\OBJ\DEBUG\TOLUA_TO.OBJ
C:\SDKS\CEGUI-0.7.7\PROJECTS\PREMAKE\SCRIPTINGMODULES\LUASCRIPTMODULE\SUPPORT\TOLUA++\OBJ\DEBUG\TOLUA++.DLL.EMBED.MANIFEST
C:\SDKS\CEGUI-0.7.7\PROJECTS\PREMAKE\SCRIPTINGMODULES\LUASCRIPTMODULE\SUPPORT\TOLUA++\OBJ\DEBUG\TOLUA++.DLL.EMBED.MANIFEST.RES
C:\SDKS\CEGUI-0.7.7\PROJECTS\PREMAKE\SCRIPTINGMODULES\LUASCRIPTMODULE\SUPPORT\TOLUA++\OBJ\DEBUG\TOLUA++.DLL.INTERMEDIATE.MANIFEST
C:\SDKs\CEGUI-0.7.7\projects\premake\ScriptingModules\LuaScriptModule\support\tolua++\obj\Debug\tolua++.vcxprojResolveAssemblyReference.cache
C:\SDKs\CEGUI-0.7.7\projects\premake\ScriptingModules\LuaScriptModule\support\tolua++\obj\Debug\tolua++.write.1.tlog
C:\SDKs\CEGUI-0.7.7\projects\premake\ScriptingModules\LuaScriptModule\support\tolua++\obj\Debug\tolua++_manifest.rc
C:\SDKs\CEGUI-0.7.7\projects\premake\ScriptingModules\LuaScriptModule\support\tolua++\obj\Debug\vc100.idb
C:\SDKS\CEGUI-0.7.7\PROJECTS\PREMAKE\SCRIPTINGMODULES\LUASCRIPTMODULE\SUPPORT\TOLUA++\OBJ\DEBUG\VC100.PDB
