C:\SDKS\CEGUI-0.7.7\BIN\CEGUIDEVILIMAGECODEC_D.DLL
C:\SDKS\CEGUI-0.7.7\BIN\CEGUIDEVILIMAGECODEC_D.ILK
C:\SDKS\CEGUI-0.7.7\BIN\CEGUIDEVILIMAGECODEC_D.PDB
C:\SDKs\CEGUI-0.7.7\lib\CEGUIDevILImageCodec_d.exp
C:\SDKs\CEGUI-0.7.7\lib\CEGUIDevILImageCodec_d.lib
C:\SDKS\CEGUI-0.7.7\PROJECTS\PREMAKE\IMAGECODECMODULES\DEVILIMAGECODEC\OBJ\DEBUG\CEGUIDEVILIMAGECODEC.DLL.EMBED.MANIFEST
C:\SDKS\CEGUI-0.7.7\PROJECTS\PREMAKE\IMAGECODECMODULES\DEVILIMAGECODEC\OBJ\DEBUG\CEGUIDEVILIMAGECODEC.DLL.EMBED.MANIFEST.RES
C:\SDKS\CEGUI-0.7.7\PROJECTS\PREMAKE\IMAGECODECMODULES\DEVILIMAGECODEC\OBJ\DEBUG\CEGUIDEVILIMAGECODEC.DLL.INTERMEDIATE.MANIFEST
C:\SDKS\CEGUI-0.7.7\PROJECTS\PREMAKE\IMAGECODECMODULES\DEVILIMAGECODEC\OBJ\DEBUG\CEGUIDEVILIMAGECODEC.OBJ
C:\SDKs\CEGUI-0.7.7\projects\premake\ImageCodecModules\DevILImageCodec\obj\Debug\CEGUIDevILImageCodec.vcxprojResolveAssemblyReference.cache
C:\SDKs\CEGUI-0.7.7\projects\premake\ImageCodecModules\DevILImageCodec\obj\Debug\CEGUIDevILImageCodec.write.1.tlog
C:\SDKs\CEGUI-0.7.7\projects\premake\ImageCodecModules\DevILImageCodec\obj\Debug\CEGUIDevILImageCodec_manifest.rc
C:\SDKS\CEGUI-0.7.7\PROJECTS\PREMAKE\IMAGECODECMODULES\DEVILIMAGECODEC\OBJ\DEBUG\CEGUIDEVILIMAGECODECMODULE.OBJ
C:\SDKs\CEGUI-0.7.7\projects\premake\ImageCodecModules\DevILImageCodec\obj\Debug\cl.command.1.tlog
C:\SDKs\CEGUI-0.7.7\projects\premake\ImageCodecModules\DevILImageCodec\obj\Debug\CL.read.1.tlog
C:\SDKs\CEGUI-0.7.7\projects\premake\ImageCodecModules\DevILImageCodec\obj\Debug\CL.write.1.tlog
C:\SDKs\CEGUI-0.7.7\projects\premake\ImageCodecModules\DevILImageCodec\obj\Debug\link.11168.read.1.tlog
C:\SDKs\CEGUI-0.7.7\projects\premake\ImageCodecModules\DevILImageCodec\obj\Debug\link.11168.write.1.tlog
C:\SDKs\CEGUI-0.7.7\projects\premake\ImageCodecModules\DevILImageCodec\obj\Debug\link.11168-cvtres.read.1.tlog
C:\SDKs\CEGUI-0.7.7\projects\premake\ImageCodecModules\DevILImageCodec\obj\Debug\link.11168-cvtres.write.1.tlog
C:\SDKs\CEGUI-0.7.7\projects\premake\ImageCodecModules\DevILImageCodec\obj\Debug\link.command.1.tlog
C:\SDKs\CEGUI-0.7.7\projects\premake\ImageCodecModules\DevILImageCodec\obj\Debug\link.read.1.tlog
C:\SDKs\CEGUI-0.7.7\projects\premake\ImageCodecModules\DevILImageCodec\obj\Debug\link.write.1.tlog
C:\SDKs\CEGUI-0.7.7\projects\premake\ImageCodecModules\DevILImageCodec\obj\Debug\link-cvtres.read.1.tlog
C:\SDKs\CEGUI-0.7.7\projects\premake\ImageCodecModules\DevILImageCodec\obj\Debug\link-cvtres.write.1.tlog
C:\SDKs\CEGUI-0.7.7\projects\premake\ImageCodecModules\DevILImageCodec\obj\Debug\mt.command.1.tlog
C:\SDKs\CEGUI-0.7.7\projects\premake\ImageCodecModules\DevILImageCodec\obj\Debug\mt.read.1.tlog
C:\SDKs\CEGUI-0.7.7\projects\premake\ImageCodecModules\DevILImageCodec\obj\Debug\mt.write.1.tlog
C:\SDKs\CEGUI-0.7.7\projects\premake\ImageCodecModules\DevILImageCodec\obj\Debug\rc.command.1.tlog
C:\SDKs\CEGUI-0.7.7\projects\premake\ImageCodecModules\DevILImageCodec\obj\Debug\rc.read.1.tlog
C:\SDKs\CEGUI-0.7.7\projects\premake\ImageCodecModules\DevILImageCodec\obj\Debug\rc.write.1.tlog
C:\SDKs\CEGUI-0.7.7\projects\premake\ImageCodecModules\DevILImageCodec\obj\Debug\vc100.idb
C:\SDKS\CEGUI-0.7.7\PROJECTS\PREMAKE\IMAGECODECMODULES\DEVILIMAGECODEC\OBJ\DEBUG\VC100.PDB
