C:\SDKS\CEGUI-0.7.7\BIN\CEGUIBASE_D.DLL
C:\SDKS\CEGUI-0.7.7\BIN\CEGUIBASE_D.ILK
C:\SDKS\CEGUI-0.7.7\BIN\CEGUIBASE_D.PDB
C:\SDKs\CEGUI-0.7.7\lib\CEGUIBase_d.exp
C:\SDKs\CEGUI-0.7.7\lib\CEGUIBase_d.lib
C:\SDKS\CEGUI-0.7.7\PROJECTS\PREMAKE\BASESYSTEM\OBJ\DEBUG\CEGUIAFFECTOR.OBJ
C:\SDKS\CEGUI-0.7.7\PROJECTS\PREMAKE\BASESYSTEM\OBJ\DEBUG\CEGUIANIMATION.OBJ
C:\SDKS\CEGUI-0.7.7\PROJECTS\PREMAKE\BASESYSTEM\OBJ\DEBUG\CEGUIANIMATION_XMLHANDLER.OBJ
C:\SDKS\CEGUI-0.7.7\PROJECTS\PREMAKE\BASESYSTEM\OBJ\DEBUG\CEGUIANIMATIONINSTANCE.OBJ
C:\SDKS\CEGUI-0.7.7\PROJECTS\PREMAKE\BASESYSTEM\OBJ\DEBUG\CEGUIANIMATIONMANAGER.OBJ
C:\SDKS\CEGUI-0.7.7\PROJECTS\PREMAKE\BASESYSTEM\OBJ\DEBUG\CEGUIBASE.DLL.EMBED.MANIFEST
C:\SDKS\CEGUI-0.7.7\PROJECTS\PREMAKE\BASESYSTEM\OBJ\DEBUG\CEGUIBASE.DLL.EMBED.MANIFEST.RES
C:\SDKS\CEGUI-0.7.7\PROJECTS\PREMAKE\BASESYSTEM\OBJ\DEBUG\CEGUIBASE.DLL.INTERMEDIATE.MANIFEST
C:\SDKS\CEGUI-0.7.7\PROJECTS\PREMAKE\BASESYSTEM\OBJ\DEBUG\CEGUIBASE.OBJ
C:\SDKs\CEGUI-0.7.7\projects\premake\BaseSystem\obj\Debug\CEGUIBase.write.1.tlog
C:\SDKs\CEGUI-0.7.7\projects\premake\BaseSystem\obj\Debug\CEGUIBase_manifest.rc
C:\SDKS\CEGUI-0.7.7\PROJECTS\PREMAKE\BASESYSTEM\OBJ\DEBUG\CEGUIBASICINTERPOLATORS.OBJ
C:\SDKS\CEGUI-0.7.7\PROJECTS\PREMAKE\BASESYSTEM\OBJ\DEBUG\CEGUIBASICRENDEREDSTRINGPARSER.OBJ
C:\SDKS\CEGUI-0.7.7\PROJECTS\PREMAKE\BASESYSTEM\OBJ\DEBUG\CEGUIBIDIVISUALMAPPING.OBJ
C:\SDKS\CEGUI-0.7.7\PROJECTS\PREMAKE\BASESYSTEM\OBJ\DEBUG\CEGUIBOUNDSLOT.OBJ
C:\SDKS\CEGUI-0.7.7\PROJECTS\PREMAKE\BASESYSTEM\OBJ\DEBUG\CEGUIBUTTONBASE.OBJ
C:\SDKS\CEGUI-0.7.7\PROJECTS\PREMAKE\BASESYSTEM\OBJ\DEBUG\CEGUICENTREDRENDEREDSTRING.OBJ
C:\SDKS\CEGUI-0.7.7\PROJECTS\PREMAKE\BASESYSTEM\OBJ\DEBUG\CEGUICHAINEDXMLHANDLER.OBJ
C:\SDKS\CEGUI-0.7.7\PROJECTS\PREMAKE\BASESYSTEM\OBJ\DEBUG\CEGUICHECKBOX.OBJ
C:\SDKS\CEGUI-0.7.7\PROJECTS\PREMAKE\BASESYSTEM\OBJ\DEBUG\CEGUICHECKBOXPROPERTIES.OBJ
C:\SDKS\CEGUI-0.7.7\PROJECTS\PREMAKE\BASESYSTEM\OBJ\DEBUG\CEGUICLIPPEDCONTAINER.OBJ
C:\SDKS\CEGUI-0.7.7\PROJECTS\PREMAKE\BASESYSTEM\OBJ\DEBUG\CEGUICOLOUR.OBJ
C:\SDKS\CEGUI-0.7.7\PROJECTS\PREMAKE\BASESYSTEM\OBJ\DEBUG\CEGUICOLOURRECT.OBJ
C:\SDKS\CEGUI-0.7.7\PROJECTS\PREMAKE\BASESYSTEM\OBJ\DEBUG\CEGUICOMBOBOX.OBJ
C:\SDKS\CEGUI-0.7.7\PROJECTS\PREMAKE\BASESYSTEM\OBJ\DEBUG\CEGUICOMBOBOXPROPERTIES.OBJ
C:\SDKS\CEGUI-0.7.7\PROJECTS\PREMAKE\BASESYSTEM\OBJ\DEBUG\CEGUICOMBODROPLIST.OBJ
C:\SDKS\CEGUI-0.7.7\PROJECTS\PREMAKE\BASESYSTEM\OBJ\DEBUG\CEGUICONFIG_XMLHANDLER.OBJ
C:\SDKS\CEGUI-0.7.7\PROJECTS\PREMAKE\BASESYSTEM\OBJ\DEBUG\CEGUICOORDCONVERTER.OBJ
C:\SDKS\CEGUI-0.7.7\PROJECTS\PREMAKE\BASESYSTEM\OBJ\DEBUG\CEGUIDATACONTAINER.OBJ
C:\SDKS\CEGUI-0.7.7\PROJECTS\PREMAKE\BASESYSTEM\OBJ\DEBUG\CEGUIDEFAULTLOGGER.OBJ
C:\SDKS\CEGUI-0.7.7\PROJECTS\PREMAKE\BASESYSTEM\OBJ\DEBUG\CEGUIDEFAULTRENDEREDSTRINGPARSER.OBJ
C:\SDKS\CEGUI-0.7.7\PROJECTS\PREMAKE\BASESYSTEM\OBJ\DEBUG\CEGUIDEFAULTRESOURCEPROVIDER.OBJ
C:\SDKS\CEGUI-0.7.7\PROJECTS\PREMAKE\BASESYSTEM\OBJ\DEBUG\CEGUIDRAGCONTAINER.OBJ
C:\SDKS\CEGUI-0.7.7\PROJECTS\PREMAKE\BASESYSTEM\OBJ\DEBUG\CEGUIDRAGCONTAINERPROPERTIES.OBJ
C:\SDKS\CEGUI-0.7.7\PROJECTS\PREMAKE\BASESYSTEM\OBJ\DEBUG\CEGUIDYNAMICMODULE.OBJ
C:\SDKS\CEGUI-0.7.7\PROJECTS\PREMAKE\BASESYSTEM\OBJ\DEBUG\CEGUIEDITBOX.OBJ
C:\SDKS\CEGUI-0.7.7\PROJECTS\PREMAKE\BASESYSTEM\OBJ\DEBUG\CEGUIEDITBOXPROPERTIES.OBJ
C:\SDKS\CEGUI-0.7.7\PROJECTS\PREMAKE\BASESYSTEM\OBJ\DEBUG\CEGUIEVENT.OBJ
C:\SDKS\CEGUI-0.7.7\PROJECTS\PREMAKE\BASESYSTEM\OBJ\DEBUG\CEGUIEVENTARGS.OBJ
C:\SDKS\CEGUI-0.7.7\PROJECTS\PREMAKE\BASESYSTEM\OBJ\DEBUG\CEGUIEVENTSET.OBJ
C:\SDKS\CEGUI-0.7.7\PROJECTS\PREMAKE\BASESYSTEM\OBJ\DEBUG\CEGUIEVENTSIGNAL.OBJ
C:\SDKS\CEGUI-0.7.7\PROJECTS\PREMAKE\BASESYSTEM\OBJ\DEBUG\CEGUIEVENTSIGNALSET.OBJ
C:\SDKS\CEGUI-0.7.7\PROJECTS\PREMAKE\BASESYSTEM\OBJ\DEBUG\CEGUIEXCEPTIONS.OBJ
C:\SDKS\CEGUI-0.7.7\PROJECTS\PREMAKE\BASESYSTEM\OBJ\DEBUG\CEGUIFACTORYMODULE.OBJ
C:\SDKS\CEGUI-0.7.7\PROJECTS\PREMAKE\BASESYSTEM\OBJ\DEBUG\CEGUIFALAGARD_XMLHANDLER.OBJ
C:\SDKS\CEGUI-0.7.7\PROJECTS\PREMAKE\BASESYSTEM\OBJ\DEBUG\CEGUIFALCOMPONENTBASE.OBJ
C:\SDKS\CEGUI-0.7.7\PROJECTS\PREMAKE\BASESYSTEM\OBJ\DEBUG\CEGUIFALDIMENSIONS.OBJ
C:\SDKS\CEGUI-0.7.7\PROJECTS\PREMAKE\BASESYSTEM\OBJ\DEBUG\CEGUIFALFRAMECOMPONENT.OBJ
C:\SDKS\CEGUI-0.7.7\PROJECTS\PREMAKE\BASESYSTEM\OBJ\DEBUG\CEGUIFALIMAGERYCOMPONENT.OBJ
C:\SDKS\CEGUI-0.7.7\PROJECTS\PREMAKE\BASESYSTEM\OBJ\DEBUG\CEGUIFALIMAGERYSECTION.OBJ
C:\SDKS\CEGUI-0.7.7\PROJECTS\PREMAKE\BASESYSTEM\OBJ\DEBUG\CEGUIFALLAYERSPECIFICATION.OBJ
C:\SDKS\CEGUI-0.7.7\PROJECTS\PREMAKE\BASESYSTEM\OBJ\DEBUG\CEGUIFALNAMEDAREA.OBJ
C:\SDKS\CEGUI-0.7.7\PROJECTS\PREMAKE\BASESYSTEM\OBJ\DEBUG\CEGUIFALPROPERTYDEFINITION.OBJ
C:\SDKS\CEGUI-0.7.7\PROJECTS\PREMAKE\BASESYSTEM\OBJ\DEBUG\CEGUIFALPROPERTYDEFINITIONBASE.OBJ
C:\SDKS\CEGUI-0.7.7\PROJECTS\PREMAKE\BASESYSTEM\OBJ\DEBUG\CEGUIFALPROPERTYINITIALISER.OBJ
C:\SDKS\CEGUI-0.7.7\PROJECTS\PREMAKE\BASESYSTEM\OBJ\DEBUG\CEGUIFALPROPERTYLINKDEFINITION.OBJ
C:\SDKS\CEGUI-0.7.7\PROJECTS\PREMAKE\BASESYSTEM\OBJ\DEBUG\CEGUIFALSECTIONSPECIFICATION.OBJ
C:\SDKS\CEGUI-0.7.7\PROJECTS\PREMAKE\BASESYSTEM\OBJ\DEBUG\CEGUIFALSTATEIMAGERY.OBJ
C:\SDKS\CEGUI-0.7.7\PROJECTS\PREMAKE\BASESYSTEM\OBJ\DEBUG\CEGUIFALTEXTCOMPONENT.OBJ
C:\SDKS\CEGUI-0.7.7\PROJECTS\PREMAKE\BASESYSTEM\OBJ\DEBUG\CEGUIFALWIDGETCOMPONENT.OBJ
C:\SDKS\CEGUI-0.7.7\PROJECTS\PREMAKE\BASESYSTEM\OBJ\DEBUG\CEGUIFALWIDGETLOOKFEEL.OBJ
C:\SDKS\CEGUI-0.7.7\PROJECTS\PREMAKE\BASESYSTEM\OBJ\DEBUG\CEGUIFALWIDGETLOOKMANAGER.OBJ
C:\SDKS\CEGUI-0.7.7\PROJECTS\PREMAKE\BASESYSTEM\OBJ\DEBUG\CEGUIFALXMLENUMHELPER.OBJ
C:\SDKS\CEGUI-0.7.7\PROJECTS\PREMAKE\BASESYSTEM\OBJ\DEBUG\CEGUIFONT.OBJ
C:\SDKS\CEGUI-0.7.7\PROJECTS\PREMAKE\BASESYSTEM\OBJ\DEBUG\CEGUIFONT_XMLHANDLER.OBJ
C:\SDKS\CEGUI-0.7.7\PROJECTS\PREMAKE\BASESYSTEM\OBJ\DEBUG\CEGUIFONTMANAGER.OBJ
C:\SDKS\CEGUI-0.7.7\PROJECTS\PREMAKE\BASESYSTEM\OBJ\DEBUG\CEGUIFONTPROPERTIES.OBJ
C:\SDKS\CEGUI-0.7.7\PROJECTS\PREMAKE\BASESYSTEM\OBJ\DEBUG\CEGUIFORMATTEDRENDEREDSTRING.OBJ
C:\SDKS\CEGUI-0.7.7\PROJECTS\PREMAKE\BASESYSTEM\OBJ\DEBUG\CEGUIFRAMEWINDOW.OBJ
C:\SDKS\CEGUI-0.7.7\PROJECTS\PREMAKE\BASESYSTEM\OBJ\DEBUG\CEGUIFRAMEWINDOWPROPERTIES.OBJ
C:\SDKS\CEGUI-0.7.7\PROJECTS\PREMAKE\BASESYSTEM\OBJ\DEBUG\CEGUIFREETYPEFONT.OBJ
C:\SDKS\CEGUI-0.7.7\PROJECTS\PREMAKE\BASESYSTEM\OBJ\DEBUG\CEGUIGEOMETRYBUFFER.OBJ
C:\SDKS\CEGUI-0.7.7\PROJECTS\PREMAKE\BASESYSTEM\OBJ\DEBUG\CEGUIGLOBALEVENTSET.OBJ
C:\SDKS\CEGUI-0.7.7\PROJECTS\PREMAKE\BASESYSTEM\OBJ\DEBUG\CEGUIGRIDLAYOUTCONTAINER.OBJ
C:\SDKS\CEGUI-0.7.7\PROJECTS\PREMAKE\BASESYSTEM\OBJ\DEBUG\CEGUIGRIDLAYOUTCONTAINERPROPERTIES.OBJ
C:\SDKS\CEGUI-0.7.7\PROJECTS\PREMAKE\BASESYSTEM\OBJ\DEBUG\CEGUIGROUPBOX.OBJ
C:\SDKS\CEGUI-0.7.7\PROJECTS\PREMAKE\BASESYSTEM\OBJ\DEBUG\CEGUIGUILAYOUT_XMLHANDLER.OBJ
C:\SDKS\CEGUI-0.7.7\PROJECTS\PREMAKE\BASESYSTEM\OBJ\DEBUG\CEGUIGUISHEET.OBJ
C:\SDKS\CEGUI-0.7.7\PROJECTS\PREMAKE\BASESYSTEM\OBJ\DEBUG\CEGUIHORIZONTALLAYOUTCONTAINER.OBJ
C:\SDKS\CEGUI-0.7.7\PROJECTS\PREMAKE\BASESYSTEM\OBJ\DEBUG\CEGUIIMAGE.OBJ
C:\SDKS\CEGUI-0.7.7\PROJECTS\PREMAKE\BASESYSTEM\OBJ\DEBUG\CEGUIIMAGECODEC.OBJ
C:\SDKS\CEGUI-0.7.7\PROJECTS\PREMAKE\BASESYSTEM\OBJ\DEBUG\CEGUIIMAGESET.OBJ
C:\SDKS\CEGUI-0.7.7\PROJECTS\PREMAKE\BASESYSTEM\OBJ\DEBUG\CEGUIIMAGESET_XMLHANDLER.OBJ
C:\SDKS\CEGUI-0.7.7\PROJECTS\PREMAKE\BASESYSTEM\OBJ\DEBUG\CEGUIIMAGESETMANAGER.OBJ
C:\SDKS\CEGUI-0.7.7\PROJECTS\PREMAKE\BASESYSTEM\OBJ\DEBUG\CEGUIITEMENTRY.OBJ
C:\SDKS\CEGUI-0.7.7\PROJECTS\PREMAKE\BASESYSTEM\OBJ\DEBUG\CEGUIITEMENTRYPROPERTIES.OBJ
C:\SDKS\CEGUI-0.7.7\PROJECTS\PREMAKE\BASESYSTEM\OBJ\DEBUG\CEGUIITEMLISTBASE.OBJ
C:\SDKS\CEGUI-0.7.7\PROJECTS\PREMAKE\BASESYSTEM\OBJ\DEBUG\CEGUIITEMLISTBASEPROPERTIES.OBJ
C:\SDKS\CEGUI-0.7.7\PROJECTS\PREMAKE\BASESYSTEM\OBJ\DEBUG\CEGUIITEMLISTBOX.OBJ
C:\SDKS\CEGUI-0.7.7\PROJECTS\PREMAKE\BASESYSTEM\OBJ\DEBUG\CEGUIITEMLISTBOXPROPERTIES.OBJ
C:\SDKS\CEGUI-0.7.7\PROJECTS\PREMAKE\BASESYSTEM\OBJ\DEBUG\CEGUIJUSTIFIEDRENDEREDSTRING.OBJ
C:\SDKS\CEGUI-0.7.7\PROJECTS\PREMAKE\BASESYSTEM\OBJ\DEBUG\CEGUIJUSTIFIEDRENDEREDSTRINGWORDWRAPPER.OBJ
C:\SDKS\CEGUI-0.7.7\PROJECTS\PREMAKE\BASESYSTEM\OBJ\DEBUG\CEGUIKEYFRAME.OBJ
C:\SDKS\CEGUI-0.7.7\PROJECTS\PREMAKE\BASESYSTEM\OBJ\DEBUG\CEGUILAYOUTCONTAINER.OBJ
C:\SDKS\CEGUI-0.7.7\PROJECTS\PREMAKE\BASESYSTEM\OBJ\DEBUG\CEGUILEFTALIGNEDRENDEREDSTRING.OBJ
C:\SDKS\CEGUI-0.7.7\PROJECTS\PREMAKE\BASESYSTEM\OBJ\DEBUG\CEGUILISTBOX.OBJ
C:\SDKS\CEGUI-0.7.7\PROJECTS\PREMAKE\BASESYSTEM\OBJ\DEBUG\CEGUILISTBOXITEM.OBJ
C:\SDKS\CEGUI-0.7.7\PROJECTS\PREMAKE\BASESYSTEM\OBJ\DEBUG\CEGUILISTBOXPROPERTIES.OBJ
C:\SDKS\CEGUI-0.7.7\PROJECTS\PREMAKE\BASESYSTEM\OBJ\DEBUG\CEGUILISTBOXTEXTITEM.OBJ
C:\SDKS\CEGUI-0.7.7\PROJECTS\PREMAKE\BASESYSTEM\OBJ\DEBUG\CEGUILISTHEADER.OBJ
C:\SDKS\CEGUI-0.7.7\PROJECTS\PREMAKE\BASESYSTEM\OBJ\DEBUG\CEGUILISTHEADERPROPERTIES.OBJ
C:\SDKS\CEGUI-0.7.7\PROJECTS\PREMAKE\BASESYSTEM\OBJ\DEBUG\CEGUILISTHEADERSEGMENT.OBJ
C:\SDKS\CEGUI-0.7.7\PROJECTS\PREMAKE\BASESYSTEM\OBJ\DEBUG\CEGUILISTHEADERSEGMENTPROPERTIES.OBJ
C:\SDKS\CEGUI-0.7.7\PROJECTS\PREMAKE\BASESYSTEM\OBJ\DEBUG\CEGUILOGGER.OBJ
C:\SDKS\CEGUI-0.7.7\PROJECTS\PREMAKE\BASESYSTEM\OBJ\DEBUG\CEGUIMENUBAR.OBJ
C:\SDKS\CEGUI-0.7.7\PROJECTS\PREMAKE\BASESYSTEM\OBJ\DEBUG\CEGUIMENUBASE.OBJ
C:\SDKS\CEGUI-0.7.7\PROJECTS\PREMAKE\BASESYSTEM\OBJ\DEBUG\CEGUIMENUBASEPROPERTIES.OBJ
C:\SDKS\CEGUI-0.7.7\PROJECTS\PREMAKE\BASESYSTEM\OBJ\DEBUG\CEGUIMENUITEM.OBJ
C:\SDKS\CEGUI-0.7.7\PROJECTS\PREMAKE\BASESYSTEM\OBJ\DEBUG\CEGUIMENUITEMPROPERTIES.OBJ
C:\SDKS\CEGUI-0.7.7\PROJECTS\PREMAKE\BASESYSTEM\OBJ\DEBUG\CEGUIMINIZIPRESOURCEPROVIDER.OBJ
C:\SDKS\CEGUI-0.7.7\PROJECTS\PREMAKE\BASESYSTEM\OBJ\DEBUG\CEGUIMOUSECURSOR.OBJ
C:\SDKS\CEGUI-0.7.7\PROJECTS\PREMAKE\BASESYSTEM\OBJ\DEBUG\CEGUIMULTICOLUMNLIST.OBJ
C:\SDKS\CEGUI-0.7.7\PROJECTS\PREMAKE\BASESYSTEM\OBJ\DEBUG\CEGUIMULTICOLUMNLISTPROPERTIES.OBJ
C:\SDKS\CEGUI-0.7.7\PROJECTS\PREMAKE\BASESYSTEM\OBJ\DEBUG\CEGUIMULTILINEEDITBOX.OBJ
C:\SDKS\CEGUI-0.7.7\PROJECTS\PREMAKE\BASESYSTEM\OBJ\DEBUG\CEGUIMULTILINEEDITBOXPROPERTIES.OBJ
C:\SDKS\CEGUI-0.7.7\PROJECTS\PREMAKE\BASESYSTEM\OBJ\DEBUG\CEGUINAMEDXMLRESOURCEMANAGER.OBJ
C:\SDKS\CEGUI-0.7.7\PROJECTS\PREMAKE\BASESYSTEM\OBJ\DEBUG\CEGUIPCREREGEXMATCHER.OBJ
C:\SDKS\CEGUI-0.7.7\PROJECTS\PREMAKE\BASESYSTEM\OBJ\DEBUG\CEGUIPIXMAPFONT.OBJ
C:\SDKS\CEGUI-0.7.7\PROJECTS\PREMAKE\BASESYSTEM\OBJ\DEBUG\CEGUIPOPUPMENU.OBJ
C:\SDKS\CEGUI-0.7.7\PROJECTS\PREMAKE\BASESYSTEM\OBJ\DEBUG\CEGUIPOPUPMENUPROPERTIES.OBJ
C:\SDKS\CEGUI-0.7.7\PROJECTS\PREMAKE\BASESYSTEM\OBJ\DEBUG\CEGUIPROGRESSBAR.OBJ
C:\SDKS\CEGUI-0.7.7\PROJECTS\PREMAKE\BASESYSTEM\OBJ\DEBUG\CEGUIPROGRESSBARPROPERTIES.OBJ
C:\SDKS\CEGUI-0.7.7\PROJECTS\PREMAKE\BASESYSTEM\OBJ\DEBUG\CEGUIPROPERTY.OBJ
C:\SDKS\CEGUI-0.7.7\PROJECTS\PREMAKE\BASESYSTEM\OBJ\DEBUG\CEGUIPROPERTYHELPER.OBJ
C:\SDKS\CEGUI-0.7.7\PROJECTS\PREMAKE\BASESYSTEM\OBJ\DEBUG\CEGUIPROPERTYSET.OBJ
C:\SDKS\CEGUI-0.7.7\PROJECTS\PREMAKE\BASESYSTEM\OBJ\DEBUG\CEGUIPUSHBUTTON.OBJ
C:\SDKS\CEGUI-0.7.7\PROJECTS\PREMAKE\BASESYSTEM\OBJ\DEBUG\CEGUIRADIOBUTTON.OBJ
C:\SDKS\CEGUI-0.7.7\PROJECTS\PREMAKE\BASESYSTEM\OBJ\DEBUG\CEGUIRADIOBUTTONPROPERTIES.OBJ
C:\SDKS\CEGUI-0.7.7\PROJECTS\PREMAKE\BASESYSTEM\OBJ\DEBUG\CEGUIRECT.OBJ
C:\SDKS\CEGUI-0.7.7\PROJECTS\PREMAKE\BASESYSTEM\OBJ\DEBUG\CEGUIRENDEREDSTRING.OBJ
C:\SDKS\CEGUI-0.7.7\PROJECTS\PREMAKE\BASESYSTEM\OBJ\DEBUG\CEGUIRENDEREDSTRINGCOMPONENT.OBJ
C:\SDKS\CEGUI-0.7.7\PROJECTS\PREMAKE\BASESYSTEM\OBJ\DEBUG\CEGUIRENDEREDSTRINGIMAGECOMPONENT.OBJ
C:\SDKS\CEGUI-0.7.7\PROJECTS\PREMAKE\BASESYSTEM\OBJ\DEBUG\CEGUIRENDEREDSTRINGTEXTCOMPONENT.OBJ
C:\SDKS\CEGUI-0.7.7\PROJECTS\PREMAKE\BASESYSTEM\OBJ\DEBUG\CEGUIRENDEREDSTRINGWIDGETCOMPONENT.OBJ
C:\SDKS\CEGUI-0.7.7\PROJECTS\PREMAKE\BASESYSTEM\OBJ\DEBUG\CEGUIRENDEREFFECTMANAGER.OBJ
C:\SDKS\CEGUI-0.7.7\PROJECTS\PREMAKE\BASESYSTEM\OBJ\DEBUG\CEGUIRENDERINGROOT.OBJ
C:\SDKS\CEGUI-0.7.7\PROJECTS\PREMAKE\BASESYSTEM\OBJ\DEBUG\CEGUIRENDERINGSURFACE.OBJ
C:\SDKS\CEGUI-0.7.7\PROJECTS\PREMAKE\BASESYSTEM\OBJ\DEBUG\CEGUIRENDERINGWINDOW.OBJ
C:\SDKS\CEGUI-0.7.7\PROJECTS\PREMAKE\BASESYSTEM\OBJ\DEBUG\CEGUIRENDERQUEUE.OBJ
C:\SDKS\CEGUI-0.7.7\PROJECTS\PREMAKE\BASESYSTEM\OBJ\DEBUG\CEGUIRIGHTALIGNEDRENDEREDSTRING.OBJ
C:\SDKS\CEGUI-0.7.7\PROJECTS\PREMAKE\BASESYSTEM\OBJ\DEBUG\CEGUISCHEME.OBJ
C:\SDKS\CEGUI-0.7.7\PROJECTS\PREMAKE\BASESYSTEM\OBJ\DEBUG\CEGUISCHEME_XMLHANDLER.OBJ
C:\SDKS\CEGUI-0.7.7\PROJECTS\PREMAKE\BASESYSTEM\OBJ\DEBUG\CEGUISCHEMEMANAGER.OBJ
C:\SDKS\CEGUI-0.7.7\PROJECTS\PREMAKE\BASESYSTEM\OBJ\DEBUG\CEGUISCRIPTMODULE.OBJ
C:\SDKS\CEGUI-0.7.7\PROJECTS\PREMAKE\BASESYSTEM\OBJ\DEBUG\CEGUISCROLLABLEPANE.OBJ
C:\SDKS\CEGUI-0.7.7\PROJECTS\PREMAKE\BASESYSTEM\OBJ\DEBUG\CEGUISCROLLABLEPANEPROPERTIES.OBJ
C:\SDKS\CEGUI-0.7.7\PROJECTS\PREMAKE\BASESYSTEM\OBJ\DEBUG\CEGUISCROLLBAR.OBJ
C:\SDKS\CEGUI-0.7.7\PROJECTS\PREMAKE\BASESYSTEM\OBJ\DEBUG\CEGUISCROLLBARPROPERTIES.OBJ
C:\SDKS\CEGUI-0.7.7\PROJECTS\PREMAKE\BASESYSTEM\OBJ\DEBUG\CEGUISCROLLEDCONTAINER.OBJ
C:\SDKS\CEGUI-0.7.7\PROJECTS\PREMAKE\BASESYSTEM\OBJ\DEBUG\CEGUISCROLLEDCONTAINERPROPERTIES.OBJ
C:\SDKS\CEGUI-0.7.7\PROJECTS\PREMAKE\BASESYSTEM\OBJ\DEBUG\CEGUISCROLLEDITEMLISTBASE.OBJ
C:\SDKS\CEGUI-0.7.7\PROJECTS\PREMAKE\BASESYSTEM\OBJ\DEBUG\CEGUISCROLLEDITEMLISTBASEPROPERTIES.OBJ
C:\SDKS\CEGUI-0.7.7\PROJECTS\PREMAKE\BASESYSTEM\OBJ\DEBUG\CEGUISEQUENTIALLAYOUTCONTAINER.OBJ
C:\SDKS\CEGUI-0.7.7\PROJECTS\PREMAKE\BASESYSTEM\OBJ\DEBUG\CEGUISIZE.OBJ
C:\SDKS\CEGUI-0.7.7\PROJECTS\PREMAKE\BASESYSTEM\OBJ\DEBUG\CEGUISLIDER.OBJ
C:\SDKS\CEGUI-0.7.7\PROJECTS\PREMAKE\BASESYSTEM\OBJ\DEBUG\CEGUISLIDERPROPERTIES.OBJ
C:\SDKS\CEGUI-0.7.7\PROJECTS\PREMAKE\BASESYSTEM\OBJ\DEBUG\CEGUISPINNER.OBJ
C:\SDKS\CEGUI-0.7.7\PROJECTS\PREMAKE\BASESYSTEM\OBJ\DEBUG\CEGUISPINNERPROPERTIES.OBJ
C:\SDKS\CEGUI-0.7.7\PROJECTS\PREMAKE\BASESYSTEM\OBJ\DEBUG\CEGUISTRING.OBJ
C:\SDKS\CEGUI-0.7.7\PROJECTS\PREMAKE\BASESYSTEM\OBJ\DEBUG\CEGUISUBSCRIBERSLOT.OBJ
C:\SDKS\CEGUI-0.7.7\PROJECTS\PREMAKE\BASESYSTEM\OBJ\DEBUG\CEGUISYSTEM.OBJ
C:\SDKS\CEGUI-0.7.7\PROJECTS\PREMAKE\BASESYSTEM\OBJ\DEBUG\CEGUITABBUTTON.OBJ
C:\SDKS\CEGUI-0.7.7\PROJECTS\PREMAKE\BASESYSTEM\OBJ\DEBUG\CEGUITABCONTROL.OBJ
C:\SDKS\CEGUI-0.7.7\PROJECTS\PREMAKE\BASESYSTEM\OBJ\DEBUG\CEGUITABCONTROLPROPERTIES.OBJ
C:\SDKS\CEGUI-0.7.7\PROJECTS\PREMAKE\BASESYSTEM\OBJ\DEBUG\CEGUITEXTUTILS.OBJ
C:\SDKS\CEGUI-0.7.7\PROJECTS\PREMAKE\BASESYSTEM\OBJ\DEBUG\CEGUITHUMB.OBJ
C:\SDKS\CEGUI-0.7.7\PROJECTS\PREMAKE\BASESYSTEM\OBJ\DEBUG\CEGUITHUMBPROPERTIES.OBJ
C:\SDKS\CEGUI-0.7.7\PROJECTS\PREMAKE\BASESYSTEM\OBJ\DEBUG\CEGUITITLEBAR.OBJ
C:\SDKS\CEGUI-0.7.7\PROJECTS\PREMAKE\BASESYSTEM\OBJ\DEBUG\CEGUITITLEBARPROPERTIES.OBJ
C:\SDKS\CEGUI-0.7.7\PROJECTS\PREMAKE\BASESYSTEM\OBJ\DEBUG\CEGUITOOLTIP.OBJ
C:\SDKS\CEGUI-0.7.7\PROJECTS\PREMAKE\BASESYSTEM\OBJ\DEBUG\CEGUITOOLTIPPROPERTIES.OBJ
C:\SDKS\CEGUI-0.7.7\PROJECTS\PREMAKE\BASESYSTEM\OBJ\DEBUG\CEGUITREE.OBJ
C:\SDKS\CEGUI-0.7.7\PROJECTS\PREMAKE\BASESYSTEM\OBJ\DEBUG\CEGUITREEITEM.OBJ
C:\SDKS\CEGUI-0.7.7\PROJECTS\PREMAKE\BASESYSTEM\OBJ\DEBUG\CEGUITREEPROPERTIES.OBJ
C:\SDKS\CEGUI-0.7.7\PROJECTS\PREMAKE\BASESYSTEM\OBJ\DEBUG\CEGUIVERTICALLAYOUTCONTAINER.OBJ
C:\SDKS\CEGUI-0.7.7\PROJECTS\PREMAKE\BASESYSTEM\OBJ\DEBUG\CEGUIWINDOW.OBJ
C:\SDKS\CEGUI-0.7.7\PROJECTS\PREMAKE\BASESYSTEM\OBJ\DEBUG\CEGUIWINDOWFACTORY.OBJ
C:\SDKS\CEGUI-0.7.7\PROJECTS\PREMAKE\BASESYSTEM\OBJ\DEBUG\CEGUIWINDOWFACTORYMANAGER.OBJ
C:\SDKS\CEGUI-0.7.7\PROJECTS\PREMAKE\BASESYSTEM\OBJ\DEBUG\CEGUIWINDOWMANAGER.OBJ
C:\SDKS\CEGUI-0.7.7\PROJECTS\PREMAKE\BASESYSTEM\OBJ\DEBUG\CEGUIWINDOWPROPERTIES.OBJ
C:\SDKS\CEGUI-0.7.7\PROJECTS\PREMAKE\BASESYSTEM\OBJ\DEBUG\CEGUIWINDOWRENDERER.OBJ
C:\SDKS\CEGUI-0.7.7\PROJECTS\PREMAKE\BASESYSTEM\OBJ\DEBUG\CEGUIWINDOWRENDERERMANAGER.OBJ
C:\SDKS\CEGUI-0.7.7\PROJECTS\PREMAKE\BASESYSTEM\OBJ\DEBUG\CEGUIWINDOWRENDERERMODULE.OBJ
C:\SDKS\CEGUI-0.7.7\PROJECTS\PREMAKE\BASESYSTEM\OBJ\DEBUG\CEGUIWRFACTORYREGISTERER.OBJ
C:\SDKS\CEGUI-0.7.7\PROJECTS\PREMAKE\BASESYSTEM\OBJ\DEBUG\CEGUIXMLATTRIBUTES.OBJ
C:\SDKS\CEGUI-0.7.7\PROJECTS\PREMAKE\BASESYSTEM\OBJ\DEBUG\CEGUIXMLHANDLER.OBJ
C:\SDKS\CEGUI-0.7.7\PROJECTS\PREMAKE\BASESYSTEM\OBJ\DEBUG\CEGUIXMLPARSER.OBJ
C:\SDKS\CEGUI-0.7.7\PROJECTS\PREMAKE\BASESYSTEM\OBJ\DEBUG\CEGUIXMLSERIALIZER.OBJ
C:\SDKs\CEGUI-0.7.7\projects\premake\BaseSystem\obj\Debug\cl.command.1.tlog
C:\SDKs\CEGUI-0.7.7\projects\premake\BaseSystem\obj\Debug\CL.read.1.tlog
C:\SDKs\CEGUI-0.7.7\projects\premake\BaseSystem\obj\Debug\CL.write.1.tlog
C:\SDKS\CEGUI-0.7.7\PROJECTS\PREMAKE\BASESYSTEM\OBJ\DEBUG\IOAPI.OBJ
C:\SDKS\CEGUI-0.7.7\PROJECTS\PREMAKE\BASESYSTEM\OBJ\DEBUG\IOWIN32.OBJ
C:\SDKs\CEGUI-0.7.7\projects\premake\BaseSystem\obj\Debug\link.12940.read.1.tlog
C:\SDKs\CEGUI-0.7.7\projects\premake\BaseSystem\obj\Debug\link.12940.write.1.tlog
C:\SDKs\CEGUI-0.7.7\projects\premake\BaseSystem\obj\Debug\link.12940-cvtres.read.1.tlog
C:\SDKs\CEGUI-0.7.7\projects\premake\BaseSystem\obj\Debug\link.12940-cvtres.write.1.tlog
C:\SDKs\CEGUI-0.7.7\projects\premake\BaseSystem\obj\Debug\link.command.1.tlog
C:\SDKs\CEGUI-0.7.7\projects\premake\BaseSystem\obj\Debug\link.read.1.tlog
C:\SDKs\CEGUI-0.7.7\projects\premake\BaseSystem\obj\Debug\link.write.1.tlog
C:\SDKs\CEGUI-0.7.7\projects\premake\BaseSystem\obj\Debug\link-cvtres.read.1.tlog
C:\SDKs\CEGUI-0.7.7\projects\premake\BaseSystem\obj\Debug\link-cvtres.write.1.tlog
C:\SDKs\CEGUI-0.7.7\projects\premake\BaseSystem\obj\Debug\mt.command.1.tlog
C:\SDKs\CEGUI-0.7.7\projects\premake\BaseSystem\obj\Debug\mt.read.1.tlog
C:\SDKs\CEGUI-0.7.7\projects\premake\BaseSystem\obj\Debug\mt.write.1.tlog
C:\SDKs\CEGUI-0.7.7\projects\premake\BaseSystem\obj\Debug\rc.command.1.tlog
C:\SDKs\CEGUI-0.7.7\projects\premake\BaseSystem\obj\Debug\rc.read.1.tlog
C:\SDKs\CEGUI-0.7.7\projects\premake\BaseSystem\obj\Debug\rc.write.1.tlog
C:\SDKS\CEGUI-0.7.7\PROJECTS\PREMAKE\BASESYSTEM\OBJ\DEBUG\UNZIP.OBJ
C:\SDKs\CEGUI-0.7.7\projects\premake\BaseSystem\obj\Debug\vc100.idb
C:\SDKS\CEGUI-0.7.7\PROJECTS\PREMAKE\BASESYSTEM\OBJ\DEBUG\VC100.PDB
