Build started 30.11.2012 18:17:42.
     1>Project "C:\SDKs\CEGUI-0.7.7\projects\premake\BaseSystem\CEGUIBase.vcxproj" on node 2 (build target(s)).
     1>InitializeBuildStatus:
         Creating "obj/Debug\CEGUIBase.unsuccessfulbuild" because "AlwaysCreate" was specified.
       ClCompile:
         All outputs are up-to-date.
       ManifestResourceCompile:
         All outputs are up-to-date.
     1>C:\Program Files (x86)\MSBuild\Microsoft.Cpp\v4.0\Microsoft.CppBuild.targets(990,5): warning MSB8012: TargetPath(C:\SDKs\CEGUI-0.7.7\projects\premake\BaseSystem\../../../bin\CEGUIBase.dll) does not match the Linker's OutputFile property value (C:\SDKs\CEGUI-0.7.7\bin\CEGUIBase_d.dll). This may cause your project to build incorrectly. To correct this, please make sure that $(OutDir), $(TargetName) and $(TargetExt) property values match the value specified in %(Link.OutputFile).
     1>C:\Program Files (x86)\MSBuild\Microsoft.Cpp\v4.0\Microsoft.CppBuild.targets(992,5): warning MSB8012: TargetName(CEGUIBase) does not match the Linker's OutputFile property value (CEGUIBase_d). This may cause your project to build incorrectly. To correct this, please make sure that $(OutDir), $(TargetName) and $(TargetExt) property values match the value specified in %(Link.OutputFile).
       Link:
         All outputs are up-to-date.
         C:\Program Files (x86)\Microsoft Visual Studio 10.0\VC\bin\link.exe /ERRORREPORT:PROMPT /OUT:"../../../bin\CEGUIBase_d.dll" /INCREMENTAL /NOLOGO /LIBPATH:"C:\SDKs\ogreSDK\OgreSDK_vc10_v1-8-1/lib/debug" /LIBPATH:../../../lib /LIBPATH:../../../dependencies/lib/dynamic OgreMain_d.lib freetype_D.lib pcre_d.lib zlib_d.lib Winmm.lib kernel32.lib user32.lib gdi32.lib winspool.lib comdlg32.lib advapi32.lib shell32.lib ole32.lib oleaut32.lib uuid.lib odbc32.lib odbccp32.lib /MANIFEST /ManifestFile:"obj/Debug\CEGUIBase.dll.intermediate.manifest" /MANIFESTUAC:"level='asInvoker' uiAccess='false'" /DEBUG /PDB:"../../../bin\CEGUIBase_d.pdb" /SUBSYSTEM:WINDOWS /TLBID:1 /DYNAMICBASE /NXCOMPAT /IMPLIB:"../../../lib/CEGUIBase_d.lib" /MACHINE:X86 /DLL obj/Debug\CEGUIBase.dll.embed.manifest.res
         obj/Debug\CEGUIButtonBase.obj
         obj/Debug\CEGUICheckbox.obj
         obj/Debug\CEGUICheckboxProperties.obj
         obj/Debug\CEGUIClippedContainer.obj
         obj/Debug\CEGUICombobox.obj
         obj/Debug\CEGUIComboboxProperties.obj
         obj/Debug\CEGUIComboDropList.obj
         obj/Debug\CEGUIDragContainer.obj
         obj/Debug\CEGUIDragContainerProperties.obj
         obj/Debug\CEGUIEditbox.obj
         obj/Debug\CEGUIEditboxProperties.obj
         obj/Debug\CEGUIFrameWindow.obj
         obj/Debug\CEGUIFrameWindowProperties.obj
         obj/Debug\CEGUIGridLayoutContainer.obj
         obj/Debug\CEGUIGridLayoutContainerProperties.obj
         obj/Debug\CEGUIGroupBox.obj
         obj/Debug\CEGUIGUISheet.obj
         obj/Debug\CEGUIHorizontalLayoutContainer.obj
         obj/Debug\CEGUIItemEntry.obj
         obj/Debug\CEGUIItemEntryProperties.obj
         obj/Debug\CEGUIItemListBase.obj
         obj/Debug\CEGUIItemListBaseProperties.obj
         obj/Debug\CEGUIItemListbox.obj
         obj/Debug\CEGUIItemListboxProperties.obj
         obj/Debug\CEGUILayoutContainer.obj
         obj/Debug\CEGUIListbox.obj
         obj/Debug\CEGUIListboxItem.obj
         obj/Debug\CEGUIListboxProperties.obj
         obj/Debug\CEGUIListboxTextItem.obj
         obj/Debug\CEGUIListHeader.obj
         obj/Debug\CEGUIListHeaderProperties.obj
         obj/Debug\CEGUIListHeaderSegment.obj
         obj/Debug\CEGUIListHeaderSegmentProperties.obj
         obj/Debug\CEGUIMenubar.obj
         obj/Debug\CEGUIMenuBase.obj
         obj/Debug\CEGUIMenuBaseProperties.obj
         obj/Debug\CEGUIMenuItem.obj
         obj/Debug\CEGUIMenuItemProperties.obj
         obj/Debug\CEGUIMultiColumnList.obj
         obj/Debug\CEGUIMultiColumnListProperties.obj
         obj/Debug\CEGUIMultiLineEditbox.obj
         obj/Debug\CEGUIMultiLineEditboxProperties.obj
         obj/Debug\CEGUIPopupMenu.obj
         obj/Debug\CEGUIPopupMenuProperties.obj
         obj/Debug\CEGUIProgressBar.obj
         obj/Debug\CEGUIProgressBarProperties.obj
         obj/Debug\CEGUIPushButton.obj
         obj/Debug\CEGUIRadioButton.obj
         obj/Debug\CEGUIRadioButtonProperties.obj
         obj/Debug\CEGUIScrollablePane.obj
         obj/Debug\CEGUIScrollablePaneProperties.obj
         obj/Debug\CEGUIScrollbar.obj
         obj/Debug\CEGUIScrollbarProperties.obj
         obj/Debug\CEGUIScrolledContainer.obj
         obj/Debug\CEGUIScrolledContainerProperties.obj
         obj/Debug\CEGUIScrolledItemListBase.obj
         obj/Debug\CEGUIScrolledItemListBaseProperties.obj
         obj/Debug\CEGUISequentialLayoutContainer.obj
         obj/Debug\CEGUISlider.obj
         obj/Debug\CEGUISliderProperties.obj
         obj/Debug\CEGUISpinner.obj
         obj/Debug\CEGUISpinnerProperties.obj
         obj/Debug\CEGUITabButton.obj
         obj/Debug\CEGUITabControl.obj
         obj/Debug\CEGUITabControlProperties.obj
         obj/Debug\CEGUIThumb.obj
         obj/Debug\CEGUIThumbProperties.obj
         obj/Debug\CEGUITitlebar.obj
         obj/Debug\CEGUITitlebarProperties.obj
         obj/Debug\CEGUITooltip.obj
         obj/Debug\CEGUITooltipProperties.obj
         obj/Debug\CEGUITree.obj
         obj/Debug\CEGUITreeItem.obj
         obj/Debug\CEGUITreeProperties.obj
         obj/Debug\CEGUIVerticalLayoutContainer.obj
         obj/Debug\CEGUIFalagard_xmlHandler.obj
         obj/Debug\CEGUIFalComponentBase.obj
         obj/Debug\CEGUIFalDimensions.obj
         obj/Debug\CEGUIFalFrameComponent.obj
         obj/Debug\CEGUIFalImageryComponent.obj
         obj/Debug\CEGUIFalImagerySection.obj
         obj/Debug\CEGUIFalLayerSpecification.obj
         obj/Debug\CEGUIFalNamedArea.obj
         obj/Debug\CEGUIFalPropertyDefinition.obj
         obj/Debug\CEGUIFalPropertyDefinitionBase.obj
         obj/Debug\CEGUIFalPropertyInitialiser.obj
         obj/Debug\CEGUIFalPropertyLinkDefinition.obj
         obj/Debug\CEGUIFalSectionSpecification.obj
         obj/Debug\CEGUIFalStateImagery.obj
         obj/Debug\CEGUIFalTextComponent.obj
         obj/Debug\CEGUIFalWidgetComponent.obj
         obj/Debug\CEGUIFalWidgetLookFeel.obj
         obj/Debug\CEGUIFalWidgetLookManager.obj
         obj/Debug\CEGUIFalXMLEnumHelper.obj
         obj/Debug\ioapi.obj
         obj/Debug\iowin32.obj
         obj/Debug\unzip.obj
         obj/Debug\CEGUIAffector.obj
         obj/Debug\CEGUIAnimation.obj
         obj/Debug\CEGUIAnimationInstance.obj
         obj/Debug\CEGUIAnimationManager.obj
         obj/Debug\CEGUIAnimation_xmlHandler.obj
         obj/Debug\CEGUIBase.obj
         obj/Debug\CEGUIBasicInterpolators.obj
         obj/Debug\CEGUIBasicRenderedStringParser.obj
         obj/Debug\CEGUIBiDiVisualMapping.obj
         obj/Debug\CEGUIBoundSlot.obj
         obj/Debug\CEGUICentredRenderedString.obj
         obj/Debug\CEGUIChainedXMLHandler.obj
         obj/Debug\CEGUIcolour.obj
         obj/Debug\CEGUIColourRect.obj
         obj/Debug\CEGUIConfig_xmlHandler.obj
         obj/Debug\CEGUICoordConverter.obj
         obj/Debug\CEGUIDataContainer.obj
         obj/Debug\CEGUIDefaultLogger.obj
         obj/Debug\CEGUIDefaultRenderedStringParser.obj
         obj/Debug\CEGUIDefaultResourceProvider.obj
         obj/Debug\CEGUIDynamicModule.obj
         obj/Debug\CEGUIEvent.obj
         obj/Debug\CEGUIEventArgs.obj
         obj/Debug\CEGUIEventSet.obj
         obj/Debug\CEGUIEventSignal.obj
         obj/Debug\CEGUIEventSignalSet.obj
         obj/Debug\CEGUIExceptions.obj
         obj/Debug\CEGUIFactoryModule.obj
         obj/Debug\CEGUIFont.obj
         obj/Debug\CEGUIFontManager.obj
         obj/Debug\CEGUIFontProperties.obj
         obj/Debug\CEGUIFont_xmlHandler.obj
         obj/Debug\CEGUIFormattedRenderedString.obj
         obj/Debug\CEGUIFreeTypeFont.obj
         obj/Debug\CEGUIGeometryBuffer.obj
         obj/Debug\CEGUIGlobalEventSet.obj
         obj/Debug\CEGUIGUILayout_xmlHandler.obj
         obj/Debug\CEGUIImage.obj
         obj/Debug\CEGUIImageCodec.obj
         obj/Debug\CEGUIImageset.obj
         obj/Debug\CEGUIImagesetManager.obj
         obj/Debug\CEGUIImageset_xmlHandler.obj
         obj/Debug\CEGUIJustifiedRenderedString.obj
         obj/Debug\CEGUIJustifiedRenderedStringWordWrapper.obj
         obj/Debug\CEGUIKeyFrame.obj
         obj/Debug\CEGUILeftAlignedRenderedString.obj
         obj/Debug\CEGUILogger.obj
         obj/Debug\CEGUIMinizipResourceProvider.obj
         obj/Debug\CEGUIMouseCursor.obj
         obj/Debug\CEGUINamedXMLResourceManager.obj
         obj/Debug\CEGUIPCRERegexMatcher.obj
         obj/Debug\CEGUIPixmapFont.obj
         obj/Debug\CEGUIProperty.obj
         obj/Debug\CEGUIPropertyHelper.obj
         obj/Debug\CEGUIPropertySet.obj
         obj/Debug\CEGUIRect.obj
         obj/Debug\CEGUIRenderedString.obj
         obj/Debug\CEGUIRenderedStringComponent.obj
         obj/Debug\CEGUIRenderedStringImageComponent.obj
         obj/Debug\CEGUIRenderedStringTextComponent.obj
         obj/Debug\CEGUIRenderedStringWidgetComponent.obj
         obj/Debug\CEGUIRenderEffectManager.obj
         obj/Debug\CEGUIRenderingRoot.obj
         obj/Debug\CEGUIRenderingSurface.obj
         obj/Debug\CEGUIRenderingWindow.obj
         obj/Debug\CEGUIRenderQueue.obj
         obj/Debug\CEGUIRightAlignedRenderedString.obj
         obj/Debug\CEGUIScheme.obj
         obj/Debug\CEGUISchemeManager.obj
         obj/Debug\CEGUIScheme_xmlHandler.obj
         obj/Debug\CEGUIScriptModule.obj
         obj/Debug\CEGUISize.obj
         obj/Debug\CEGUIString.obj
         obj/Debug\CEGUISubscriberSlot.obj
         obj/Debug\CEGUISystem.obj
         obj/Debug\CEGUITextUtils.obj
         obj/Debug\CEGUIWindow.obj
         obj/Debug\CEGUIWindowFactory.obj
         obj/Debug\CEGUIWindowFactoryManager.obj
         obj/Debug\CEGUIWindowManager.obj
         obj/Debug\CEGUIWindowProperties.obj
         obj/Debug\CEGUIWindowRenderer.obj
         obj/Debug\CEGUIWindowRendererManager.obj
         obj/Debug\CEGUIWindowRendererModule.obj
         obj/Debug\CEGUIWRFactoryRegisterer.obj
         obj/Debug\CEGUIXMLAttributes.obj
         obj/Debug\CEGUIXMLHandler.obj
         obj/Debug\CEGUIXMLParser.obj
         obj/Debug\CEGUIXMLSerializer.obj
       Manifest:
         C:\Program Files (x86)\Microsoft SDKs\Windows\v7.0A\bin\mt.exe /nologo /verbose /out:"obj/Debug\CEGUIBase.dll.embed.manifest" /manifest obj/Debug\CEGUIBase.dll.intermediate.manifest
         All outputs are up-to-date.
       LinkEmbedManifest:
         All outputs are up-to-date.
         CEGUIBase.vcxproj -> C:\SDKs\CEGUI-0.7.7\projects\premake\BaseSystem\../../../bin\CEGUIBase.dll
       FinalizeBuildStatus:
         Deleting file "obj/Debug\CEGUIBase.unsuccessfulbuild".
         Touching "obj/Debug\CEGUIBase.lastbuildstate".
     1>Done Building Project "C:\SDKs\CEGUI-0.7.7\projects\premake\BaseSystem\CEGUIBase.vcxproj" (build target(s)).

Build succeeded.

Time Elapsed 00:00:00.49
