C:\SDKS\CEGUI-0.7.7\BIN\CEGUICORONAIMAGECODEC_D.DLL
C:\SDKS\CEGUI-0.7.7\BIN\CEGUICORONAIMAGECODEC_D.ILK
C:\SDKS\CEGUI-0.7.7\BIN\CEGUICORONAIMAGECODEC_D.PDB
C:\SDKs\CEGUI-0.7.7\lib\CEGUICoronaImageCodec_d.exp
C:\SDKs\CEGUI-0.7.7\lib\CEGUICoronaImageCodec_d.lib
C:\SDKS\CEGUI-0.7.7\PROJECTS\PREMAKE\IMAGECODECMODULES\CORONAIMAGECODEC\OBJ\DEBUG\CEGUICORONAIMAGECODEC.DLL.EMBED.MANIFEST
C:\SDKS\CEGUI-0.7.7\PROJECTS\PREMAKE\IMAGECODECMODULES\CORONAIMAGECODEC\OBJ\DEBUG\CEGUICORONAIMAGECODEC.DLL.EMBED.MANIFEST.RES
C:\SDKS\CEGUI-0.7.7\PROJECTS\PREMAKE\IMAGECODECMODULES\CORONAIMAGECODEC\OBJ\DEBUG\CEGUICORONAIMAGECODEC.DLL.INTERMEDIATE.MANIFEST
C:\SDKS\CEGUI-0.7.7\PROJECTS\PREMAKE\IMAGECODECMODULES\CORONAIMAGECODEC\OBJ\DEBUG\CEGUICORONAIMAGECODEC.OBJ
C:\SDKs\CEGUI-0.7.7\projects\premake\ImageCodecModules\CoronaImageCodec\obj\Debug\CEGUICoronaImageCodec.vcxprojResolveAssemblyReference.cache
C:\SDKs\CEGUI-0.7.7\projects\premake\ImageCodecModules\CoronaImageCodec\obj\Debug\CEGUICoronaImageCodec.write.1.tlog
C:\SDKs\CEGUI-0.7.7\projects\premake\ImageCodecModules\CoronaImageCodec\obj\Debug\CEGUICoronaImageCodec_manifest.rc
C:\SDKS\CEGUI-0.7.7\PROJECTS\PREMAKE\IMAGECODECMODULES\CORONAIMAGECODEC\OBJ\DEBUG\CEGUICORONAIMAGECODECMODULE.OBJ
C:\SDKs\CEGUI-0.7.7\projects\premake\ImageCodecModules\CoronaImageCodec\obj\Debug\cl.command.1.tlog
C:\SDKs\CEGUI-0.7.7\projects\premake\ImageCodecModules\CoronaImageCodec\obj\Debug\CL.read.1.tlog
C:\SDKs\CEGUI-0.7.7\projects\premake\ImageCodecModules\CoronaImageCodec\obj\Debug\CL.write.1.tlog
C:\SDKs\CEGUI-0.7.7\projects\premake\ImageCodecModules\CoronaImageCodec\obj\Debug\link.14288.read.1.tlog
C:\SDKs\CEGUI-0.7.7\projects\premake\ImageCodecModules\CoronaImageCodec\obj\Debug\link.14288.write.1.tlog
C:\SDKs\CEGUI-0.7.7\projects\premake\ImageCodecModules\CoronaImageCodec\obj\Debug\link.14288-cvtres.read.1.tlog
C:\SDKs\CEGUI-0.7.7\projects\premake\ImageCodecModules\CoronaImageCodec\obj\Debug\link.14288-cvtres.write.1.tlog
C:\SDKs\CEGUI-0.7.7\projects\premake\ImageCodecModules\CoronaImageCodec\obj\Debug\link.command.1.tlog
C:\SDKs\CEGUI-0.7.7\projects\premake\ImageCodecModules\CoronaImageCodec\obj\Debug\link.read.1.tlog
C:\SDKs\CEGUI-0.7.7\projects\premake\ImageCodecModules\CoronaImageCodec\obj\Debug\link.write.1.tlog
C:\SDKs\CEGUI-0.7.7\projects\premake\ImageCodecModules\CoronaImageCodec\obj\Debug\link-cvtres.read.1.tlog
C:\SDKs\CEGUI-0.7.7\projects\premake\ImageCodecModules\CoronaImageCodec\obj\Debug\link-cvtres.write.1.tlog
C:\SDKs\CEGUI-0.7.7\projects\premake\ImageCodecModules\CoronaImageCodec\obj\Debug\mt.command.1.tlog
C:\SDKs\CEGUI-0.7.7\projects\premake\ImageCodecModules\CoronaImageCodec\obj\Debug\mt.read.1.tlog
C:\SDKs\CEGUI-0.7.7\projects\premake\ImageCodecModules\CoronaImageCodec\obj\Debug\mt.write.1.tlog
C:\SDKs\CEGUI-0.7.7\projects\premake\ImageCodecModules\CoronaImageCodec\obj\Debug\rc.command.1.tlog
C:\SDKs\CEGUI-0.7.7\projects\premake\ImageCodecModules\CoronaImageCodec\obj\Debug\rc.read.1.tlog
C:\SDKs\CEGUI-0.7.7\projects\premake\ImageCodecModules\CoronaImageCodec\obj\Debug\rc.write.1.tlog
C:\SDKs\CEGUI-0.7.7\projects\premake\ImageCodecModules\CoronaImageCodec\obj\Debug\vc100.idb
C:\SDKS\CEGUI-0.7.7\PROJECTS\PREMAKE\IMAGECODECMODULES\CORONAIMAGECODEC\OBJ\DEBUG\VC100.PDB
