C:\SDKS\CEGUI-0.7.7\BIN\CEGUITGAIMAGECODEC_D.DLL
C:\SDKS\CEGUI-0.7.7\BIN\CEGUITGAIMAGECODEC_D.ILK
C:\SDKS\CEGUI-0.7.7\BIN\CEGUITGAIMAGECODEC_D.PDB
C:\SDKs\CEGUI-0.7.7\lib\CEGUITGAImageCodec_d.exp
C:\SDKs\CEGUI-0.7.7\lib\CEGUITGAImageCodec_d.lib
C:\SDKS\CEGUI-0.7.7\PROJECTS\PREMAKE\IMAGECODECMODULES\TGAIMAGECODEC\OBJ\DEBUG\CEGUITGAIMAGECODEC.DLL.EMBED.MANIFEST
C:\SDKS\CEGUI-0.7.7\PROJECTS\PREMAKE\IMAGECODECMODULES\TGAIMAGECODEC\OBJ\DEBUG\CEGUITGAIMAGECODEC.DLL.EMBED.MANIFEST.RES
C:\SDKS\CEGUI-0.7.7\PROJECTS\PREMAKE\IMAGECODECMODULES\TGAIMAGECODEC\OBJ\DEBUG\CEGUITGAIMAGECODEC.DLL.INTERMEDIATE.MANIFEST
C:\SDKS\CEGUI-0.7.7\PROJECTS\PREMAKE\IMAGECODECMODULES\TGAIMAGECODEC\OBJ\DEBUG\CEGUITGAIMAGECODEC.OBJ
C:\SDKs\CEGUI-0.7.7\projects\premake\ImageCodecModules\TGAImageCodec\obj\Debug\CEGUITGAImageCodec.vcxprojResolveAssemblyReference.cache
C:\SDKs\CEGUI-0.7.7\projects\premake\ImageCodecModules\TGAImageCodec\obj\Debug\CEGUITGAImageCodec.write.1.tlog
C:\SDKs\CEGUI-0.7.7\projects\premake\ImageCodecModules\TGAImageCodec\obj\Debug\CEGUITGAImageCodec_manifest.rc
C:\SDKS\CEGUI-0.7.7\PROJECTS\PREMAKE\IMAGECODECMODULES\TGAIMAGECODEC\OBJ\DEBUG\CEGUITGAIMAGECODECMODULE.OBJ
C:\SDKs\CEGUI-0.7.7\projects\premake\ImageCodecModules\TGAImageCodec\obj\Debug\cl.command.1.tlog
C:\SDKs\CEGUI-0.7.7\projects\premake\ImageCodecModules\TGAImageCodec\obj\Debug\CL.read.1.tlog
C:\SDKs\CEGUI-0.7.7\projects\premake\ImageCodecModules\TGAImageCodec\obj\Debug\CL.write.1.tlog
C:\SDKs\CEGUI-0.7.7\projects\premake\ImageCodecModules\TGAImageCodec\obj\Debug\link.7568.read.1.tlog
C:\SDKs\CEGUI-0.7.7\projects\premake\ImageCodecModules\TGAImageCodec\obj\Debug\link.7568.write.1.tlog
C:\SDKs\CEGUI-0.7.7\projects\premake\ImageCodecModules\TGAImageCodec\obj\Debug\link.7568-cvtres.read.1.tlog
C:\SDKs\CEGUI-0.7.7\projects\premake\ImageCodecModules\TGAImageCodec\obj\Debug\link.7568-cvtres.write.1.tlog
C:\SDKs\CEGUI-0.7.7\projects\premake\ImageCodecModules\TGAImageCodec\obj\Debug\link.command.1.tlog
C:\SDKs\CEGUI-0.7.7\projects\premake\ImageCodecModules\TGAImageCodec\obj\Debug\link.read.1.tlog
C:\SDKs\CEGUI-0.7.7\projects\premake\ImageCodecModules\TGAImageCodec\obj\Debug\link.write.1.tlog
C:\SDKs\CEGUI-0.7.7\projects\premake\ImageCodecModules\TGAImageCodec\obj\Debug\link-cvtres.read.1.tlog
C:\SDKs\CEGUI-0.7.7\projects\premake\ImageCodecModules\TGAImageCodec\obj\Debug\link-cvtres.write.1.tlog
C:\SDKs\CEGUI-0.7.7\projects\premake\ImageCodecModules\TGAImageCodec\obj\Debug\mt.command.1.tlog
C:\SDKs\CEGUI-0.7.7\projects\premake\ImageCodecModules\TGAImageCodec\obj\Debug\mt.read.1.tlog
C:\SDKs\CEGUI-0.7.7\projects\premake\ImageCodecModules\TGAImageCodec\obj\Debug\mt.write.1.tlog
C:\SDKs\CEGUI-0.7.7\projects\premake\ImageCodecModules\TGAImageCodec\obj\Debug\rc.command.1.tlog
C:\SDKs\CEGUI-0.7.7\projects\premake\ImageCodecModules\TGAImageCodec\obj\Debug\rc.read.1.tlog
C:\SDKs\CEGUI-0.7.7\projects\premake\ImageCodecModules\TGAImageCodec\obj\Debug\rc.write.1.tlog
C:\SDKs\CEGUI-0.7.7\projects\premake\ImageCodecModules\TGAImageCodec\obj\Debug\vc100.idb
C:\SDKS\CEGUI-0.7.7\PROJECTS\PREMAKE\IMAGECODECMODULES\TGAIMAGECODEC\OBJ\DEBUG\VC100.PDB
