Build started 30.11.2012 18:24:14.
     1>Project "C:\SDKs\CEGUI-0.7.7\projects\premake\ScriptingModules\LuaScriptModule\CEGUILuaScriptModule.vcxproj" on node 2 (build target(s)).
     1>InitializeBuildStatus:
         Creating "obj/Release\CEGUILuaScriptModule.unsuccessfulbuild" because "AlwaysCreate" was specified.
       ClCompile:
         C:\Program Files (x86)\Microsoft Visual Studio 10.0\VC\bin\CL.exe /c /I../../../../cegui/include /I../../../../dependencies/include /I../../../../cegui/include/ScriptingModules/LuaScriptModule/ /I../../../../cegui/include/ScriptingModules/LuaScriptModule/support/tolua++ /nologo /W3 /WX- /O2 /Oy /D _CRT_SECURE_NO_DEPRECATE /D HAVE_CONFIG_H /D CEGUILUA_EXPORTS /D TOLUA_RELEASE /D _WINDLL /D _MBCS /GF /Gm- /EHsc /MD /GS /Gy /fp:precise /Zc:wchar_t /Zc:forScope /Fo"obj/Release\\" /Fd"obj/Release\vc100.pdb" /Gd /TP /analyze- /errorReport:prompt ..\..\..\..\cegui\src\ScriptingModules\LuaScriptModule\CEGUILua.cpp
         CEGUILua.cpp
     1>..\..\..\..\cegui\src\ScriptingModules\LuaScriptModule\CEGUILua.cpp(666): warning C4800: 'int' : forcing value to bool 'true' or 'false' (performance warning)
       Link:
         C:\Program Files (x86)\Microsoft Visual Studio 10.0\VC\bin\link.exe /ERRORREPORT:PROMPT /OUT:"../../../../bin\CEGUILuaScriptModule.dll" /INCREMENTAL:NO /NOLOGO /LIBPATH:../../../../lib /LIBPATH:../../../../dependencies/lib/dynamic ../../../../lib/CEGUIBase.lib ../../../../lib/tolua++.lib lua.lib kernel32.lib user32.lib gdi32.lib winspool.lib comdlg32.lib advapi32.lib shell32.lib ole32.lib oleaut32.lib uuid.lib odbc32.lib odbccp32.lib /MANIFEST /ManifestFile:"obj/Release\CEGUILuaScriptModule.dll.intermediate.manifest" /MANIFESTUAC:"level='asInvoker' uiAccess='false'" /PDB:"C:\SDKs\CEGUI-0.7.7\bin\CEGUILuaScriptModule.pdb" /SUBSYSTEM:WINDOWS /OPT:REF /OPT:ICF /TLBID:1 /DYNAMICBASE /NXCOMPAT /IMPLIB:"../../../../lib/CEGUILuaScriptModule.lib" /MACHINE:X86 /DLL obj/Release\CEGUILua.obj
         obj/Release\CEGUILuaFunctor.obj
         obj/Release\lua_CEGUI.obj
         obj/Release\required.obj
         "C:\SDKs\CEGUI-0.7.7\lib\CEGUIBase.lib"
         "C:\SDKs\CEGUI-0.7.7\lib\tolua++.lib"
            Creating library ../../../../lib/CEGUILuaScriptModule.lib and object ../../../../lib/CEGUILuaScriptModule.exp
         CEGUILuaScriptModule.vcxproj -> C:\SDKs\CEGUI-0.7.7\projects\premake\ScriptingModules\LuaScriptModule\../../../../bin\CEGUILuaScriptModule.dll
       Manifest:
         C:\Program Files (x86)\Microsoft SDKs\Windows\v7.0A\bin\mt.exe /nologo /verbose /outputresource:"../../../../bin\CEGUILuaScriptModule.dll;#2" /manifest obj/Release\CEGUILuaScriptModule.dll.intermediate.manifest
       FinalizeBuildStatus:
         Deleting file "obj/Release\CEGUILuaScriptModule.unsuccessfulbuild".
         Touching "obj/Release\CEGUILuaScriptModule.lastbuildstate".
     1>Done Building Project "C:\SDKs\CEGUI-0.7.7\projects\premake\ScriptingModules\LuaScriptModule\CEGUILuaScriptModule.vcxproj" (build target(s)).

Build succeeded.

Time Elapsed 00:00:01.86
