FMOD: SystemI::init                  : FMOD Ex Version: 00044401
FMOD: SystemI::init                  : maxchannels = 32, flags = 00000000, extradriverdata = 00000000
FMOD: SystemI::close                 : 
FMOD: SystemI::close                 : Stop all sounds
FMOD: SystemI::close                 : Remove miscllaneous DSP stuff.
FMOD: SystemI::close                 : done.

FMOD: OutputWASAPI::enumerate        : Enumerating...
FMOD: OutputWASAPI::enumerate        : Initialise COM library.
FMOD: OutputWASAPI::enumerate        : Found Driver: "Digitalaudio (S/PDIF) (High Definition Audio-Gerät)".
FMOD: OutputWASAPI::enumerate        : Found Driver: "Lautsprecher (High Definition Audio-Gerät)".
FMOD: OutputWASAPI::enumerate        : Found Driver: "Digitalaudio (S/PDIF) (High Definition Audio-Gerät)".
FMOD: OutputWASAPI::enumerate        : Found Driver: "Mikrofon (High Definition Audio-Gerät)".
FMOD: OutputWASAPI::enumerate        : Done.
FMOD: OutputWASAPI::initEx           : Initialising...
FMOD: OutputWASAPI::initEx           : Done.
FMOD: SystemI::init                  : Set up software engine
FMOD: Thread::initThread             : Initializing FMOD (WASAPI) feeder thread.  priority 0
FMOD: Thread::initThread             : - Stacksize 0.  Stack pointer 00000000 : usesemaphore = 0 : sleeptime = 0
FMOD: Thread::callback               : * FMOD (WASAPI) feeder thread started
FMOD: Thread::initThread             : done.
FMOD: OutputWASAPI::feederUpdate     : WASAPI feeder thread set to 'Audio' characteristic
FMOD: Thread::initThread             : Initializing FMOD mixer thread.  priority 2
FMOD: Thread::initThread             : - Stacksize 0.  Stack pointer 00000000 : usesemaphore = 1 : sleeptime = 0
FMOD: Thread::callback               : * FMOD mixer thread started
FMOD: Thread::initThread             : done.
FMOD: SystemI::init                  : Set up emulated output
FMOD: SystemI::init                  : create the channel pool
FMOD: SystemI::init                  : Set up streamer
FMOD: Thread::initThread             : Initializing FMOD stream thread.  priority 2
FMOD: Thread::initThread             : - Stacksize 49152.  Stack pointer 00000000 : usesemaphore = 0 : sleeptime = 10
FMOD: Thread::callback               : * FMOD stream thread started
FMOD: Thread::initThread             : done.
FMOD: SystemI::init                  : done

FMOD: SystemI::createSoundInternal   : filename = stuka.wav : mode 00000020
FMOD: SystemI::createSoundInternal   : 21 codecs found.  Scan all until one succeeds
FMOD: CodecTag::openInternal         : attempting to open ID3 or ASF tags..
FMOD: Codec::release                 : 
FMOD: Plugin::release                : (0B38CBE0)
FMOD: Plugin::release                : done
FMOD: Codec::release                 : done
FMOD: CodecCDDA::openInternal        : attempting to open as CDDA..
FMOD: Codec::release                 : 
FMOD: Plugin::release                : (0B38CBE0)
FMOD: Plugin::release                : done
FMOD: Codec::release                 : done
FMOD: CodecFSB5::openInternal        : attempting to open as FSB5..
FMOD: CodecFSB5::headerReadCheck     : Header check failed. Not an FSB5
FMOD: Codec::release                 : 
FMOD: CodecFSB5::closeInternal       : 
FMOD: CodecFSB5::closeInternal       : done
FMOD: Plugin::release                : (0B390CF8)
FMOD: Plugin::release                : done
FMOD: Codec::release                 : done
FMOD: CodecFSB::openInternal         : attempting to open as FSB..
FMOD: CodecFSB::openInternal         : Header check failed.  Not an FSB
FMOD: Codec::release                 : 
FMOD: CodecFSB::closeInternal        : 
FMOD: CodecFSB::closeInternal        : done
FMOD: Plugin::release                : (0B390CF8)
FMOD: Plugin::release                : done
FMOD: Codec::release                 : done
FMOD: CodecVAG::openInternal         : attempting to open as VAG..
FMOD: CodecVAG::openInternal         : 'VAG' ID check failed [RIF]
FMOD: Codec::release                 : 
FMOD: Plugin::release                : (0B390CF8)
FMOD: Plugin::release                : done
FMOD: Codec::release                 : done
FMOD: CodecWav::openInternal         : attempting to open as WAV..
FMOD: CodecWav::parseRIFF            : chunk : id fmt  size 30
FMOD: CodecWav::parseRIFF            : offset = 42 / 58118
FMOD: CodecWav::parseRIFF            : chunk : id fact size 4
FMOD: CodecWav::parseRIFF            : offset = 54 / 58118
FMOD: CodecWav::parseRIFF            : chunk : id data size 57824
FMOD: CodecWav::parseRIFF            : offset = 57886 / 58118
FMOD: CodecWav::parseRIFF            : chunk : id LIST size 224
FMOD: CodecWav::parseRIFF            : chunk : id ICRD size 12
FMOD: CodecWav::parseRIFF            : offset = 24 / 224
FMOD: CodecWav::parseRIFF            : chunk : id ISFT size 52
FMOD: CodecWav::parseRIFF            : offset = 84 / 224
FMOD: CodecWav::parseRIFF            : chunk : id ITCH size 42
FMOD: CodecWav::parseRIFF            : offset = 134 / 224
FMOD: CodecWav::parseRIFF            : chunk : id ICOP size 30
FMOD: CodecWav::parseRIFF            : offset = 172 / 224
FMOD: CodecWav::parseRIFF            : chunk : id ISBJ size 44
FMOD: CodecWav::parseRIFF            : offset = 224 / 224
FMOD: CodecWav::parseRIFF            : offset = 58118 / 58118
FMOD: CodecWav::openInternal         : mSrcFormat->wFormatTag = 85
FMOD: CodecWav::openInternal         : mSrcFormat->nChannels = 1
FMOD: CodecWav::openInternal         : mSrcFormat->nSamplesPerSec = 44100
FMOD: CodecWav::openInternal         : mSrcFormat->nAvgBytesPerSec = 8000
FMOD: CodecWav::openInternal         : mSrcFormat->nBlockAlign = 1
FMOD: CodecWav::openInternal         : mSrcFormat->wBitsPerSample = 0
FMOD: CodecWav::openInternal         : mSrcFormat->cbSize = 12
FMOD: Codec::release                 : 
FMOD: Plugin::release                : (0B390CF8)
FMOD: Plugin::release                : done
FMOD: Codec::release                 : done
FMOD: CodecOggVorbis::openInternal   : attempting to open as OGG..
FMOD: CodecWav::parseRIFF            : chunk : id fmt  size 30
FMOD: CodecWav::parseRIFF            : offset = 42 / 58118
FMOD: CodecWav::parseRIFF            : chunk : id fact size 4
FMOD: CodecWav::parseRIFF            : offset = 54 / 58118
FMOD: CodecWav::parseRIFF            : chunk : id data size 57824
FMOD: CodecWav::parseRIFF            : offset = 57886 / 58118
FMOD: CodecWav::parseRIFF            : chunk : id LIST size 224
FMOD: CodecWav::parseRIFF            : chunk : id ICRD size 12
FMOD: CodecWav::parseRIFF            : offset = 24 / 224
FMOD: CodecWav::parseRIFF            : chunk : id ISFT size 52
FMOD: CodecWav::parseRIFF            : offset = 84 / 224
FMOD: CodecWav::parseRIFF            : chunk : id ITCH size 42
FMOD: CodecWav::parseRIFF            : offset = 134 / 224
FMOD: CodecWav::parseRIFF            : chunk : id ICOP size 30
FMOD: CodecWav::parseRIFF            : offset = 172 / 224
FMOD: CodecWav::parseRIFF            : chunk : id ISBJ size 44
FMOD: CodecWav::parseRIFF            : offset = 224 / 224
FMOD: CodecWav::parseRIFF            : offset = 58118 / 58118
FMOD: CodecOggVorbis::openInternal   : failed to open as ogg
FMOD: Codec::release                 : 
FMOD: Plugin::release                : (0B390CF8)
FMOD: Plugin::release                : done
FMOD: Codec::release                 : done
FMOD: CodecAIFF::openInternal        : attempting to open as AIFF..
FMOD: Codec::release                 : 
FMOD: Plugin::release                : (0B38CBE0)
FMOD: Plugin::release                : done
FMOD: Codec::release                 : done
FMOD: CodecFLAC::openInternal        : attempting to open as FLAC..
FMOD: Codec::release                 : 
FMOD: Plugin::release                : (0B38CBE0)
FMOD: Plugin::release                : done
FMOD: Codec::release                 : done
FMOD: CodecMOD::openInternal         : attempting to open as MOD..
FMOD: CodecMOD::openInternal         : 'M.K.' etc ID check failed [ûæ/-]
FMOD: Codec::release                 : 
FMOD: Plugin::release                : (0B3A1C98)
FMOD: Plugin::release                : done
FMOD: Codec::release                 : done
FMOD: CodecS3M::openInternal         : attempting to open as S3M..
FMOD: CodecS3M::openInternal         : 'SCRM' ID check failed [ÐFMOD: Codec::release                 : 
FMOD: Plugin::release                : (0B3A1C98)
FMOD: Plugin::release                : done
FMOD: Codec::release                 : done
FMOD: CodecXM::openInternal          : attempting to open as XM..
FMOD: CodecXM::openInternal          : 'Extended Module: ' ID check failed [RIFF]
FMOD: Codec::release                 : 
FMOD: CodecXM::closeInternal         : 3585
FMOD: CodecXM::closeInternal         : done
FMOD: Plugin::release                : (0B3A1C98)
FMOD: Plugin::release                : done
FMOD: Codec::release                 : done
FMOD: CodecIT::openInternal          : attempting to open as IT..
FMOD: CodecIT::openInternal          : 'IMPM' etc ID check failed [RIFF]
FMOD: Codec::release                 : 
FMOD: Plugin::release                : (0B3A1C98)
FMOD: Plugin::release                : done
FMOD: Codec::release                 : done
FMOD: CodecMIDI::openInternal        : attempting to open as MIDI..
FMOD: CodecMIDI::openInternal        : 'HThd' ID check failed [RIFF]
FMOD: Codec::release                 : 
FMOD: Plugin::release                : (0B3A1C98)
FMOD: Plugin::release                : done
FMOD: Codec::release                 : done
FMOD: CodecDLS::openInternal         : attempting to open as DLS..
FMOD: Codec::release                 : 
FMOD: Plugin::release                : (0B38CBE0)
FMOD: Plugin::release                : done
FMOD: Codec::release                 : done
FMOD: CodecASF::openInternal         : attempting to open as ASF..
FMOD: Codec::release                 : 
FMOD: Plugin::release                : (0B38CBE0)
FMOD: Plugin::release                : done
FMOD: Codec::release                 : done
FMOD: CodecMPEG::openInternal        : attempting to open as MPEG..
FMOD: CodecWav::parseRIFF            : chunk : id fmt  size 30
FMOD: CodecWav::parseRIFF            : offset = 42 / 58118
FMOD: CodecWav::parseRIFF            : chunk : id fact size 4
FMOD: CodecWav::parseRIFF            : offset = 54 / 58118
FMOD: CodecWav::parseRIFF            : chunk : id data size 57824
FMOD: CodecWav::parseRIFF            : offset = 57886 / 58118
FMOD: CodecWav::parseRIFF            : chunk : id LIST size 224
FMOD: CodecWav::parseRIFF            : chunk : id ICRD size 12
FMOD: CodecWav::parseRIFF            : offset = 24 / 224
FMOD: CodecWav::parseRIFF            : chunk : id ISFT size 52
FMOD: CodecWav::parseRIFF            : offset = 84 / 224
FMOD: CodecWav::parseRIFF            : chunk : id ITCH size 42
FMOD: CodecWav::parseRIFF            : offset = 134 / 224
FMOD: CodecWav::parseRIFF            : chunk : id ICOP size 30
FMOD: CodecWav::parseRIFF            : offset = 172 / 224
FMOD: CodecWav::parseRIFF            : chunk : id ISBJ size 44
FMOD: CodecWav::parseRIFF            : offset = 224 / 224
FMOD: CodecWav::parseRIFF            : offset = 58118 / 58118
FMOD: SystemI::createSoundInternal   : Format has 0 subsounds.
FMOD: SystemI::createSoundInternal   : Create as FMOD_CREATESAMPLE
FMOD: SystemI::createSoundInternal   : creating subsound 0/0
FMOD: SystemI::createSample          : mode 00000040 length 321408 samples, lengthbytes 57824
FMOD: SystemI::createSample          : subsamples = 1, channels = 1
FMOD: SystemI::createSample          : subsample 0.  output = 0B36CE28
FMOD: SystemI::createSample          : mSoftware = 0B36CE28
FMOD: OutputSoftware::createSample   : lengthpcm 321408, lengthbytes 57824, channels 1, format 2, freq 44100, mode 00000049
FMOD: OutputSoftware::createSample   : done
FMOD: SystemI::createSample          : done
FMOD: SystemI::createSoundInternal   : No name found in file, use filename.
FMOD: SystemI::createSoundInternal   : done.  OpenState now = FMOD_OPENSTATE_READY.

FMOD: SystemI::createSoundInternal   : filename = stuka.wav : mode 00000020
FMOD: SystemI::createSoundInternal   : 21 codecs found.  Scan all until one succeeds
FMOD: CodecTag::openInternal         : attempting to open ID3 or ASF tags..
FMOD: Codec::release                 : 
FMOD: Plugin::release                : (0B3910C8)
FMOD: Plugin::release                : done
FMOD: Codec::release                 : done
FMOD: CodecCDDA::openInternal        : attempting to open as CDDA..
FMOD: Codec::release                 : 
FMOD: Plugin::release                : (0B3910C8)
FMOD: Plugin::release                : done
FMOD: Codec::release                 : done
FMOD: CodecFSB5::openInternal        : attempting to open as FSB5..
FMOD: CodecFSB5::headerReadCheck     : Header check failed. Not an FSB5
FMOD: Codec::release                 : 
FMOD: CodecFSB5::closeInternal       : 
FMOD: CodecFSB5::closeInternal       : done
FMOD: Plugin::release                : (0B3910C8)
FMOD: Plugin::release                : done
FMOD: Codec::release                 : done
FMOD: CodecFSB::openInternal         : attempting to open as FSB..
FMOD: CodecFSB::openInternal         : Header check failed.  Not an FSB
FMOD: Codec::release                 : 
FMOD: CodecFSB::closeInternal        : 
FMOD: CodecFSB::closeInternal        : done
FMOD: Plugin::release                : (0B3910C8)
FMOD: Plugin::release                : done
FMOD: Codec::release                 : done
FMOD: CodecVAG::openInternal         : attempting to open as VAG..
FMOD: CodecVAG::openInternal         : 'VAG' ID check failed [RIF]
FMOD: Codec::release                 : 
FMOD: Plugin::release                : (0B3910C8)
FMOD: Plugin::release                : done
FMOD: Codec::release                 : done
FMOD: CodecWav::openInternal         : attempting to open as WAV..
FMOD: CodecWav::parseRIFF            : chunk : id fmt  size 30
FMOD: CodecWav::parseRIFF            : offset = 42 / 58118
FMOD: CodecWav::parseRIFF            : chunk : id fact size 4
FMOD: CodecWav::parseRIFF            : offset = 54 / 58118
FMOD: CodecWav::parseRIFF            : chunk : id data size 57824
FMOD: CodecWav::parseRIFF            : offset = 57886 / 58118
FMOD: CodecWav::parseRIFF            : chunk : id LIST size 224
FMOD: CodecWav::parseRIFF            : chunk : id ICRD size 12
FMOD: CodecWav::parseRIFF            : offset = 24 / 224
FMOD: CodecWav::parseRIFF            : chunk : id ISFT size 52
FMOD: CodecWav::parseRIFF            : offset = 84 / 224
FMOD: CodecWav::parseRIFF            : chunk : id ITCH size 42
FMOD: CodecWav::parseRIFF            : offset = 134 / 224
FMOD: CodecWav::parseRIFF            : chunk : id ICOP size 30
FMOD: CodecWav::parseRIFF            : offset = 172 / 224
FMOD: CodecWav::parseRIFF            : chunk : id ISBJ size 44
FMOD: CodecWav::parseRIFF            : offset = 224 / 224
FMOD: CodecWav::parseRIFF            : offset = 58118 / 58118
FMOD: CodecWav::openInternal         : mSrcFormat->wFormatTag = 85
FMOD: CodecWav::openInternal         : mSrcFormat->nChannels = 1
FMOD: CodecWav::openInternal         : mSrcFormat->nSamplesPerSec = 44100
FMOD: CodecWav::openInternal         : mSrcFormat->nAvgBytesPerSec = 8000
FMOD: CodecWav::openInternal         : mSrcFormat->nBlockAlign = 1
FMOD: CodecWav::openInternal         : mSrcFormat->wBitsPerSample = 0
FMOD: CodecWav::openInternal         : mSrcFormat->cbSize = 12
FMOD: Codec::release                 : 
FMOD: Plugin::release                : (0B3910C8)
FMOD: Plugin::release                : done
FMOD: Codec::release                 : done
FMOD: CodecOggVorbis::openInternal   : attempting to open as OGG..
FMOD: CodecWav::parseRIFF            : chunk : id fmt  size 30
FMOD: CodecWav::parseRIFF            : offset = 42 / 58118
FMOD: CodecWav::parseRIFF            : chunk : id fact size 4
FMOD: CodecWav::parseRIFF            : offset = 54 / 58118
FMOD: CodecWav::parseRIFF            : chunk : id data size 57824
FMOD: CodecWav::parseRIFF            : offset = 57886 / 58118
FMOD: CodecWav::parseRIFF            : chunk : id LIST size 224
FMOD: CodecWav::parseRIFF            : chunk : id ICRD size 12
FMOD: CodecWav::parseRIFF            : offset = 24 / 224
FMOD: CodecWav::parseRIFF            : chunk : id ISFT size 52
FMOD: CodecWav::parseRIFF            : offset = 84 / 224
FMOD: CodecWav::parseRIFF            : chunk : id ITCH size 42
FMOD: CodecWav::parseRIFF            : offset = 134 / 224
FMOD: CodecWav::parseRIFF            : chunk : id ICOP size 30
FMOD: CodecWav::parseRIFF            : offset = 172 / 224
FMOD: CodecWav::parseRIFF            : chunk : id ISBJ size 44
FMOD: CodecWav::parseRIFF            : offset = 224 / 224
FMOD: CodecWav::parseRIFF            : offset = 58118 / 58118
FMOD: CodecOggVorbis::openInternal   : failed to open as ogg
FMOD: Codec::release                 : 
FMOD: Plugin::release                : (0B3A7818)
FMOD: Plugin::release                : done
FMOD: Codec::release                 : done
FMOD: CodecAIFF::openInternal        : attempting to open as AIFF..
FMOD: Codec::release                 : 
FMOD: Plugin::release                : (0B3910C8)
FMOD: Plugin::release                : done
FMOD: Codec::release                 : done
FMOD: CodecFLAC::openInternal        : attempting to open as FLAC..
FMOD: Codec::release                 : 
FMOD: Plugin::release                : (0B3910C8)
FMOD: Plugin::release                : done
FMOD: Codec::release                 : done
FMOD: CodecMOD::openInternal         : attempting to open as MOD..
FMOD: CodecMOD::openInternal         : 'M.K.' etc ID check failed [ûæ/-]
FMOD: Codec::release                 : 
FMOD: Plugin::release                : (0B3A7818)
FMOD: Plugin::release                : done
FMOD: Codec::release                 : done
FMOD: CodecS3M::openInternal         : attempting to open as S3M..
FMOD: CodecS3M::openInternal         : 'SCRM' ID check failed [ÐFMOD: Codec::release                 : 
FMOD: Plugin::release                : (0B3A7818)
FMOD: Plugin::release                : done
FMOD: Codec::release                 : done
FMOD: CodecXM::openInternal          : attempting to open as XM..
FMOD: CodecXM::openInternal          : 'Extended Module: ' ID check failed [RIFF]
FMOD: Codec::release                 : 
FMOD: CodecXM::closeInternal         : 3585
FMOD: CodecXM::closeInternal         : done
FMOD: Plugin::release                : (0B3A7818)
FMOD: Plugin::release                : done
FMOD: Codec::release                 : done
FMOD: CodecIT::openInternal          : attempting to open as IT..
FMOD: CodecIT::openInternal          : 'IMPM' etc ID check failed [RIFF]
FMOD: Codec::release                 : 
FMOD: Plugin::release                : (0B3A7818)
FMOD: Plugin::release                : done
FMOD: Codec::release                 : done
FMOD: CodecMIDI::openInternal        : attempting to open as MIDI..
FMOD: CodecMIDI::openInternal        : 'HThd' ID check failed [RIFF]
FMOD: Codec::release                 : 
FMOD: Plugin::release                : (0B3A7818)
FMOD: Plugin::release                : done
FMOD: Codec::release                 : done
FMOD: CodecDLS::openInternal         : attempting to open as DLS..
FMOD: Codec::release                 : 
FMOD: Plugin::release                : (0B3910C8)
FMOD: Plugin::release                : done
FMOD: Codec::release                 : done
FMOD: CodecASF::openInternal         : attempting to open as ASF..
FMOD: Codec::release                 : 
FMOD: Plugin::release                : (0B3910C8)
FMOD: Plugin::release                : done
FMOD: Codec::release                 : done
FMOD: CodecMPEG::openInternal        : attempting to open as MPEG..
FMOD: CodecWav::parseRIFF            : chunk : id fmt  size 30
FMOD: CodecWav::parseRIFF            : offset = 42 / 58118
FMOD: CodecWav::parseRIFF            : chunk : id fact size 4
FMOD: CodecWav::parseRIFF            : offset = 54 / 58118
FMOD: CodecWav::parseRIFF            : chunk : id data size 57824
FMOD: CodecWav::parseRIFF            : offset = 57886 / 58118
FMOD: CodecWav::parseRIFF            : chunk : id LIST size 224
FMOD: CodecWav::parseRIFF            : chunk : id ICRD size 12
FMOD: CodecWav::parseRIFF            : offset = 24 / 224
FMOD: CodecWav::parseRIFF            : chunk : id ISFT size 52
FMOD: CodecWav::parseRIFF            : offset = 84 / 224
FMOD: CodecWav::parseRIFF            : chunk : id ITCH size 42
FMOD: CodecWav::parseRIFF            : offset = 134 / 224
FMOD: CodecWav::parseRIFF            : chunk : id ICOP size 30
FMOD: CodecWav::parseRIFF            : offset = 172 / 224
FMOD: CodecWav::parseRIFF            : chunk : id ISBJ size 44
FMOD: CodecWav::parseRIFF            : offset = 224 / 224
FMOD: CodecWav::parseRIFF            : offset = 58118 / 58118
FMOD: SystemI::createSoundInternal   : Format has 0 subsounds.
FMOD: SystemI::createSoundInternal   : Create as FMOD_CREATESAMPLE
FMOD: SystemI::createSoundInternal   : creating subsound 0/0
FMOD: SystemI::createSample          : mode 00000040 length 321408 samples, lengthbytes 57824
FMOD: SystemI::createSample          : subsamples = 1, channels = 1
FMOD: SystemI::createSample          : subsample 0.  output = 0B36CE28
FMOD: SystemI::createSample          : mSoftware = 0B36CE28
FMOD: OutputSoftware::createSample   : lengthpcm 321408, lengthbytes 57824, channels 1, format 2, freq 44100, mode 00000049
FMOD: OutputSoftware::createSample   : done
FMOD: SystemI::createSample          : done
FMOD: SystemI::createSoundInternal   : No name found in file, use filename.
FMOD: SystemI::createSoundInternal   : done.  OpenState now = FMOD_OPENSTATE_READY.

