15:37:36: Creating resource group General
15:37:36: Creating resource group Internal
15:37:36: Creating resource group Autodetect
15:37:36: SceneManagerFactory for type 'DefaultSceneManager' registered.
15:37:36: Registering ResourceManager for type Material
15:37:36: Registering ResourceManager for type Mesh
15:37:36: Registering ResourceManager for type Skeleton
15:37:36: MovableObjectFactory for type 'ParticleSystem' registered.
15:37:36: OverlayElementFactory for type Panel registered.
15:37:36: OverlayElementFactory for type BorderPanel registered.
15:37:36: OverlayElementFactory for type TextArea registered.
15:37:36: Registering ResourceManager for type Font
15:37:36: ArchiveFactory for archive type FileSystem registered.
15:37:36: ArchiveFactory for archive type Zip registered.
15:37:36: ArchiveFactory for archive type EmbeddedZip registered.
15:37:36: DDS codec registering
15:37:36: FreeImage version: 3.15.3
15:37:36: This program uses FreeImage, a free, open source image library supporting all common bitmap formats. See http://freeimage.sourceforge.net for details
15:37:36: Supported formats: bmp,ico,jpg,jif,jpeg,jpe,jng,koa,iff,lbm,mng,pbm,pbm,pcd,pcx,pgm,pgm,png,ppm,ppm,ras,tga,targa,tif,tiff,wap,wbmp,wbm,psd,cut,xbm,xpm,gif,hdr,g3,sgi,exr,j2k,j2c,jp2,pfm,pct,pict,pic,3fr,arw,bay,bmq,cap,cine,cr2,crw,cs1,dc2,dcr,drf,dsc,dng,erf,fff,ia,iiq,k25,kc2,kdc,mdc,mef,mos,mrw,nef,nrw,orf,pef,ptx,pxn,qtk,raf,raw,rdc,rw2,rwl,rwz,sr2,srf,srw,sti
15:37:36: Registering ResourceManager for type HighLevelGpuProgram
15:37:36: Registering ResourceManager for type Compositor
15:37:36: MovableObjectFactory for type 'Entity' registered.
15:37:36: MovableObjectFactory for type 'Light' registered.
15:37:36: MovableObjectFactory for type 'BillboardSet' registered.
15:37:36: MovableObjectFactory for type 'ManualObject' registered.
15:37:36: MovableObjectFactory for type 'BillboardChain' registered.
15:37:36: MovableObjectFactory for type 'RibbonTrail' registered.
15:37:36: Loading library .\RenderSystem_Direct3D9_d
15:37:36: Installing plugin: D3D9 RenderSystem
15:37:36: D3D9 : Direct3D9 Rendering Subsystem created.
15:37:36: D3D9: Driver Detection Starts
15:37:36: D3D9: Driver Detection Ends
15:37:36: Plugin successfully installed
15:37:36: Loading library .\RenderSystem_GL_d
15:37:36: Installing plugin: GL RenderSystem
15:37:36: OpenGL Rendering Subsystem created.
15:37:36: Plugin successfully installed
15:37:36: Loading library .\Plugin_ParticleFX_d
15:37:36: Installing plugin: ParticleFX
15:37:36: Particle Emitter Type 'Point' registered
15:37:36: Particle Emitter Type 'Box' registered
15:37:36: Particle Emitter Type 'Ellipsoid' registered
15:37:36: Particle Emitter Type 'Cylinder' registered
15:37:36: Particle Emitter Type 'Ring' registered
15:37:36: Particle Emitter Type 'HollowEllipsoid' registered
15:37:36: Particle Affector Type 'LinearForce' registered
15:37:36: Particle Affector Type 'ColourFader' registered
15:37:36: Particle Affector Type 'ColourFader2' registered
15:37:36: Particle Affector Type 'ColourImage' registered
15:37:36: Particle Affector Type 'ColourInterpolator' registered
15:37:36: Particle Affector Type 'Scaler' registered
15:37:36: Particle Affector Type 'Rotator' registered
15:37:36: Particle Affector Type 'DirectionRandomiser' registered
15:37:36: Particle Affector Type 'DeflectorPlane' registered
15:37:36: Plugin successfully installed
15:37:36: Loading library .\Plugin_BSPSceneManager_d
15:37:36: Installing plugin: BSP Scene Manager
15:37:36: Plugin successfully installed
15:37:36: Loading library .\Plugin_CgProgramManager_d
15:37:36: Installing plugin: Cg Program Manager
15:37:36: Plugin successfully installed
15:37:36: Loading library .\Plugin_PCZSceneManager_d
15:37:36: Installing plugin: Portal Connected Zone Scene Manager
15:37:36: PCZone Factory Type 'ZoneType_Default' registered
15:37:36: Plugin successfully installed
15:37:36: Loading library .\Plugin_OctreeZone_d
15:37:36: Installing plugin: Octree Zone Factory
15:37:36: Plugin successfully installed
15:37:36: Loading library .\Plugin_OctreeSceneManager_d
15:37:36: Installing plugin: Octree Scene Manager
15:37:36: Plugin successfully installed
15:37:36: *-*-* OGRE Initialising
15:37:36: *-*-* Version 1.8.1 (Byatis)
15:37:36: Creating resource group Essential
15:37:36: Added resource location '../../media/thumbnails' of type 'FileSystem' to resource group 'Essential'
15:37:36: Added resource location '../../media/packs/SdkTrays.zip' of type 'Zip' to resource group 'Essential'
15:37:36: Added resource location '../../media/packs/profiler.zip' of type 'Zip' to resource group 'Essential'
15:37:36: Creating resource group Fonts
15:37:36: Added resource location 'N:/Projects/githome/standup_cv.3/CEGUI-0.7.7/datafiles/fonts' of type 'FileSystem' to resource group 'Fonts'
15:37:36: Added resource location '../../media' of type 'FileSystem' to resource group 'General'
15:37:36: Creating resource group Imagesets
15:37:36: Added resource location 'N:/Projects/githome/standup_cv.3/CEGUI-0.7.7/datafiles/imagesets' of type 'FileSystem' to resource group 'Imagesets'
15:37:36: Creating resource group Layouts
15:37:36: Added resource location 'N:/Projects/githome/standup_cv.3/CEGUI-0.7.7/datafiles/layouts' of type 'FileSystem' to resource group 'Layouts'
15:37:36: Creating resource group LookNFeel
15:37:36: Added resource location 'N:/Projects/githome/standup_cv.3/CEGUI-0.7.7/datafiles/looknfeel' of type 'FileSystem' to resource group 'LookNFeel'
15:37:36: Creating resource group Popular
15:37:36: Added resource location '../../media/fonts' of type 'FileSystem' to resource group 'Popular'
15:37:36: Added resource location '../../media/materials/programs' of type 'FileSystem' to resource group 'Popular'
15:37:36: Added resource location '../../media/materials/scripts' of type 'FileSystem' to resource group 'Popular'
15:37:36: Added resource location '../../media/materials/textures' of type 'FileSystem' to resource group 'Popular'
15:37:36: Added resource location '../../media/materials/textures/nvidia' of type 'FileSystem' to resource group 'Popular'
15:37:36: Added resource location '../../media/models' of type 'FileSystem' to resource group 'Popular'
15:37:36: Added resource location '../../media/particle' of type 'FileSystem' to resource group 'Popular'
15:37:36: Added resource location '../../media/DeferredShadingMedia' of type 'FileSystem' to resource group 'Popular'
15:37:36: Added resource location '../../media/PCZAppMedia' of type 'FileSystem' to resource group 'Popular'
15:37:36: Added resource location '../../media/RTShaderLib' of type 'FileSystem' to resource group 'Popular'
15:37:36: Added resource location '../../media/RTShaderLib/materials' of type 'FileSystem' to resource group 'Popular'
15:37:36: Added resource location '../../media/materials/scripts/SSAO' of type 'FileSystem' to resource group 'Popular'
15:37:36: Added resource location '../../media/materials/textures/SSAO' of type 'FileSystem' to resource group 'Popular'
15:37:36: Added resource location '../../media/packs/cubemap.zip' of type 'Zip' to resource group 'Popular'
15:37:36: Added resource location '../../media/packs/cubemapsJS.zip' of type 'Zip' to resource group 'Popular'
15:37:36: Added resource location '../../media/packs/dragon.zip' of type 'Zip' to resource group 'Popular'
15:37:36: Added resource location '../../media/packs/fresneldemo.zip' of type 'Zip' to resource group 'Popular'
15:37:36: Added resource location '../../media/packs/ogretestmap.zip' of type 'Zip' to resource group 'Popular'
15:37:36: Added resource location '../../media/packs/ogredance.zip' of type 'Zip' to resource group 'Popular'
15:37:36: Added resource location '../../media/packs/Sinbad.zip' of type 'Zip' to resource group 'Popular'
15:37:36: Added resource location '../../media/packs/skybox.zip' of type 'Zip' to resource group 'Popular'
15:37:36: Creating resource group Schemes
15:37:36: Added resource location 'N:/Projects/githome/standup_cv.3/CEGUI-0.7.7/datafiles/schemes' of type 'FileSystem' to resource group 'Schemes'
15:37:36: Creating resource group Tests
15:37:36: Added resource location '../../media/../../Tests/Media' of type 'FileSystem' to resource group 'Tests'
15:37:36: D3D9 : RenderSystem Option: Allow NVPerfHUD = No
15:37:36: D3D9 : RenderSystem Option: FSAA = 0
15:37:36: D3D9 : RenderSystem Option: Fixed Pipeline Enabled = Yes
15:37:36: D3D9 : RenderSystem Option: Floating-point mode = Fastest
15:37:36: D3D9 : RenderSystem Option: Full Screen = Yes
15:37:36: D3D9 : RenderSystem Option: Multi device memory hint = Use minimum system memory
15:37:36: D3D9 : RenderSystem Option: Rendering Device = Monitor-1-NVIDIA GeForce GTX 460
15:37:36: D3D9 : RenderSystem Option: Resource Creation Policy = Create on all devices
15:37:36: D3D9 : RenderSystem Option: Use Multihead = Auto
15:37:36: D3D9 : RenderSystem Option: VSync = No
15:37:36: D3D9 : RenderSystem Option: VSync Interval = 1
15:37:36: D3D9 : RenderSystem Option: Video Mode = 800 x 600 @ 32-bit colour
15:37:36: D3D9 : RenderSystem Option: sRGB Gamma Conversion = No
15:37:53: CPU Identifier & Features
15:37:53: -------------------------
15:37:53:  *   CPU ID: AuthenticAMD: AMD Phenom(tm) II X6 1055T Processor
15:37:53:  *      SSE: yes
15:37:53:  *     SSE2: yes
15:37:53:  *     SSE3: yes
15:37:53:  *      MMX: yes
15:37:53:  *   MMXEXT: yes
15:37:53:  *    3DNOW: yes
15:37:53:  * 3DNOWEXT: yes
15:37:53:  *     CMOV: yes
15:37:53:  *      TSC: yes
15:37:53:  *      FPU: yes
15:37:53:  *      PRO: yes
15:37:53:  *       HT: no
15:37:53: -------------------------
15:37:53: *** Starting Win32GL Subsystem ***
15:37:53: Registering ResourceManager for type Texture
15:37:53: GLRenderSystem::_createRenderWindow "TutorialApplication Render Window", 1024x768 windowed  miscParams: FSAA=0 FSAAHint= colourDepth=32 displayFrequency=0 gamma=false vsync=false vsyncInterval=1 
15:37:53: Created Win32Window 'TutorialApplication Render Window' : 1040x807, 32bpp
15:37:53: GL_VERSION = 4.2.0
15:37:53: GL_VENDOR = NVIDIA Corporation
15:37:53: GL_RENDERER = GeForce GTX 460/PCIe/SSE2
15:37:53: GL_EXTENSIONS = GL_AMD_multi_draw_indirect GL_ARB_base_instance GL_ARB_blend_func_extended GL_ARB_color_buffer_float GL_ARB_compatibility GL_ARB_compressed_texture_pixel_storage GL_ARB_conservative_depth GL_ARB_copy_buffer GL_ARB_depth_buffer_float GL_ARB_depth_clamp GL_ARB_depth_texture GL_ARB_draw_buffers GL_ARB_draw_buffers_blend GL_ARB_draw_indirect GL_ARB_draw_elements_base_vertex GL_ARB_draw_instanced GL_ARB_ES2_compatibility GL_ARB_explicit_attrib_location GL_ARB_fragment_coord_conventions GL_ARB_fragment_program GL_ARB_fragment_program_shadow GL_ARB_fragment_shader GL_ARB_framebuffer_object GL_ARB_framebuffer_sRGB GL_ARB_geometry_shader4 GL_ARB_get_program_binary GL_ARB_gpu_shader5 GL_ARB_gpu_shader_fp64 GL_ARB_half_float_pixel GL_ARB_half_float_vertex GL_ARB_imaging GL_ARB_instanced_arrays GL_ARB_internalformat_query GL_ARB_map_buffer_alignment GL_ARB_map_buffer_range GL_ARB_multisample GL_ARB_multitexture GL_ARB_occlusion_query GL_ARB_occlusion_query2 GL_ARB_pixel_buffer_object GL_ARB_point_parameters GL_ARB_point_sprite GL_ARB_provoking_vertex GL_ARB_robustness GL_ARB_sample_shading GL_ARB_sampler_objects GL_ARB_seamless_cube_map GL_ARB_separate_shader_objects GL_ARB_shader_atomic_counters GL_ARB_shader_bit_encoding GL_ARB_shader_image_load_store GL_ARB_shader_objects GL_ARB_shader_precision GL_ARB_shader_subroutine GL_ARB_shader_texture_lod GL_ARB_shading_language_100 GL_ARB_shading_language_420pack GL_ARB_shading_language_include GL_ARB_shading_language_packing GL_ARB_shadow GL_ARB_sync GL_ARB_tessellation_shader GL_ARB_texture_border_clamp GL_ARB_texture_buffer_object GL_ARB_texture_buffer_object_rgb32 GL_ARB_texture_compression GL_ARB_texture_compression_bptc GL_ARB_texture_compression_rgtc GL_ARB_texture_cube_map GL_ARB_texture_cube_map_array GL_ARB_texture_env_add GL_ARB_texture_env_combine GL_ARB_texture_env_crossbar GL_ARB_texture_env_dot3 GL_ARB_texture_float GL_ARB_texture_gather GL_ARB_texture_mirrored_repeat GL_ARB_texture_multisample GL_ARB_texture_non_power_of_two GL_ARB_texture_query_lod GL_ARB_texture_rectangle GL_ARB_texture_rg GL_ARB_texture_rgb10_a2ui GL_ARB_texture_storage GL_ARB_texture_swizzle GL_ARB_timer_query GL_ARB_transform_feedback2 GL_ARB_transform_feedback3 GL_ARB_transform_feedback_instanced GL_ARB_transpose_matrix GL_ARB_uniform_buffer_object GL_ARB_vertex_array_bgra GL_ARB_vertex_array_object GL_ARB_vertex_attrib_64bit GL_ARB_vertex_buffer_object GL_ARB_vertex_program GL_ARB_vertex_shader GL_ARB_vertex_type_2_10_10_10_rev GL_ARB_viewport_array GL_ARB_window_pos GL_ATI_draw_buffers GL_ATI_texture_float GL_ATI_texture_mirror_once GL_S3_s3tc GL_EXT_texture_env_add GL_EXT_abgr GL_EXT_bgra GL_EXT_bindable_uniform GL_EXT_blend_color GL_EXT_blend_equation_separate GL_EXT_blend_func_separate GL_EXT_blend_minmax GL_EXT_blend_subtract GL_EXT_compiled_vertex_array GL_EXT_Cg_shader GL_EXT_depth_bounds_test GL_EXT_direct_state_access GL_EXT_draw_buffers2 GL_EXT_draw_instanced GL_EXT_draw_range_elements GL_EXT_fog_coord GL_EXT_framebuffer_blit GL_EXT_framebuffer_multisample GL_EXTX_framebuffer_mixed_formats GL_EXT_framebuffer_object GL_EXT_framebuffer_sRGB GL_EXT_geometry_shader4 GL_EXT_gpu_program_parameters GL_EXT_gpu_shader4 GL_EXT_multi_draw_arrays GL_EXT_packed_depth_stencil GL_EXT_packed_float GL_EXT_packed_pixels GL_EXT_pixel_buffer_object GL_EXT_point_parameters GL_EXT_provoking_vertex GL_EXT_rescale_normal GL_EXT_secondary_color GL_EXT_separate_shader_objects GL_EXT_separate_specular_color GL_EXT_shader_image_load_store GL_EXT_shadow_funcs GL_EXT_stencil_two_side GL_EXT_stencil_wrap GL_EXT_texture3D GL_EXT_texture_array GL_EXT_texture_buffer_object GL_EXT_texture_compression_dxt1 GL_EXT_texture_compression_latc GL_EXT_texture_compression_rgtc GL_EXT_texture_compression_s3tc GL_EXT_texture_cube_map GL_EXT_texture_edge_clamp GL_EXT_texture_env_combine GL_EXT_texture_env_dot3 GL_EXT_texture_filter_anisotropic GL_EXT_texture_format_BGRA8888 GL_EXT_texture_integer GL_EXT_texture_lod GL_EXT_texture_lod_bias GL_EXT_texture_mirror_clamp GL_EXT_texture_object GL_EXT_texture_shared_exponent GL_EXT_texture_sRGB GL_EXT_texture_sRGB_decode GL_EXT_texture_storage GL_EXT_texture_swizzle GL_EXT_texture_type_2_10_10_10_REV GL_EXT_timer_query GL_EXT_transform_feedback2 GL_EXT_vertex_array GL_EXT_vertex_array_bgra GL_EXT_vertex_attrib_64bit GL_EXT_import_sync_object GL_IBM_rasterpos_clip GL_IBM_texture_mirrored_repeat GL_KTX_buffer_region GL_NV_alpha_test GL_NV_blend_minmax GL_NV_blend_square GL_NV_complex_primitives GL_NV_conditional_render GL_NV_copy_depth_to_color GL_NV_copy_image GL_NV_depth_buffer_float GL_NV_depth_clamp GL_NV_ES1_1_compatibility GL_NV_explicit_multisample GL_NV_fbo_color_attachments GL_NV_fence GL_NV_float_buffer GL_NV_fog_distance GL_NV_fragdepth GL_NV_fragment_program GL_NV_fragment_program_option GL_NV_fragment_program2 GL_NV_framebuffer_multisample_coverage GL_NV_geometry_shader4 GL_NV_gpu_program4 GL_NV_gpu_program4_1 GL_NV_gpu_program5 GL_NV_gpu_program_fp64 GL_NV_gpu_shader5 GL_NV_half_float GL_NV_light_max_exponent GL_NV_multisample_coverage GL_NV_multisample_filter_hint GL_NV_occlusion_query GL_NV_packed_depth_stencil GL_NV_parameter_buffer_object GL_NV_parameter_buffer_object2 GL_NV_path_rendering GL_NV_pixel_data_range GL_NV_point_sprite GL_NV_primitive_restart GL_NV_register_combiners GL_NV_register_combiners2 GL_NV_shader_atomic_counters GL_NV_shader_atomic_float GL_NV_shader_buffer_load GL_NV_texgen_reflection GL_NV_texture_barrier GL_NV_texture_compression_vtc GL_NV_texture_env_combine4 GL_NV_texture_expand_normal GL_NV_texture_lod_clamp GL_NV_texture_multisample GL_NV_texture_rectangle GL_NV_texture_shader GL_NV_texture_shader2 GL_NV_texture_shader3 GL_NV_transform_feedback GL_NV_transform_feedback2 GL_NV_vertex_array_range GL_NV_vertex_array_range2 GL_NV_vertex_attrib_integer_64bit GL_NV_vertex_buffer_unified_memory GL_NV_vertex_program GL_NV_vertex_program1_1 GL_NV_vertex_program2 GL_NV_vertex_program2_option GL_NV_vertex_program3 GL_NVX_conditional_render GL_NVX_gpu_memory_info GL_OES_compressed_paletted_texture GL_OES_depth24 GL_OES_depth32 GL_OES_depth_texture GL_OES_element_index_uint GL_OES_fbo_render_mipmap GL_OES_get_program_binary GL_OES_mapbuffer GL_OES_packed_depth_stencil GL_OES_point_size_array GL_OES_point_sprite GL_OES_rgb8_rgba8 GL_OES_read_format GL_OES_standard_derivatives GL_OES_texture_3D GL_OES_texture_float GL_OES_texture_float_linear GL_OES_texture_half_float GL_OES_texture_half_float_linear GL_OES_texture_npot GL_OES_vertex_array_object GL_OES_vertex_half_float GL_SGIS_generate_mipmap GL_SGIS_texture_lod GL_SGIX_depth_texture GL_SGIX_shadow GL_SUN_slice_accum GL_WIN_swap_hint WGL_EXT_swap_control 
15:37:53: Supported WGL extensions: WGL_ARB_buffer_region WGL_ARB_create_context WGL_ARB_create_context_profile WGL_ARB_create_context_robustness WGL_ARB_extensions_string WGL_ARB_make_current_read WGL_ARB_multisample WGL_ARB_pbuffer WGL_ARB_pixel_format WGL_ARB_pixel_format_float WGL_ARB_render_texture WGL_ATI_pixel_format_float WGL_EXT_create_context_es_profile WGL_EXT_create_context_es2_profile WGL_EXT_extensions_string WGL_EXT_framebuffer_sRGB WGL_EXT_pixel_format_packed_float WGL_EXT_swap_control WGL_EXT_swap_control_tear WGL_NVX_DX_interop WGL_NV_DX_interop WGL_NV_DX_interop2 WGL_NV_float_buffer WGL_NV_multisample_coverage WGL_NV_render_depth_texture WGL_NV_render_texture_rectangle 
15:37:53: ***************************
15:37:53: *** GL Renderer Started ***
15:37:53: ***************************
15:37:53: Registering ResourceManager for type GpuProgram
15:37:53: GLSL support detected
15:37:53: GL: Using GL_EXT_framebuffer_object for rendering to textures (best)
15:37:53: FBO PF_UNKNOWN depth/stencil support: D16S0 D24S0 D32S0 Packed-D24S8 
15:37:53: FBO PF_L8 depth/stencil support: D0S0 D16S0 D24S0 D32S0 Packed-D24S8 
15:37:53: FBO PF_A8 depth/stencil support: D0S0 D16S0 D24S0 D32S0 Packed-D24S8 
15:37:53: FBO PF_A4L4 depth/stencil support: D0S0 D16S0 D24S0 D32S0 Packed-D24S8 
15:37:53: FBO PF_BYTE_LA depth/stencil support: D0S0 D16S0 D24S0 D32S0 Packed-D24S8 
15:37:53: FBO PF_R5G6B5 depth/stencil support: D0S0 D16S0 D24S0 D32S0 Packed-D24S8 
15:37:53: FBO PF_B5G6R5 depth/stencil support: D0S0 D16S0 D24S0 D32S0 Packed-D24S8 
15:37:53: FBO PF_A4R4G4B4 depth/stencil support: D0S0 D16S0 D24S0 D32S0 Packed-D24S8 
15:37:53: FBO PF_A1R5G5B5 depth/stencil support: D0S0 D16S0 D24S0 D32S0 Packed-D24S8 
15:37:53: FBO PF_R8G8B8 depth/stencil support: D0S0 D16S0 D24S0 D32S0 Packed-D24S8 
15:37:53: FBO PF_B8G8R8 depth/stencil support: D0S0 D16S0 D24S0 D32S0 Packed-D24S8 
15:37:53: FBO PF_A8R8G8B8 depth/stencil support: D0S0 D16S0 D24S0 D32S0 Packed-D24S8 
15:37:53: FBO PF_B8G8R8A8 depth/stencil support: D0S0 D16S0 D24S0 D32S0 Packed-D24S8 
15:37:53: FBO PF_A2R10G10B10 depth/stencil support: D0S0 D16S0 D24S0 D32S0 Packed-D24S8 
15:37:53: FBO PF_A2B10G10R10 depth/stencil support: D0S0 D16S0 D24S0 D32S0 Packed-D24S8 
15:37:53: FBO PF_FLOAT16_RGB depth/stencil support: D0S0 D16S0 D24S0 D32S0 Packed-D24S8 
15:37:53: FBO PF_FLOAT16_RGBA depth/stencil support: D0S0 D16S0 D24S0 D32S0 Packed-D24S8 
15:37:53: FBO PF_FLOAT32_RGB depth/stencil support: D0S0 D16S0 D24S0 D32S0 Packed-D24S8 
15:37:53: FBO PF_FLOAT32_RGBA depth/stencil support: D0S0 D16S0 D24S0 D32S0 Packed-D24S8 
15:37:53: FBO PF_X8R8G8B8 depth/stencil support: D0S0 D16S0 D24S0 D32S0 Packed-D24S8 
15:37:53: FBO PF_X8B8G8R8 depth/stencil support: D0S0 D16S0 D24S0 D32S0 Packed-D24S8 
15:37:53: FBO PF_SHORT_RGBA depth/stencil support: D0S0 D16S0 D24S0 D32S0 Packed-D24S8 
15:37:53: FBO PF_R3G3B2 depth/stencil support: D0S0 D16S0 D24S0 D32S0 Packed-D24S8 
15:37:53: FBO PF_FLOAT16_R depth/stencil support: D0S0 D16S0 D24S0 D32S0 Packed-D24S8 
15:37:53: FBO PF_FLOAT32_R depth/stencil support: D0S0 D16S0 D24S0 D32S0 Packed-D24S8 
15:37:53: FBO PF_FLOAT16_GR depth/stencil support: D0S0 D16S0 D24S0 D32S0 Packed-D24S8 
15:37:53: FBO PF_FLOAT32_GR depth/stencil support: D0S0 D16S0 D24S0 D32S0 Packed-D24S8 
15:37:53: FBO PF_SHORT_RGB depth/stencil support: D0S0 D16S0 D24S0 D32S0 Packed-D24S8 
15:37:53: [GL] : Valid FBO targets PF_UNKNOWN PF_L8 PF_A8 PF_A4L4 PF_BYTE_LA PF_R5G6B5 PF_B5G6R5 PF_A4R4G4B4 PF_A1R5G5B5 PF_R8G8B8 PF_B8G8R8 PF_A8R8G8B8 PF_B8G8R8A8 PF_A2R10G10B10 PF_A2B10G10R10 PF_FLOAT16_RGB PF_FLOAT16_RGBA PF_FLOAT32_RGB PF_FLOAT32_RGBA PF_X8R8G8B8 PF_X8B8G8R8 PF_SHORT_RGBA PF_R3G3B2 PF_FLOAT16_R PF_FLOAT32_R PF_FLOAT16_GR PF_FLOAT32_GR PF_SHORT_RGB 
15:37:53: RenderSystem capabilities
15:37:53: -------------------------
15:37:53: RenderSystem Name: OpenGL Rendering Subsystem
15:37:53: GPU Vendor: nvidia
15:37:53: Device Name: GeForce GTX 460/PCIe/SSE2
15:37:53: Driver Version: 4.2.0.0
15:37:53:  * Fixed function pipeline: yes
15:37:53:  * Hardware generation of mipmaps: yes
15:37:53:  * Texture blending: yes
15:37:53:  * Anisotropic texture filtering: yes
15:37:53:  * Dot product texture operation: yes
15:37:53:  * Cube mapping: yes
15:37:53:  * Hardware stencil buffer: yes
15:37:53:    - Stencil depth: 8
15:37:53:    - Two sided stencil support: yes
15:37:53:    - Wrap stencil values: yes
15:37:53:  * Hardware vertex / index buffers: yes
15:37:53:  * Vertex programs: yes
15:37:53:  * Number of floating-point constants for vertex programs: 1024
15:37:53:  * Number of integer constants for vertex programs: 0
15:37:53:  * Number of boolean constants for vertex programs: 0
15:37:53:  * Fragment programs: yes
15:37:53:  * Number of floating-point constants for fragment programs: 512
15:37:53:  * Number of integer constants for fragment programs: 0
15:37:53:  * Number of boolean constants for fragment programs: 0
15:37:53:  * Geometry programs: yes
15:37:53:  * Number of floating-point constants for geometry programs: 2048
15:37:53:  * Number of integer constants for geometry programs: 0
15:37:53:  * Number of boolean constants for geometry programs: 0
15:37:53:  * Supported Shader Profiles: arbfp1 arbvp1 fp20 fp30 fp40 glsl gp4fp gp4gp gp4vp gpu_fp gpu_gp gpu_vp nvgp4 vp30 vp40
15:37:53:  * Texture Compression: yes
15:37:53:    - DXT: yes
15:37:53:    - VTC: yes
15:37:53:    - PVRTC: no
15:37:53:  * Scissor Rectangle: yes
15:37:53:  * Hardware Occlusion Query: yes
15:37:53:  * User clip planes: yes
15:37:53:  * VET_UBYTE4 vertex element type: yes
15:37:53:  * Infinite far plane projection: yes
15:37:53:  * Hardware render-to-texture: yes
15:37:53:  * Floating point textures: yes
15:37:53:  * Non-power-of-two textures: yes
15:37:53:  * Volume textures: yes
15:37:53:  * Multiple Render Targets: 8
15:37:53:    - With different bit depths: yes
15:37:53:  * Point Sprites: yes
15:37:53:  * Extended point parameters: yes
15:37:53:  * Max Point Size: 63.375
15:37:53:  * Vertex texture fetch: yes
15:37:53:  * Number of world matrices: 0
15:37:53:  * Number of texture units: 32
15:37:53:  * Stencil buffer depth: 8
15:37:53:  * Number of vertex blend matrices: 0
15:37:53:    - Max vertex textures: 32
15:37:53:    - Vertex textures shared: yes
15:37:53:  * Render to Vertex Buffer : yes
15:37:53:  * GL 1.5 without VBO workaround: no
15:37:53:  * Frame Buffer objects: yes
15:37:53:  * Frame Buffer objects (ARB extension): no
15:37:53:  * Frame Buffer objects (ATI extension): no
15:37:53:  * PBuffer support: yes
15:37:53:  * GL 1.5 without HW-occlusion workaround: no
15:37:53:  * Separate shader objects: no
15:37:53: DefaultWorkQueue('Root') initialising on thread 01149780.
15:37:53: DefaultWorkQueue('Root')::WorkerFunc - thread 046D9DD0 starting.
15:37:53: DefaultWorkQueue('Root')::WorkerFunc - thread 012279A0 starting.
15:37:53: DefaultWorkQueue('Root')::WorkerFunc - thread 046DCC58 starting.
15:37:53: DefaultWorkQueue('Root')::WorkerFunc - thread 046E5D70 starting.
15:37:53: DefaultWorkQueue('Root')::WorkerFunc - thread 04698880 starting.
15:37:53: DefaultWorkQueue('Root')::WorkerFunc - thread 046D9638 starting.
15:37:53: Particle Renderer Type 'billboard' registered
15:37:53: SceneManagerFactory for type 'BspSceneManager' registered.
15:37:53: Registering ResourceManager for type BspLevel
15:37:53: SceneManagerFactory for type 'PCZSceneManager' registered.
15:37:53: MovableObjectFactory for type 'PCZLight' registered.
15:37:53: MovableObjectFactory for type 'Portal' registered.
15:37:53: MovableObjectFactory for type 'AntiPortal' registered.
15:37:53: PCZone Factory Type 'ZoneType_Octree' registered
15:37:53: SceneManagerFactory for type 'OctreeSceneManager' registered.
15:37:53: Parsing scripts for resource group Autodetect
15:37:53: Finished parsing scripts for resource group Autodetect
15:37:53: Creating resources for group Autodetect
15:37:53: All done
15:37:53: Parsing scripts for resource group Essential
15:37:53: Parsing script SdkTrays.material
15:37:53: Parsing script OgreProfiler.material
15:37:53: Parsing script SdkTrays.fontdef
15:37:53: Parsing script SdkTrays.overlay
15:37:53: Texture: sdk_cursor.png: Loading 1 faces(PF_A8R8G8B8,32x32x1) with 5 generated mipmaps from Image. Internal format is PF_A8R8G8B8,32x32x1.
15:37:53: Texture: sdk_tray.png: Loading 1 faces(PF_A8R8G8B8,64x64x1) with 5 generated mipmaps from Image. Internal format is PF_A8R8G8B8,64x64x1.
15:37:53: Texture: sdk_button_up.png: Loading 1 faces(PF_A8R8G8B8,128x32x1) with 5 generated mipmaps from Image. Internal format is PF_A8R8G8B8,128x32x1.
15:37:53: Texture: sdk_text_box.png: Loading 1 faces(PF_A8R8G8B8,32x32x1) with 5 generated mipmaps from Image. Internal format is PF_A8R8G8B8,32x32x1.
15:37:53: Texture: sdk_mini_tray.png: Loading 1 faces(PF_A8R8G8B8,32x32x1) with 5 generated mipmaps from Image. Internal format is PF_A8R8G8B8,32x32x1.
15:37:53: Texture: sdk_track.png: Loading 1 faces(PF_A8R8G8B8,16x32x1) with 5 generated mipmaps from Image. Internal format is PF_A8R8G8B8,16x32x1.
15:37:53: Texture: sdk_handle.png: Loading 1 faces(PF_A8R8G8B8,16x16x1) with 4 generated mipmaps from Image. Internal format is PF_A8R8G8B8,16x16x1.
15:37:53: Texture: sdk_mini_text_box.png: Loading 1 faces(PF_A8R8G8B8,32x32x1) with 5 generated mipmaps from Image. Internal format is PF_A8R8G8B8,32x32x1.
15:37:53: Texture: sdk_label.png: Loading 1 faces(PF_A8R8G8B8,32x32x1) with 5 generated mipmaps from Image. Internal format is PF_A8R8G8B8,32x32x1.
15:37:53: Texture: sdk_separator.png: Loading 1 faces(PF_A8R8G8B8,64x16x1) with 5 generated mipmaps from Image. Internal format is PF_A8R8G8B8,64x16x1.
15:37:53: Texture: sdk_logo.png: Loading 1 faces(PF_A8R8G8B8,128x64x1) with 5 generated mipmaps from Image. Internal format is PF_A8R8G8B8,128x64x1.
15:37:53: Texture: sdk_shade.png: Loading 1 faces(PF_A8R8G8B8,64x48x1) with 5 generated mipmaps from Image. Internal format is PF_A8R8G8B8,64x48x1.
15:37:53: Texture: sdk_frame.png: Loading 1 faces(PF_A8R8G8B8,32x32x1) with 5 generated mipmaps from Image. Internal format is PF_A8R8G8B8,32x32x1.
15:37:53: Texture: sdk_mini_text_box_over.png: Loading 1 faces(PF_A8R8G8B8,32x32x1) with 5 generated mipmaps from Image. Internal format is PF_A8R8G8B8,32x32x1.
15:37:53: Texture: sdk_pulse.png: Loading 1 faces(PF_R8G8B8,8x1x1) with 3 generated mipmaps from Image. Internal format is PF_X8R8G8B8,8x1x1.
15:37:53: Finished parsing scripts for resource group Essential
15:37:53: Creating resources for group Essential
15:37:53: All done
15:37:53: Parsing scripts for resource group Fonts
15:37:53: Finished parsing scripts for resource group Fonts
15:37:53: Creating resources for group Fonts
15:37:53: All done
15:37:53: Parsing scripts for resource group General
15:37:53: Finished parsing scripts for resource group General
15:37:53: Creating resources for group General
15:37:53: All done
15:37:53: Parsing scripts for resource group Imagesets
15:37:53: Finished parsing scripts for resource group Imagesets
15:37:53: Creating resources for group Imagesets
15:37:53: All done
15:37:53: Parsing scripts for resource group Internal
15:37:53: Finished parsing scripts for resource group Internal
15:37:53: Creating resources for group Internal
15:37:53: All done
15:37:53: Parsing scripts for resource group Layouts
15:37:53: Finished parsing scripts for resource group Layouts
15:37:53: Creating resources for group Layouts
15:37:53: All done
15:37:53: Parsing scripts for resource group LookNFeel
15:37:53: Finished parsing scripts for resource group LookNFeel
15:37:53: Creating resources for group LookNFeel
15:37:53: All done
15:37:53: Parsing scripts for resource group Popular
15:37:53: Parsing script Instancing.program
15:37:53: Parsing script DualQuaternion.program
15:37:54: Parsing script Examples.program
15:37:54: Parsing script StdQuad_vp.program
15:37:54: Parsing script deferred_post.program
15:37:54: Parsing script ShadowCaster.program
15:37:54: Parsing script ASCII.material
15:37:54: Parsing script ASMSwizzle.material
15:37:54: Parsing script BlackAndWhite.material
15:37:54: Parsing script Bloom.material
15:37:54: Parsing script Bloom2.material
15:37:54: Parsing script CGSwizzle.material
15:37:54: Parsing script CompositorDemo.material
15:37:54: Parsing script DepthShadowmap.material
15:37:54: Parsing script Dither.material
15:37:54: Parsing script DOF.material
15:37:54: Parsing script DualQuaternion.material
15:37:55: Parsing script Embossed.material
15:37:55: Parsing script Example-Water.material
15:37:55: Parsing script Examples-Advanced.material
15:37:56: Compiler error: object unsupported by render system in Examples-Advanced.material(524)
15:37:56: Parsing script Examples-DynTex.material
15:37:56: Parsing script Examples-Water.material
15:37:56: Parsing script Examples.material
15:37:57: Parsing script facial.material
15:37:57: Parsing script Glass.material
15:37:57: Parsing script GLSLSwizzle.material
15:37:57: Parsing script Halftone.material
15:37:57: Parsing script hdr.material
15:37:57: Parsing script HeatVision.material
15:37:58: Parsing script Hurt.material
15:37:58: Parsing script HWInstancing.material
15:37:58: Parsing script HW_VTFInstancing.material
15:37:58: Parsing script HW_VTF_LUTInstancing.material
15:37:58: Parsing script instancing.material
15:37:58: Parsing script InstancingMisc.material
15:37:58: Parsing script Invert.material
15:37:58: Parsing script IsoSurf.material
15:37:58: Problem parsing the following Cg Uniform: '@TMP29' in file Ogre/IsoSurf/TessellateTetrahedraGS_CG
15:37:58: Parsing script Laplace.material
15:37:58: Parsing script MotionBlur.material
15:37:58: Parsing script MRTtest.material
15:37:58: Parsing script NightVision.material
15:37:58: Parsing script Ocean.material
15:37:59: Parsing script OffsetMapping.material
15:37:59: Compiler error: object unsupported by render system in OffsetMapping.material(35)
15:38:00: Parsing script Ogre.material
15:38:00: Parsing script OldMovie.material
15:38:00: Parsing script OldTV.material
15:38:00: Parsing script ParticleGS.material
15:38:00: Parsing script Penguin.material
15:38:00: Parsing script Posterize.material
15:38:00: Parsing script pssm.material
15:38:00: Parsing script RadialBlur.material
15:38:00: Parsing script RZR-002.material
15:38:00: Parsing script ShaderInstancing.material
15:38:00: Parsing script ShaderSystem.material
15:38:00: Parsing script shadows.material
15:38:00: Parsing script SharpenEdges.material
15:38:00: Parsing script sibenik.material
15:38:00: Parsing script smoke.material
15:38:00: Parsing script Tiling.material
15:38:00: Parsing script VarianceShadowmap.material
15:38:00: Parsing script VTFInstancing.material
15:38:00: Parsing script deferreddemo.material
15:38:01: Parsing script deferred_post.material
15:38:01: Parsing script deferred_post_minilight.material
15:38:01: Parsing script ShadowCaster.material
15:38:01: Parsing script ssao.material
15:38:01: Parsing script ROOM.material
15:38:01: Parsing script DualQuaternionSkinning_Shadow.material
15:38:01: Parsing script HardwareSkinningShadow.material
15:38:01: OGRE EXCEPTION(7:InternalErrorException): Unable to compile Cg program Ogre/RTShader/shadow_receiver_vs: The compile returned an error.
(0) : error C3001: no program defined
 in CgProgram::compileMicrocode at ..\..\..\..\..\PlugIns\CgProgramManager\src\OgreCgProgramManagerDll.cpp (line 67)
15:38:01: High-level program Ogre/RTShader/shadow_receiver_vs encountered an error during loading and is thus not supported.
OGRE EXCEPTION(7:InternalErrorException): Unable to compile Cg program Ogre/RTShader/shadow_receiver_vs: The compile returned an error.
(0) : error C3001: no program defined
 in CgProgram::compileMicrocode at ..\..\..\..\..\PlugIns\CgProgramManager\src\OgreCgProgramManagerDll.cpp (line 67)
15:38:01: OGRE EXCEPTION(2:InvalidParametersException): Named constants have not been initialised, perhaps a compile error. in GpuProgramParameters::_findNamedConstantDefinition at ..\..\..\..\OgreMain\src\OgreGpuProgramParams.cpp (line 1441)
15:38:01: Compiler error: invalid parameters in HardwareSkinningShadow.material(206): setting of constant failed
15:38:01: OGRE EXCEPTION(2:InvalidParametersException): Named constants have not been initialised, perhaps a compile error. in GpuProgramParameters::_findNamedConstantDefinition at ..\..\..\..\OgreMain\src\OgreGpuProgramParams.cpp (line 1441)
15:38:01: Compiler error: invalid parameters in HardwareSkinningShadow.material(207): setting of constant failed
15:38:01: OGRE EXCEPTION(7:InternalErrorException): Unable to compile Cg program Ogre/RTShader/shadow_receiver_ps: The compile returned an error.
(0) : error C3001: no program defined
 in CgProgram::compileMicrocode at ..\..\..\..\..\PlugIns\CgProgramManager\src\OgreCgProgramManagerDll.cpp (line 67)
15:38:01: High-level program Ogre/RTShader/shadow_receiver_ps encountered an error during loading and is thus not supported.
OGRE EXCEPTION(7:InternalErrorException): Unable to compile Cg program Ogre/RTShader/shadow_receiver_ps: The compile returned an error.
(0) : error C3001: no program defined
 in CgProgram::compileMicrocode at ..\..\..\..\..\PlugIns\CgProgramManager\src\OgreCgProgramManagerDll.cpp (line 67)
15:38:01: OGRE EXCEPTION(2:InvalidParametersException): Named constants have not been initialised, perhaps a compile error. in GpuProgramParameters::_findNamedConstantDefinition at ..\..\..\..\OgreMain\src\OgreGpuProgramParams.cpp (line 1441)
15:38:01: Compiler error: invalid parameters in HardwareSkinningShadow.material(219): setting of constant failed
15:38:01: Parsing script RTShaderSystem.material
15:38:01: Compiler error: unknown error in RTShaderSystem.material(23): token "rtshader_system" is not recognized
15:38:01: Compiler error: unknown error in RTShaderSystem.material(52): token "rtshader_system" is not recognized
15:38:01: Compiler error: unknown error in RTShaderSystem.material(81): token "rtshader_system" is not recognized
15:38:01: Compiler error: unknown error in RTShaderSystem.material(110): token "rtshader_system" is not recognized
15:38:01: Compiler error: unknown error in RTShaderSystem.material(146): token "rtshader_system" is not recognized
15:38:01: Compiler error: unknown error in RTShaderSystem.material(81): token "rtshader_system" is not recognized
15:38:01: Compiler error: unknown error in RTShaderSystem.material(162): token "rtshader_system" is not recognized
15:38:01: Compiler error: unknown error in RTShaderSystem.material(81): token "rtshader_system" is not recognized
15:38:01: Compiler error: unknown error in RTShaderSystem.material(110): token "rtshader_system" is not recognized
15:38:01: Compiler error: unknown error in RTShaderSystem.material(211): token "rtshader_system" is not recognized
15:38:01: Parsing script CreaseShading.material
15:38:01: Parsing script Crytek.material
15:38:01: Parsing script GBuffer.material
15:38:02: Parsing script HemisphereMC.material
15:38:02: Parsing script HorizonBased.material
15:38:02: Parsing script ShowDepth.material
15:38:02: Parsing script ShowNormals.material
15:38:02: Parsing script ShowViewPos.material
15:38:02: Parsing script SSAOPost.material
15:38:02: Parsing script UnsharpMask.material
15:38:02: Parsing script Volumetric.material
15:38:02: Parsing script RomanBath.material
15:38:02: Parsing script Sinbad.material
15:38:02: Parsing script emitted_emitter.particle
15:38:02: Parsing script Examples-Water.particle
15:38:02: Parsing script Examples.particle
15:38:02: Parsing script smoke.particle
15:38:02: Parsing script Examples.compositor
15:38:03: Parsing script deferred.compositor
15:38:03: Parsing script ssao.compositor
15:38:03: Parsing script SSAO.compositor
15:38:03: Parsing script SSAOPost.compositor
15:38:03: Parsing script sample.fontdef
15:38:03: Finished parsing scripts for resource group Popular
15:38:03: Creating resources for group Popular
15:38:03: All done
15:38:03: Parsing scripts for resource group Schemes
15:38:03: Finished parsing scripts for resource group Schemes
15:38:03: Creating resources for group Schemes
15:38:03: All done
15:38:03: Parsing scripts for resource group Tests
15:38:03: Finished parsing scripts for resource group Tests
15:38:03: Creating resources for group Tests
15:38:03: All done
15:38:03: *** Initializing OIS ***
15:38:07: Texture: _cegui_ogre_0: Loading 1 faces(PF_A8B8G8R8,256x256x1) with 0 generated mipmaps from Image. Internal format is PF_A8R8G8B8,256x256x1.
15:38:38: DefaultWorkQueue('Root') shutting down on thread 01149780.
15:38:38: DefaultWorkQueue('Root')::WorkerFunc - thread 04698880 stopped.
15:38:38: DefaultWorkQueue('Root')::WorkerFunc - thread 046D9638 stopped.
15:38:38: DefaultWorkQueue('Root')::WorkerFunc - thread 046E5D70 stopped.
15:38:38: DefaultWorkQueue('Root')::WorkerFunc - thread 046DCC58 stopped.
15:38:38: DefaultWorkQueue('Root')::WorkerFunc - thread 012279A0 stopped.
15:38:38: DefaultWorkQueue('Root')::WorkerFunc - thread 046D9DD0 stopped.
15:38:38: PCZone Factory Type 'ZoneType_Octree' unregistered
15:38:38: Unregistering ResourceManager for type BspLevel
15:38:38: *-*-* OGRE Shutdown
15:38:38: Unregistering ResourceManager for type Compositor
15:38:38: Unregistering ResourceManager for type Font
15:38:38: Unregistering ResourceManager for type Skeleton
15:38:38: Unregistering ResourceManager for type Mesh
15:38:38: Unregistering ResourceManager for type HighLevelGpuProgram
15:38:38: Uninstalling plugin: Octree Scene Manager
15:38:38: Plugin successfully uninstalled
15:38:38: Unloading library .\Plugin_OctreeSceneManager_d
15:38:38: Uninstalling plugin: Octree Zone Factory
15:38:38: Plugin successfully uninstalled
15:38:38: Unloading library .\Plugin_OctreeZone_d
15:38:38: Uninstalling plugin: Portal Connected Zone Scene Manager
15:38:38: Plugin successfully uninstalled
15:38:38: Unloading library .\Plugin_PCZSceneManager_d
15:38:38: Uninstalling plugin: Cg Program Manager
15:38:38: Plugin successfully uninstalled
15:38:38: Unloading library .\Plugin_CgProgramManager_d
15:38:38: Uninstalling plugin: BSP Scene Manager
15:38:38: Plugin successfully uninstalled
15:38:38: Unloading library .\Plugin_BSPSceneManager_d
15:38:38: Uninstalling plugin: ParticleFX
15:38:38: Plugin successfully uninstalled
15:38:38: Unloading library .\Plugin_ParticleFX_d
15:38:38: Uninstalling plugin: GL RenderSystem
15:38:38: Unregistering ResourceManager for type GpuProgram
15:38:38: *** Stopping Win32GL Subsystem ***
15:38:38: Unregistering ResourceManager for type Texture
15:38:38: Plugin successfully uninstalled
15:38:38: Unloading library .\RenderSystem_GL_d
15:38:38: Uninstalling plugin: D3D9 RenderSystem
15:38:38: D3D9 : Shutting down cleanly.
15:38:38: D3D9 : Direct3D9 Rendering Subsystem destroyed.
15:38:38: Plugin successfully uninstalled
15:38:38: Unloading library .\RenderSystem_Direct3D9_d
15:38:38: Unregistering ResourceManager for type Material
