C:\SDKS\CEGUI-0.7.7\BIN\CEGUISTBIMAGECODEC_D.DLL
C:\SDKS\CEGUI-0.7.7\BIN\CEGUISTBIMAGECODEC_D.ILK
C:\SDKS\CEGUI-0.7.7\BIN\CEGUISTBIMAGECODEC_D.PDB
C:\SDKs\CEGUI-0.7.7\lib\CEGUISTBImageCodec_d.exp
C:\SDKs\CEGUI-0.7.7\lib\CEGUISTBImageCodec_d.lib
C:\SDKS\CEGUI-0.7.7\PROJECTS\PREMAKE\IMAGECODECMODULES\STBIMAGECODEC\OBJ\DEBUG\CEGUISTBIMAGECODEC.DLL.EMBED.MANIFEST
C:\SDKS\CEGUI-0.7.7\PROJECTS\PREMAKE\IMAGECODECMODULES\STBIMAGECODEC\OBJ\DEBUG\CEGUISTBIMAGECODEC.DLL.EMBED.MANIFEST.RES
C:\SDKS\CEGUI-0.7.7\PROJECTS\PREMAKE\IMAGECODECMODULES\STBIMAGECODEC\OBJ\DEBUG\CEGUISTBIMAGECODEC.DLL.INTERMEDIATE.MANIFEST
C:\SDKS\CEGUI-0.7.7\PROJECTS\PREMAKE\IMAGECODECMODULES\STBIMAGECODEC\OBJ\DEBUG\CEGUISTBIMAGECODEC.OBJ
C:\SDKs\CEGUI-0.7.7\projects\premake\ImageCodecModules\STBImageCodec\obj\Debug\CEGUISTBImageCodec.write.1.tlog
C:\SDKs\CEGUI-0.7.7\projects\premake\ImageCodecModules\STBImageCodec\obj\Debug\CEGUISTBImageCodec_manifest.rc
C:\SDKS\CEGUI-0.7.7\PROJECTS\PREMAKE\IMAGECODECMODULES\STBIMAGECODEC\OBJ\DEBUG\CEGUISTBIMAGECODECMODULE.OBJ
C:\SDKs\CEGUI-0.7.7\projects\premake\ImageCodecModules\STBImageCodec\obj\Debug\cl.command.1.tlog
C:\SDKs\CEGUI-0.7.7\projects\premake\ImageCodecModules\STBImageCodec\obj\Debug\CL.read.1.tlog
C:\SDKs\CEGUI-0.7.7\projects\premake\ImageCodecModules\STBImageCodec\obj\Debug\CL.write.1.tlog
C:\SDKs\CEGUI-0.7.7\projects\premake\ImageCodecModules\STBImageCodec\obj\Debug\link.12456.read.1.tlog
C:\SDKs\CEGUI-0.7.7\projects\premake\ImageCodecModules\STBImageCodec\obj\Debug\link.12456.write.1.tlog
C:\SDKs\CEGUI-0.7.7\projects\premake\ImageCodecModules\STBImageCodec\obj\Debug\link.12456-cvtres.read.1.tlog
C:\SDKs\CEGUI-0.7.7\projects\premake\ImageCodecModules\STBImageCodec\obj\Debug\link.12456-cvtres.write.1.tlog
C:\SDKs\CEGUI-0.7.7\projects\premake\ImageCodecModules\STBImageCodec\obj\Debug\link.command.1.tlog
C:\SDKs\CEGUI-0.7.7\projects\premake\ImageCodecModules\STBImageCodec\obj\Debug\link.read.1.tlog
C:\SDKs\CEGUI-0.7.7\projects\premake\ImageCodecModules\STBImageCodec\obj\Debug\link.write.1.tlog
C:\SDKs\CEGUI-0.7.7\projects\premake\ImageCodecModules\STBImageCodec\obj\Debug\link-cvtres.read.1.tlog
C:\SDKs\CEGUI-0.7.7\projects\premake\ImageCodecModules\STBImageCodec\obj\Debug\link-cvtres.write.1.tlog
C:\SDKs\CEGUI-0.7.7\projects\premake\ImageCodecModules\STBImageCodec\obj\Debug\mt.command.1.tlog
C:\SDKs\CEGUI-0.7.7\projects\premake\ImageCodecModules\STBImageCodec\obj\Debug\mt.read.1.tlog
C:\SDKs\CEGUI-0.7.7\projects\premake\ImageCodecModules\STBImageCodec\obj\Debug\mt.write.1.tlog
C:\SDKs\CEGUI-0.7.7\projects\premake\ImageCodecModules\STBImageCodec\obj\Debug\rc.command.1.tlog
C:\SDKs\CEGUI-0.7.7\projects\premake\ImageCodecModules\STBImageCodec\obj\Debug\rc.read.1.tlog
C:\SDKs\CEGUI-0.7.7\projects\premake\ImageCodecModules\STBImageCodec\obj\Debug\rc.write.1.tlog
C:\SDKS\CEGUI-0.7.7\PROJECTS\PREMAKE\IMAGECODECMODULES\STBIMAGECODEC\OBJ\DEBUG\STB_IMAGE.OBJ
C:\SDKs\CEGUI-0.7.7\projects\premake\ImageCodecModules\STBImageCodec\obj\Debug\vc100.idb
C:\SDKS\CEGUI-0.7.7\PROJECTS\PREMAKE\IMAGECODECMODULES\STBIMAGECODEC\OBJ\DEBUG\VC100.PDB
