C:\SDKS\CEGUI-0.7.7\BIN\CEGUIEXPATPARSER_D.DLL
C:\SDKS\CEGUI-0.7.7\BIN\CEGUIEXPATPARSER_D.ILK
C:\SDKS\CEGUI-0.7.7\BIN\CEGUIEXPATPARSER_D.PDB
C:\SDKs\CEGUI-0.7.7\lib\CEGUIExpatParser_d.exp
C:\SDKs\CEGUI-0.7.7\lib\CEGUIExpatParser_d.lib
C:\SDKS\CEGUI-0.7.7\PROJECTS\PREMAKE\XMLPARSERMODULES\EXPATPARSER\OBJ\DEBUG\CEGUIEXPATPARSER.DLL.EMBED.MANIFEST
C:\SDKS\CEGUI-0.7.7\PROJECTS\PREMAKE\XMLPARSERMODULES\EXPATPARSER\OBJ\DEBUG\CEGUIEXPATPARSER.DLL.EMBED.MANIFEST.RES
C:\SDKS\CEGUI-0.7.7\PROJECTS\PREMAKE\XMLPARSERMODULES\EXPATPARSER\OBJ\DEBUG\CEGUIEXPATPARSER.DLL.INTERMEDIATE.MANIFEST
C:\SDKS\CEGUI-0.7.7\PROJECTS\PREMAKE\XMLPARSERMODULES\EXPATPARSER\OBJ\DEBUG\CEGUIEXPATPARSER.OBJ
C:\SDKs\CEGUI-0.7.7\projects\premake\XMLParserModules\expatParser\obj\Debug\CEGUIExpatParser.vcxprojResolveAssemblyReference.cache
C:\SDKs\CEGUI-0.7.7\projects\premake\XMLParserModules\expatParser\obj\Debug\CEGUIExpatParser.write.1.tlog
C:\SDKs\CEGUI-0.7.7\projects\premake\XMLParserModules\expatParser\obj\Debug\CEGUIExpatParser_manifest.rc
C:\SDKS\CEGUI-0.7.7\PROJECTS\PREMAKE\XMLPARSERMODULES\EXPATPARSER\OBJ\DEBUG\CEGUIEXPATPARSERMODULE.OBJ
C:\SDKs\CEGUI-0.7.7\projects\premake\XMLParserModules\expatParser\obj\Debug\cl.command.1.tlog
C:\SDKs\CEGUI-0.7.7\projects\premake\XMLParserModules\expatParser\obj\Debug\CL.read.1.tlog
C:\SDKs\CEGUI-0.7.7\projects\premake\XMLParserModules\expatParser\obj\Debug\CL.write.1.tlog
C:\SDKs\CEGUI-0.7.7\projects\premake\XMLParserModules\expatParser\obj\Debug\link.13456.read.1.tlog
C:\SDKs\CEGUI-0.7.7\projects\premake\XMLParserModules\expatParser\obj\Debug\link.13456.write.1.tlog
C:\SDKs\CEGUI-0.7.7\projects\premake\XMLParserModules\expatParser\obj\Debug\link.13456-cvtres.read.1.tlog
C:\SDKs\CEGUI-0.7.7\projects\premake\XMLParserModules\expatParser\obj\Debug\link.13456-cvtres.write.1.tlog
C:\SDKs\CEGUI-0.7.7\projects\premake\XMLParserModules\expatParser\obj\Debug\link.command.1.tlog
C:\SDKs\CEGUI-0.7.7\projects\premake\XMLParserModules\expatParser\obj\Debug\link.read.1.tlog
C:\SDKs\CEGUI-0.7.7\projects\premake\XMLParserModules\expatParser\obj\Debug\link.write.1.tlog
C:\SDKs\CEGUI-0.7.7\projects\premake\XMLParserModules\expatParser\obj\Debug\link-cvtres.read.1.tlog
C:\SDKs\CEGUI-0.7.7\projects\premake\XMLParserModules\expatParser\obj\Debug\link-cvtres.write.1.tlog
C:\SDKs\CEGUI-0.7.7\projects\premake\XMLParserModules\expatParser\obj\Debug\mt.command.1.tlog
C:\SDKs\CEGUI-0.7.7\projects\premake\XMLParserModules\expatParser\obj\Debug\mt.read.1.tlog
C:\SDKs\CEGUI-0.7.7\projects\premake\XMLParserModules\expatParser\obj\Debug\mt.write.1.tlog
C:\SDKs\CEGUI-0.7.7\projects\premake\XMLParserModules\expatParser\obj\Debug\rc.command.1.tlog
C:\SDKs\CEGUI-0.7.7\projects\premake\XMLParserModules\expatParser\obj\Debug\rc.read.1.tlog
C:\SDKs\CEGUI-0.7.7\projects\premake\XMLParserModules\expatParser\obj\Debug\rc.write.1.tlog
C:\SDKs\CEGUI-0.7.7\projects\premake\XMLParserModules\expatParser\obj\Debug\vc100.idb
C:\SDKS\CEGUI-0.7.7\PROJECTS\PREMAKE\XMLPARSERMODULES\EXPATPARSER\OBJ\DEBUG\VC100.PDB
