Build started 12.11.2012 19:26:47.
     1>Project "C:\Program Files (x86)\orgeSDK\OgreSDK_vc10_v1-8-1\ALL_BUILD.vcxproj" on node 3 (build target(s)).
     1>C:\Windows\Microsoft.NET\Framework\v4.0.30319\Microsoft.Common.Targets(1395,5): warning : The referenced project '../../Samples/Browser/SampleBrowser.vcxproj' does not exist.
     1>C:\Windows\Microsoft.NET\Framework\v4.0.30319\Microsoft.Common.Targets(1395,5): warning : The referenced project '../../Samples/BSP/Sample_BSP.vcxproj' does not exist.
     1>C:\Windows\Microsoft.NET\Framework\v4.0.30319\Microsoft.Common.Targets(1395,5): warning : The referenced project '../../Samples/BezierPatch/Sample_BezierPatch.vcxproj' does not exist.
     1>C:\Windows\Microsoft.NET\Framework\v4.0.30319\Microsoft.Common.Targets(1395,5): warning : The referenced project '../../Samples/CameraTrack/Sample_CameraTrack.vcxproj' does not exist.
     1>C:\Windows\Microsoft.NET\Framework\v4.0.30319\Microsoft.Common.Targets(1395,5): warning : The referenced project '../../Samples/CelShading/Sample_CelShading.vcxproj' does not exist.
     1>C:\Windows\Microsoft.NET\Framework\v4.0.30319\Microsoft.Common.Targets(1395,5): warning : The referenced project '../../Samples/Character/Sample_Character.vcxproj' does not exist.
     1>C:\Windows\Microsoft.NET\Framework\v4.0.30319\Microsoft.Common.Targets(1395,5): warning : The referenced project '../../Samples/Compositor/Sample_Compositor.vcxproj' does not exist.
     1>C:\Windows\Microsoft.NET\Framework\v4.0.30319\Microsoft.Common.Targets(1395,5): warning : The referenced project '../../Samples/CubeMapping/Sample_CubeMapping.vcxproj' does not exist.
     1>C:\Windows\Microsoft.NET\Framework\v4.0.30319\Microsoft.Common.Targets(1395,5): warning : The referenced project '../../Samples/DeferredShading/Sample_DeferredShading.vcxproj' does not exist.
     1>C:\Windows\Microsoft.NET\Framework\v4.0.30319\Microsoft.Common.Targets(1395,5): warning : The referenced project '../../Samples/Dot3Bump/Sample_Dot3Bump.vcxproj' does not exist.
     1>C:\Windows\Microsoft.NET\Framework\v4.0.30319\Microsoft.Common.Targets(1395,5): warning : The referenced project '../../Samples/DualQuaternion/Sample_DualQuaternion.vcxproj' does not exist.
     1>C:\Windows\Microsoft.NET\Framework\v4.0.30319\Microsoft.Common.Targets(1395,5): warning : The referenced project '../../Samples/DynTex/Sample_DynTex.vcxproj' does not exist.
     1>C:\Windows\Microsoft.NET\Framework\v4.0.30319\Microsoft.Common.Targets(1395,5): warning : The referenced project '../../Samples/FacialAnimation/Sample_FacialAnimation.vcxproj' does not exist.
     1>C:\Windows\Microsoft.NET\Framework\v4.0.30319\Microsoft.Common.Targets(1395,5): warning : The referenced project '../../Samples/Fresnel/Sample_Fresnel.vcxproj' does not exist.
     1>C:\Windows\Microsoft.NET\Framework\v4.0.30319\Microsoft.Common.Targets(1395,5): warning : The referenced project '../../Samples/Grass/Sample_Grass.vcxproj' does not exist.
     1>C:\Windows\Microsoft.NET\Framework\v4.0.30319\Microsoft.Common.Targets(1395,5): warning : The referenced project '../../Samples/Instancing/Sample_Instancing.vcxproj' does not exist.
     1>C:\Windows\Microsoft.NET\Framework\v4.0.30319\Microsoft.Common.Targets(1395,5): warning : The referenced project '../../Samples/Isosurf/Sample_Isosurf.vcxproj' does not exist.
     1>C:\Windows\Microsoft.NET\Framework\v4.0.30319\Microsoft.Common.Targets(1395,5): warning : The referenced project '../../Samples/Lighting/Sample_Lighting.vcxproj' does not exist.
     1>C:\Windows\Microsoft.NET\Framework\v4.0.30319\Microsoft.Common.Targets(1395,5): warning : The referenced project '../../Samples/NewInstancing/Sample_NewInstancing.vcxproj' does not exist.
     1>C:\Windows\Microsoft.NET\Framework\v4.0.30319\Microsoft.Common.Targets(1395,5): warning : The referenced project '../../Samples/OceanDemo/Sample_Ocean.vcxproj' does not exist.
     1>C:\Windows\Microsoft.NET\Framework\v4.0.30319\Microsoft.Common.Targets(1395,5): warning : The referenced project '../../Samples/ParticleFX/Sample_ParticleFX.vcxproj' does not exist.
     1>C:\Windows\Microsoft.NET\Framework\v4.0.30319\Microsoft.Common.Targets(1395,5): warning : The referenced project '../../Samples/ParticleGS/Sample_ParticleGS.vcxproj' does not exist.
     1>C:\Windows\Microsoft.NET\Framework\v4.0.30319\Microsoft.Common.Targets(1395,5): warning : The referenced project '../../Samples/SSAO/Sample_SSAO.vcxproj' does not exist.
     1>C:\Windows\Microsoft.NET\Framework\v4.0.30319\Microsoft.Common.Targets(1395,5): warning : The referenced project '../../Samples/ShaderSystem/Sample_ShaderSystem.vcxproj' does not exist.
     1>C:\Windows\Microsoft.NET\Framework\v4.0.30319\Microsoft.Common.Targets(1395,5): warning : The referenced project '../../Samples/Shadows/Sample_Shadows.vcxproj' does not exist.
     1>C:\Windows\Microsoft.NET\Framework\v4.0.30319\Microsoft.Common.Targets(1395,5): warning : The referenced project '../../Samples/SkeletalAnimation/Sample_SkeletalAnimation.vcxproj' does not exist.
     1>C:\Windows\Microsoft.NET\Framework\v4.0.30319\Microsoft.Common.Targets(1395,5): warning : The referenced project '../../Samples/SkyBox/Sample_SkyBox.vcxproj' does not exist.
     1>C:\Windows\Microsoft.NET\Framework\v4.0.30319\Microsoft.Common.Targets(1395,5): warning : The referenced project '../../Samples/SkyDome/Sample_SkyDome.vcxproj' does not exist.
     1>C:\Windows\Microsoft.NET\Framework\v4.0.30319\Microsoft.Common.Targets(1395,5): warning : The referenced project '../../Samples/SkyPlane/Sample_SkyPlane.vcxproj' does not exist.
     1>C:\Windows\Microsoft.NET\Framework\v4.0.30319\Microsoft.Common.Targets(1395,5): warning : The referenced project '../../Samples/Smoke/Sample_Smoke.vcxproj' does not exist.
     1>C:\Windows\Microsoft.NET\Framework\v4.0.30319\Microsoft.Common.Targets(1395,5): warning : The referenced project '../../Samples/SphereMapping/Sample_SphereMapping.vcxproj' does not exist.
     1>C:\Windows\Microsoft.NET\Framework\v4.0.30319\Microsoft.Common.Targets(1395,5): warning : The referenced project '../../Samples/Terrain/Sample_Terrain.vcxproj' does not exist.
     1>C:\Windows\Microsoft.NET\Framework\v4.0.30319\Microsoft.Common.Targets(1395,5): warning : The referenced project '../../Samples/TextureArray/Sample_TextureArray.vcxproj' does not exist.
     1>C:\Windows\Microsoft.NET\Framework\v4.0.30319\Microsoft.Common.Targets(1395,5): warning : The referenced project '../../Samples/TextureFX/Sample_TextureFX.vcxproj' does not exist.
     1>C:\Windows\Microsoft.NET\Framework\v4.0.30319\Microsoft.Common.Targets(1395,5): warning : The referenced project '../../Samples/Transparency/Sample_Transparency.vcxproj' does not exist.
     1>C:\Windows\Microsoft.NET\Framework\v4.0.30319\Microsoft.Common.Targets(1395,5): warning : The referenced project '../../Samples/VolumeTex/Sample_VolumeTex.vcxproj' does not exist.
     1>C:\Windows\Microsoft.NET\Framework\v4.0.30319\Microsoft.Common.Targets(1395,5): warning : The referenced project '../../Samples/Water/Sample_Water.vcxproj' does not exist.
     1>InitializeBuildStatus:
         Creating "Win32\Debug\ALL_BUILD\ALL_BUILD.unsuccessfulbuild" because "AlwaysCreate" was specified.
       CustomBuild:
         Build all projects
       FinalizeBuildStatus:
         Deleting file "Win32\Debug\ALL_BUILD\ALL_BUILD.unsuccessfulbuild".
         Touching "Win32\Debug\ALL_BUILD\ALL_BUILD.lastbuildstate".
     1>Done Building Project "C:\Program Files (x86)\orgeSDK\OgreSDK_vc10_v1-8-1\ALL_BUILD.vcxproj" (build target(s)).

Build succeeded.

Time Elapsed 00:00:00.07
