C:\SDKS\CEGUI-0.7.7\BIN\CEGUILUASCRIPTMODULE_D.DLL
C:\SDKS\CEGUI-0.7.7\BIN\CEGUILUASCRIPTMODULE_D.ILK
C:\SDKS\CEGUI-0.7.7\BIN\CEGUILUASCRIPTMODULE_D.PDB
C:\SDKs\CEGUI-0.7.7\lib\CEGUILuaScriptModule_d.exp
C:\SDKs\CEGUI-0.7.7\lib\CEGUILuaScriptModule_d.lib
C:\SDKS\CEGUI-0.7.7\PROJECTS\PREMAKE\SCRIPTINGMODULES\LUASCRIPTMODULE\OBJ\DEBUG\CEGUILUA.OBJ
C:\SDKS\CEGUI-0.7.7\PROJECTS\PREMAKE\SCRIPTINGMODULES\LUASCRIPTMODULE\OBJ\DEBUG\CEGUILUAFUNCTOR.OBJ
C:\SDKS\CEGUI-0.7.7\PROJECTS\PREMAKE\SCRIPTINGMODULES\LUASCRIPTMODULE\OBJ\DEBUG\CEGUILUASCRIPTMODULE.DLL.EMBED.MANIFEST
C:\SDKS\CEGUI-0.7.7\PROJECTS\PREMAKE\SCRIPTINGMODULES\LUASCRIPTMODULE\OBJ\DEBUG\CEGUILUASCRIPTMODULE.DLL.EMBED.MANIFEST.RES
C:\SDKS\CEGUI-0.7.7\PROJECTS\PREMAKE\SCRIPTINGMODULES\LUASCRIPTMODULE\OBJ\DEBUG\CEGUILUASCRIPTMODULE.DLL.INTERMEDIATE.MANIFEST
C:\SDKs\CEGUI-0.7.7\projects\premake\ScriptingModules\LuaScriptModule\obj\Debug\CEGUILuaScriptModule.write.1.tlog
C:\SDKs\CEGUI-0.7.7\projects\premake\ScriptingModules\LuaScriptModule\obj\Debug\CEGUILuaScriptModule_manifest.rc
C:\SDKs\CEGUI-0.7.7\projects\premake\ScriptingModules\LuaScriptModule\obj\Debug\cl.command.1.tlog
C:\SDKs\CEGUI-0.7.7\projects\premake\ScriptingModules\LuaScriptModule\obj\Debug\CL.read.1.tlog
C:\SDKs\CEGUI-0.7.7\projects\premake\ScriptingModules\LuaScriptModule\obj\Debug\CL.write.1.tlog
C:\SDKs\CEGUI-0.7.7\projects\premake\ScriptingModules\LuaScriptModule\obj\Debug\link.7688.read.1.tlog
C:\SDKs\CEGUI-0.7.7\projects\premake\ScriptingModules\LuaScriptModule\obj\Debug\link.7688.write.1.tlog
C:\SDKs\CEGUI-0.7.7\projects\premake\ScriptingModules\LuaScriptModule\obj\Debug\link.7688-cvtres.read.1.tlog
C:\SDKs\CEGUI-0.7.7\projects\premake\ScriptingModules\LuaScriptModule\obj\Debug\link.7688-cvtres.write.1.tlog
C:\SDKs\CEGUI-0.7.7\projects\premake\ScriptingModules\LuaScriptModule\obj\Debug\link.command.1.tlog
C:\SDKs\CEGUI-0.7.7\projects\premake\ScriptingModules\LuaScriptModule\obj\Debug\link.read.1.tlog
C:\SDKs\CEGUI-0.7.7\projects\premake\ScriptingModules\LuaScriptModule\obj\Debug\link.write.1.tlog
C:\SDKs\CEGUI-0.7.7\projects\premake\ScriptingModules\LuaScriptModule\obj\Debug\link-cvtres.read.1.tlog
C:\SDKs\CEGUI-0.7.7\projects\premake\ScriptingModules\LuaScriptModule\obj\Debug\link-cvtres.write.1.tlog
C:\SDKS\CEGUI-0.7.7\PROJECTS\PREMAKE\SCRIPTINGMODULES\LUASCRIPTMODULE\OBJ\DEBUG\LUA_CEGUI.OBJ
C:\SDKs\CEGUI-0.7.7\projects\premake\ScriptingModules\LuaScriptModule\obj\Debug\mt.command.1.tlog
C:\SDKs\CEGUI-0.7.7\projects\premake\ScriptingModules\LuaScriptModule\obj\Debug\mt.read.1.tlog
C:\SDKs\CEGUI-0.7.7\projects\premake\ScriptingModules\LuaScriptModule\obj\Debug\mt.write.1.tlog
C:\SDKs\CEGUI-0.7.7\projects\premake\ScriptingModules\LuaScriptModule\obj\Debug\rc.command.1.tlog
C:\SDKs\CEGUI-0.7.7\projects\premake\ScriptingModules\LuaScriptModule\obj\Debug\rc.read.1.tlog
C:\SDKs\CEGUI-0.7.7\projects\premake\ScriptingModules\LuaScriptModule\obj\Debug\rc.write.1.tlog
C:\SDKS\CEGUI-0.7.7\PROJECTS\PREMAKE\SCRIPTINGMODULES\LUASCRIPTMODULE\OBJ\DEBUG\REQUIRED.OBJ
C:\SDKs\CEGUI-0.7.7\projects\premake\ScriptingModules\LuaScriptModule\obj\Debug\vc100.idb
C:\SDKS\CEGUI-0.7.7\PROJECTS\PREMAKE\SCRIPTINGMODULES\LUASCRIPTMODULE\OBJ\DEBUG\VC100.PDB
