Build started 30.11.2012 18:05:32.
     1>Project "C:\SDKs\CEGUI-0.7.7\projects\premake\ScriptingModules\LuaScriptModule\CEGUILuaScriptModule.vcxproj" on node 6 (build target(s)).
     1>InitializeBuildStatus:
         Creating "obj/Debug\CEGUILuaScriptModule.unsuccessfulbuild" because "AlwaysCreate" was specified.
       ClCompile:
         C:\Program Files (x86)\Microsoft Visual Studio 10.0\VC\bin\CL.exe /c /I../../../../cegui/include /I../../../../dependencies/include /I../../../../cegui/include/ScriptingModules/LuaScriptModule/ /I../../../../cegui/include/ScriptingModules/LuaScriptModule/support/tolua++ /ZI /nologo /W3 /WX- /Od /Oy- /D _CRT_SECURE_NO_DEPRECATE /D HAVE_CONFIG_H /D CEGUILUA_EXPORTS /D _DEBUG /D _WINDLL /D _MBCS /Gm /EHsc /RTC1 /MDd /GS /Gy /fp:precise /Zc:wchar_t /Zc:forScope /Fo"obj/Debug\\" /Fd"obj/Debug\vc100.pdb" /Gd /TP /analyze- /errorReport:prompt ..\..\..\..\cegui\src\ScriptingModules\LuaScriptModule\CEGUILua.cpp
         CEGUILua.cpp
     1>c:\sdks\cegui-0.7.7\cegui\src\scriptingmodules\luascriptmodule\ceguilua.cpp(666): warning C4800: 'int' : forcing value to bool 'true' or 'false' (performance warning)
       ManifestResourceCompile:
         All outputs are up-to-date.
     1>C:\Program Files (x86)\MSBuild\Microsoft.Cpp\v4.0\Microsoft.CppBuild.targets(990,5): warning MSB8012: TargetPath(C:\SDKs\CEGUI-0.7.7\projects\premake\ScriptingModules\LuaScriptModule\../../../../bin\CEGUILuaScriptModule.dll) does not match the Linker's OutputFile property value (C:\SDKs\CEGUI-0.7.7\bin\CEGUILuaScriptModule_d.dll). This may cause your project to build incorrectly. To correct this, please make sure that $(OutDir), $(TargetName) and $(TargetExt) property values match the value specified in %(Link.OutputFile).
     1>C:\Program Files (x86)\MSBuild\Microsoft.Cpp\v4.0\Microsoft.CppBuild.targets(992,5): warning MSB8012: TargetName(CEGUILuaScriptModule) does not match the Linker's OutputFile property value (CEGUILuaScriptModule_d). This may cause your project to build incorrectly. To correct this, please make sure that $(OutDir), $(TargetName) and $(TargetExt) property values match the value specified in %(Link.OutputFile).
       Link:
         C:\Program Files (x86)\Microsoft Visual Studio 10.0\VC\bin\link.exe /ERRORREPORT:PROMPT /OUT:"../../../../bin\CEGUILuaScriptModule_d.dll" /INCREMENTAL /NOLOGO /LIBPATH:../../../../lib /LIBPATH:../../../../dependencies/lib/dynamic ../../../../lib/CEGUIBase_d.lib ../../../../lib/tolua++_d.lib lua_d.lib kernel32.lib user32.lib gdi32.lib winspool.lib comdlg32.lib advapi32.lib shell32.lib ole32.lib oleaut32.lib uuid.lib odbc32.lib odbccp32.lib /MANIFEST /ManifestFile:"obj/Debug\CEGUILuaScriptModule.dll.intermediate.manifest" /MANIFESTUAC:"level='asInvoker' uiAccess='false'" /DEBUG /PDB:"../../../../bin\CEGUILuaScriptModule_d.pdb" /SUBSYSTEM:WINDOWS /TLBID:1 /DYNAMICBASE /NXCOMPAT /IMPLIB:"../../../../lib/CEGUILuaScriptModule_d.lib" /MACHINE:X86 /DLL obj/Debug\CEGUILuaScriptModule.dll.embed.manifest.res
         obj/Debug\CEGUILua.obj
         obj/Debug\CEGUILuaFunctor.obj
         obj/Debug\lua_CEGUI.obj
         obj/Debug\required.obj
         "C:\SDKs\CEGUI-0.7.7\lib\CEGUIBase_d.lib"
         "C:\SDKs\CEGUI-0.7.7\lib\tolua++_d.lib"
       Manifest:
         C:\Program Files (x86)\Microsoft SDKs\Windows\v7.0A\bin\mt.exe /nologo /verbose /out:"obj/Debug\CEGUILuaScriptModule.dll.embed.manifest" /manifest obj/Debug\CEGUILuaScriptModule.dll.intermediate.manifest
         All outputs are up-to-date.
       LinkEmbedManifest:
         All outputs are up-to-date.
         CEGUILuaScriptModule.vcxproj -> C:\SDKs\CEGUI-0.7.7\projects\premake\ScriptingModules\LuaScriptModule\../../../../bin\CEGUILuaScriptModule.dll
       FinalizeBuildStatus:
         Deleting file "obj/Debug\CEGUILuaScriptModule.unsuccessfulbuild".
         Touching "obj/Debug\CEGUILuaScriptModule.lastbuildstate".
     1>Done Building Project "C:\SDKs\CEGUI-0.7.7\projects\premake\ScriptingModules\LuaScriptModule\CEGUILuaScriptModule.vcxproj" (build target(s)).

Build succeeded.

Time Elapsed 00:00:03.29
