Build started 30.11.2012 18:05:32.
     1>Project "C:\SDKs\CEGUI-0.7.7\projects\premake\ImageCodecModules\SILLYImageCodec\CEGUISILLYImageCodec.vcxproj" on node 2 (build target(s)).
     1>InitializeBuildStatus:
         Creating "obj/Debug\CEGUISILLYImageCodec.unsuccessfulbuild" because "AlwaysCreate" was specified.
       ClCompile:
         All outputs are up-to-date.
       ManifestResourceCompile:
         All outputs are up-to-date.
     1>C:\Program Files (x86)\MSBuild\Microsoft.Cpp\v4.0\Microsoft.CppBuild.targets(990,5): warning MSB8012: TargetPath(C:\SDKs\CEGUI-0.7.7\projects\premake\ImageCodecModules\SILLYImageCodec\../../../../bin\CEGUISILLYImageCodec.dll) does not match the Linker's OutputFile property value (C:\SDKs\CEGUI-0.7.7\bin\CEGUISILLYImageCodec_d.dll). This may cause your project to build incorrectly. To correct this, please make sure that $(OutDir), $(TargetName) and $(TargetExt) property values match the value specified in %(Link.OutputFile).
     1>C:\Program Files (x86)\MSBuild\Microsoft.Cpp\v4.0\Microsoft.CppBuild.targets(992,5): warning MSB8012: TargetName(CEGUISILLYImageCodec) does not match the Linker's OutputFile property value (CEGUISILLYImageCodec_d). This may cause your project to build incorrectly. To correct this, please make sure that $(OutDir), $(TargetName) and $(TargetExt) property values match the value specified in %(Link.OutputFile).
       Link:
         All outputs are up-to-date.
       Manifest:
         All outputs are up-to-date.
       FinalizeBuildStatus:
         Deleting file "obj/Debug\CEGUISILLYImageCodec.unsuccessfulbuild".
         Touching "obj/Debug\CEGUISILLYImageCodec.lastbuildstate".
     1>Done Building Project "C:\SDKs\CEGUI-0.7.7\projects\premake\ImageCodecModules\SILLYImageCodec\CEGUISILLYImageCodec.vcxproj" (build target(s)).

Build succeeded.

Time Elapsed 00:00:00.47
