C:\SDKS\CEGUI-0.7.7\BIN\CEGUISILLYIMAGECODEC_D.DLL
C:\SDKS\CEGUI-0.7.7\BIN\CEGUISILLYIMAGECODEC_D.ILK
C:\SDKS\CEGUI-0.7.7\BIN\CEGUISILLYIMAGECODEC_D.PDB
C:\SDKs\CEGUI-0.7.7\lib\CEGUISILLYImageCodec_d.exp
C:\SDKs\CEGUI-0.7.7\lib\CEGUISILLYImageCodec_d.lib
C:\SDKS\CEGUI-0.7.7\PROJECTS\PREMAKE\IMAGECODECMODULES\SILLYIMAGECODEC\OBJ\DEBUG\CEGUISILLYIMAGECODEC.DLL.EMBED.MANIFEST
C:\SDKS\CEGUI-0.7.7\PROJECTS\PREMAKE\IMAGECODECMODULES\SILLYIMAGECODEC\OBJ\DEBUG\CEGUISILLYIMAGECODEC.DLL.EMBED.MANIFEST.RES
C:\SDKS\CEGUI-0.7.7\PROJECTS\PREMAKE\IMAGECODECMODULES\SILLYIMAGECODEC\OBJ\DEBUG\CEGUISILLYIMAGECODEC.DLL.INTERMEDIATE.MANIFEST
C:\SDKS\CEGUI-0.7.7\PROJECTS\PREMAKE\IMAGECODECMODULES\SILLYIMAGECODEC\OBJ\DEBUG\CEGUISILLYIMAGECODEC.OBJ
C:\SDKs\CEGUI-0.7.7\projects\premake\ImageCodecModules\SILLYImageCodec\obj\Debug\CEGUISILLYImageCodec.write.1.tlog
C:\SDKs\CEGUI-0.7.7\projects\premake\ImageCodecModules\SILLYImageCodec\obj\Debug\CEGUISILLYImageCodec_manifest.rc
C:\SDKS\CEGUI-0.7.7\PROJECTS\PREMAKE\IMAGECODECMODULES\SILLYIMAGECODEC\OBJ\DEBUG\CEGUISILLYIMAGECODECMODULE.OBJ
C:\SDKs\CEGUI-0.7.7\projects\premake\ImageCodecModules\SILLYImageCodec\obj\Debug\cl.command.1.tlog
C:\SDKs\CEGUI-0.7.7\projects\premake\ImageCodecModules\SILLYImageCodec\obj\Debug\CL.read.1.tlog
C:\SDKs\CEGUI-0.7.7\projects\premake\ImageCodecModules\SILLYImageCodec\obj\Debug\CL.write.1.tlog
C:\SDKs\CEGUI-0.7.7\projects\premake\ImageCodecModules\SILLYImageCodec\obj\Debug\link.14080.read.1.tlog
C:\SDKs\CEGUI-0.7.7\projects\premake\ImageCodecModules\SILLYImageCodec\obj\Debug\link.14080.write.1.tlog
C:\SDKs\CEGUI-0.7.7\projects\premake\ImageCodecModules\SILLYImageCodec\obj\Debug\link.14080-cvtres.read.1.tlog
C:\SDKs\CEGUI-0.7.7\projects\premake\ImageCodecModules\SILLYImageCodec\obj\Debug\link.14080-cvtres.write.1.tlog
C:\SDKs\CEGUI-0.7.7\projects\premake\ImageCodecModules\SILLYImageCodec\obj\Debug\link.command.1.tlog
C:\SDKs\CEGUI-0.7.7\projects\premake\ImageCodecModules\SILLYImageCodec\obj\Debug\link.read.1.tlog
C:\SDKs\CEGUI-0.7.7\projects\premake\ImageCodecModules\SILLYImageCodec\obj\Debug\link.write.1.tlog
C:\SDKs\CEGUI-0.7.7\projects\premake\ImageCodecModules\SILLYImageCodec\obj\Debug\link-cvtres.read.1.tlog
C:\SDKs\CEGUI-0.7.7\projects\premake\ImageCodecModules\SILLYImageCodec\obj\Debug\link-cvtres.write.1.tlog
C:\SDKs\CEGUI-0.7.7\projects\premake\ImageCodecModules\SILLYImageCodec\obj\Debug\mt.command.1.tlog
C:\SDKs\CEGUI-0.7.7\projects\premake\ImageCodecModules\SILLYImageCodec\obj\Debug\mt.read.1.tlog
C:\SDKs\CEGUI-0.7.7\projects\premake\ImageCodecModules\SILLYImageCodec\obj\Debug\mt.write.1.tlog
C:\SDKs\CEGUI-0.7.7\projects\premake\ImageCodecModules\SILLYImageCodec\obj\Debug\rc.command.1.tlog
C:\SDKs\CEGUI-0.7.7\projects\premake\ImageCodecModules\SILLYImageCodec\obj\Debug\rc.read.1.tlog
C:\SDKs\CEGUI-0.7.7\projects\premake\ImageCodecModules\SILLYImageCodec\obj\Debug\rc.write.1.tlog
C:\SDKs\CEGUI-0.7.7\projects\premake\ImageCodecModules\SILLYImageCodec\obj\Debug\vc100.idb
C:\SDKS\CEGUI-0.7.7\PROJECTS\PREMAKE\IMAGECODECMODULES\SILLYIMAGECODEC\OBJ\DEBUG\VC100.PDB
