Build started 30.11.2012 18:05:32.
     1>Project "C:\SDKs\CEGUI-0.7.7\projects\premake\WindowRendererSets\Falagard\CEGUIFalagardWRBase.vcxproj" on node 4 (build target(s)).
     1>InitializeBuildStatus:
         Creating "obj/Debug\CEGUIFalagardWRBase.unsuccessfulbuild" because "AlwaysCreate" was specified.
       ClCompile:
         C:\Program Files (x86)\Microsoft Visual Studio 10.0\VC\bin\CL.exe /c /I../../../../cegui/include /I../../../../dependencies/include /I../../../../cegui/include/WindowRendererSets/Falagard/ /ZI /nologo /W3 /WX- /Od /Oy- /D _CRT_SECURE_NO_DEPRECATE /D HAVE_CONFIG_H /D FALAGARDWRBASE_EXPORTS /D CEGUIWRMODULE_EXPORTS /D _DEBUG /D _WINDLL /D _MBCS /Gm /EHsc /RTC1 /MDd /GS /Gy /fp:precise /Zc:wchar_t /Zc:forScope /Fo"obj/Debug\\" /Fd"obj/Debug\vc100.pdb" /Gd /TP /analyze- /errorReport:prompt ..\..\..\..\cegui\src\WindowRendererSets\Falagard\FalEditbox.cpp
         FalEditbox.cpp
       ManifestResourceCompile:
         All outputs are up-to-date.
     1>C:\Program Files (x86)\MSBuild\Microsoft.Cpp\v4.0\Microsoft.CppBuild.targets(990,5): warning MSB8012: TargetPath(C:\SDKs\CEGUI-0.7.7\projects\premake\WindowRendererSets\Falagard\../../../../bin\CEGUIFalagardWRBase.dll) does not match the Linker's OutputFile property value (C:\SDKs\CEGUI-0.7.7\bin\CEGUIFalagardWRBase_d.dll). This may cause your project to build incorrectly. To correct this, please make sure that $(OutDir), $(TargetName) and $(TargetExt) property values match the value specified in %(Link.OutputFile).
     1>C:\Program Files (x86)\MSBuild\Microsoft.Cpp\v4.0\Microsoft.CppBuild.targets(992,5): warning MSB8012: TargetName(CEGUIFalagardWRBase) does not match the Linker's OutputFile property value (CEGUIFalagardWRBase_d). This may cause your project to build incorrectly. To correct this, please make sure that $(OutDir), $(TargetName) and $(TargetExt) property values match the value specified in %(Link.OutputFile).
       Link:
         C:\Program Files (x86)\Microsoft Visual Studio 10.0\VC\bin\link.exe /ERRORREPORT:PROMPT /OUT:"../../../../bin\CEGUIFalagardWRBase_d.dll" /INCREMENTAL /NOLOGO /LIBPATH:../../../../lib /LIBPATH:../../../../dependencies/lib/dynamic ../../../../lib/CEGUIBase_d.lib kernel32.lib user32.lib gdi32.lib winspool.lib comdlg32.lib advapi32.lib shell32.lib ole32.lib oleaut32.lib uuid.lib odbc32.lib odbccp32.lib /MANIFEST /ManifestFile:"obj/Debug\CEGUIFalagardWRBase.dll.intermediate.manifest" /MANIFESTUAC:"level='asInvoker' uiAccess='false'" /DEBUG /PDB:"../../../../bin\CEGUIFalagardWRBase_d.pdb" /SUBSYSTEM:WINDOWS /TLBID:1 /DYNAMICBASE /NXCOMPAT /IMPLIB:"../../../../lib/CEGUIFalagardWRBase_d.lib" /MACHINE:X86 /DLL obj/Debug\CEGUIFalagardWRBase.dll.embed.manifest.res
         obj/Debug\FalButton.obj
         obj/Debug\FalDefault.obj
         obj/Debug\FalEditbox.obj
         obj/Debug\FalEditboxProperties.obj
         obj/Debug\FalFrameWindow.obj
         obj/Debug\FalItemEntry.obj
         obj/Debug\FalItemListbox.obj
         obj/Debug\FalListbox.obj
         obj/Debug\FalListHeader.obj
         obj/Debug\FalListHeaderProperties.obj
         obj/Debug\FalListHeaderSegment.obj
         obj/Debug\FalMenubar.obj
         obj/Debug\FalMenuItem.obj
         obj/Debug\FalModule.obj
         obj/Debug\FalMultiColumnList.obj
         obj/Debug\FalMultiLineEditbox.obj
         obj/Debug\FalMultiLineEditboxProperties.obj
         obj/Debug\FalPopupMenu.obj
         obj/Debug\FalProgressBar.obj
         obj/Debug\FalProgressBarProperties.obj
         obj/Debug\FalScrollablePane.obj
         obj/Debug\FalScrollbar.obj
         obj/Debug\FalScrollbarProperties.obj
         obj/Debug\FalSlider.obj
         obj/Debug\FalSliderProperties.obj
         obj/Debug\FalStatic.obj
         obj/Debug\FalStaticImage.obj
         obj/Debug\FalStaticImageProperties.obj
         obj/Debug\FalStaticProperties.obj
         obj/Debug\FalStaticText.obj
         obj/Debug\FalStaticTextProperties.obj
         obj/Debug\FalSystemButton.obj
         obj/Debug\FalTabButton.obj
         obj/Debug\FalTabControl.obj
         obj/Debug\FalTabControlProperties.obj
         obj/Debug\FalTitlebar.obj
         obj/Debug\FalToggleButton.obj
         obj/Debug\FalTooltip.obj
         obj/Debug\FalTree.obj
         "C:\SDKs\CEGUI-0.7.7\lib\CEGUIBase_d.lib"
       Manifest:
         C:\Program Files (x86)\Microsoft SDKs\Windows\v7.0A\bin\mt.exe /nologo /verbose /out:"obj/Debug\CEGUIFalagardWRBase.dll.embed.manifest" /manifest obj/Debug\CEGUIFalagardWRBase.dll.intermediate.manifest
         All outputs are up-to-date.
       LinkEmbedManifest:
         All outputs are up-to-date.
         CEGUIFalagardWRBase.vcxproj -> C:\SDKs\CEGUI-0.7.7\projects\premake\WindowRendererSets\Falagard\../../../../bin\CEGUIFalagardWRBase.dll
       FinalizeBuildStatus:
         Deleting file "obj/Debug\CEGUIFalagardWRBase.unsuccessfulbuild".
         Touching "obj/Debug\CEGUIFalagardWRBase.lastbuildstate".
     1>Done Building Project "C:\SDKs\CEGUI-0.7.7\projects\premake\WindowRendererSets\Falagard\CEGUIFalagardWRBase.vcxproj" (build target(s)).

Build succeeded.

Time Elapsed 00:00:02.12
