C:\SDKS\CEGUI-0.7.7\BIN\CEGUIFALAGARDWRBASE_D.DLL
C:\SDKS\CEGUI-0.7.7\BIN\CEGUIFALAGARDWRBASE_D.ILK
C:\SDKS\CEGUI-0.7.7\BIN\CEGUIFALAGARDWRBASE_D.PDB
C:\SDKs\CEGUI-0.7.7\lib\CEGUIFalagardWRBase_d.exp
C:\SDKs\CEGUI-0.7.7\lib\CEGUIFalagardWRBase_d.lib
C:\SDKS\CEGUI-0.7.7\PROJECTS\PREMAKE\WINDOWRENDERERSETS\FALAGARD\OBJ\DEBUG\CEGUIFALAGARDWRBASE.DLL.EMBED.MANIFEST
C:\SDKS\CEGUI-0.7.7\PROJECTS\PREMAKE\WINDOWRENDERERSETS\FALAGARD\OBJ\DEBUG\CEGUIFALAGARDWRBASE.DLL.EMBED.MANIFEST.RES
C:\SDKS\CEGUI-0.7.7\PROJECTS\PREMAKE\WINDOWRENDERERSETS\FALAGARD\OBJ\DEBUG\CEGUIFALAGARDWRBASE.DLL.INTERMEDIATE.MANIFEST
C:\SDKs\CEGUI-0.7.7\projects\premake\WindowRendererSets\Falagard\obj\Debug\CEGUIFalagardWRBase.write.1.tlog
C:\SDKs\CEGUI-0.7.7\projects\premake\WindowRendererSets\Falagard\obj\Debug\CEGUIFalagardWRBase_manifest.rc
C:\SDKs\CEGUI-0.7.7\projects\premake\WindowRendererSets\Falagard\obj\Debug\cl.command.1.tlog
C:\SDKs\CEGUI-0.7.7\projects\premake\WindowRendererSets\Falagard\obj\Debug\CL.read.1.tlog
C:\SDKs\CEGUI-0.7.7\projects\premake\WindowRendererSets\Falagard\obj\Debug\CL.write.1.tlog
C:\SDKS\CEGUI-0.7.7\PROJECTS\PREMAKE\WINDOWRENDERERSETS\FALAGARD\OBJ\DEBUG\FALBUTTON.OBJ
C:\SDKS\CEGUI-0.7.7\PROJECTS\PREMAKE\WINDOWRENDERERSETS\FALAGARD\OBJ\DEBUG\FALDEFAULT.OBJ
C:\SDKS\CEGUI-0.7.7\PROJECTS\PREMAKE\WINDOWRENDERERSETS\FALAGARD\OBJ\DEBUG\FALEDITBOX.OBJ
C:\SDKS\CEGUI-0.7.7\PROJECTS\PREMAKE\WINDOWRENDERERSETS\FALAGARD\OBJ\DEBUG\FALEDITBOXPROPERTIES.OBJ
C:\SDKS\CEGUI-0.7.7\PROJECTS\PREMAKE\WINDOWRENDERERSETS\FALAGARD\OBJ\DEBUG\FALFRAMEWINDOW.OBJ
C:\SDKS\CEGUI-0.7.7\PROJECTS\PREMAKE\WINDOWRENDERERSETS\FALAGARD\OBJ\DEBUG\FALITEMENTRY.OBJ
C:\SDKS\CEGUI-0.7.7\PROJECTS\PREMAKE\WINDOWRENDERERSETS\FALAGARD\OBJ\DEBUG\FALITEMLISTBOX.OBJ
C:\SDKS\CEGUI-0.7.7\PROJECTS\PREMAKE\WINDOWRENDERERSETS\FALAGARD\OBJ\DEBUG\FALLISTBOX.OBJ
C:\SDKS\CEGUI-0.7.7\PROJECTS\PREMAKE\WINDOWRENDERERSETS\FALAGARD\OBJ\DEBUG\FALLISTHEADER.OBJ
C:\SDKS\CEGUI-0.7.7\PROJECTS\PREMAKE\WINDOWRENDERERSETS\FALAGARD\OBJ\DEBUG\FALLISTHEADERPROPERTIES.OBJ
C:\SDKS\CEGUI-0.7.7\PROJECTS\PREMAKE\WINDOWRENDERERSETS\FALAGARD\OBJ\DEBUG\FALLISTHEADERSEGMENT.OBJ
C:\SDKS\CEGUI-0.7.7\PROJECTS\PREMAKE\WINDOWRENDERERSETS\FALAGARD\OBJ\DEBUG\FALMENUBAR.OBJ
C:\SDKS\CEGUI-0.7.7\PROJECTS\PREMAKE\WINDOWRENDERERSETS\FALAGARD\OBJ\DEBUG\FALMENUITEM.OBJ
C:\SDKS\CEGUI-0.7.7\PROJECTS\PREMAKE\WINDOWRENDERERSETS\FALAGARD\OBJ\DEBUG\FALMODULE.OBJ
C:\SDKS\CEGUI-0.7.7\PROJECTS\PREMAKE\WINDOWRENDERERSETS\FALAGARD\OBJ\DEBUG\FALMULTICOLUMNLIST.OBJ
C:\SDKS\CEGUI-0.7.7\PROJECTS\PREMAKE\WINDOWRENDERERSETS\FALAGARD\OBJ\DEBUG\FALMULTILINEEDITBOX.OBJ
C:\SDKS\CEGUI-0.7.7\PROJECTS\PREMAKE\WINDOWRENDERERSETS\FALAGARD\OBJ\DEBUG\FALMULTILINEEDITBOXPROPERTIES.OBJ
C:\SDKS\CEGUI-0.7.7\PROJECTS\PREMAKE\WINDOWRENDERERSETS\FALAGARD\OBJ\DEBUG\FALPOPUPMENU.OBJ
C:\SDKS\CEGUI-0.7.7\PROJECTS\PREMAKE\WINDOWRENDERERSETS\FALAGARD\OBJ\DEBUG\FALPROGRESSBAR.OBJ
C:\SDKS\CEGUI-0.7.7\PROJECTS\PREMAKE\WINDOWRENDERERSETS\FALAGARD\OBJ\DEBUG\FALPROGRESSBARPROPERTIES.OBJ
C:\SDKS\CEGUI-0.7.7\PROJECTS\PREMAKE\WINDOWRENDERERSETS\FALAGARD\OBJ\DEBUG\FALSCROLLABLEPANE.OBJ
C:\SDKS\CEGUI-0.7.7\PROJECTS\PREMAKE\WINDOWRENDERERSETS\FALAGARD\OBJ\DEBUG\FALSCROLLBAR.OBJ
C:\SDKS\CEGUI-0.7.7\PROJECTS\PREMAKE\WINDOWRENDERERSETS\FALAGARD\OBJ\DEBUG\FALSCROLLBARPROPERTIES.OBJ
C:\SDKS\CEGUI-0.7.7\PROJECTS\PREMAKE\WINDOWRENDERERSETS\FALAGARD\OBJ\DEBUG\FALSLIDER.OBJ
C:\SDKS\CEGUI-0.7.7\PROJECTS\PREMAKE\WINDOWRENDERERSETS\FALAGARD\OBJ\DEBUG\FALSLIDERPROPERTIES.OBJ
C:\SDKS\CEGUI-0.7.7\PROJECTS\PREMAKE\WINDOWRENDERERSETS\FALAGARD\OBJ\DEBUG\FALSTATIC.OBJ
C:\SDKS\CEGUI-0.7.7\PROJECTS\PREMAKE\WINDOWRENDERERSETS\FALAGARD\OBJ\DEBUG\FALSTATICIMAGE.OBJ
C:\SDKS\CEGUI-0.7.7\PROJECTS\PREMAKE\WINDOWRENDERERSETS\FALAGARD\OBJ\DEBUG\FALSTATICIMAGEPROPERTIES.OBJ
C:\SDKS\CEGUI-0.7.7\PROJECTS\PREMAKE\WINDOWRENDERERSETS\FALAGARD\OBJ\DEBUG\FALSTATICPROPERTIES.OBJ
C:\SDKS\CEGUI-0.7.7\PROJECTS\PREMAKE\WINDOWRENDERERSETS\FALAGARD\OBJ\DEBUG\FALSTATICTEXT.OBJ
C:\SDKS\CEGUI-0.7.7\PROJECTS\PREMAKE\WINDOWRENDERERSETS\FALAGARD\OBJ\DEBUG\FALSTATICTEXTPROPERTIES.OBJ
C:\SDKS\CEGUI-0.7.7\PROJECTS\PREMAKE\WINDOWRENDERERSETS\FALAGARD\OBJ\DEBUG\FALSYSTEMBUTTON.OBJ
C:\SDKS\CEGUI-0.7.7\PROJECTS\PREMAKE\WINDOWRENDERERSETS\FALAGARD\OBJ\DEBUG\FALTABBUTTON.OBJ
C:\SDKS\CEGUI-0.7.7\PROJECTS\PREMAKE\WINDOWRENDERERSETS\FALAGARD\OBJ\DEBUG\FALTABCONTROL.OBJ
C:\SDKS\CEGUI-0.7.7\PROJECTS\PREMAKE\WINDOWRENDERERSETS\FALAGARD\OBJ\DEBUG\FALTABCONTROLPROPERTIES.OBJ
C:\SDKS\CEGUI-0.7.7\PROJECTS\PREMAKE\WINDOWRENDERERSETS\FALAGARD\OBJ\DEBUG\FALTITLEBAR.OBJ
C:\SDKS\CEGUI-0.7.7\PROJECTS\PREMAKE\WINDOWRENDERERSETS\FALAGARD\OBJ\DEBUG\FALTOGGLEBUTTON.OBJ
C:\SDKS\CEGUI-0.7.7\PROJECTS\PREMAKE\WINDOWRENDERERSETS\FALAGARD\OBJ\DEBUG\FALTOOLTIP.OBJ
C:\SDKS\CEGUI-0.7.7\PROJECTS\PREMAKE\WINDOWRENDERERSETS\FALAGARD\OBJ\DEBUG\FALTREE.OBJ
C:\SDKs\CEGUI-0.7.7\projects\premake\WindowRendererSets\Falagard\obj\Debug\link.10624.read.1.tlog
C:\SDKs\CEGUI-0.7.7\projects\premake\WindowRendererSets\Falagard\obj\Debug\link.10624.write.1.tlog
C:\SDKs\CEGUI-0.7.7\projects\premake\WindowRendererSets\Falagard\obj\Debug\link.10624-cvtres.read.1.tlog
C:\SDKs\CEGUI-0.7.7\projects\premake\WindowRendererSets\Falagard\obj\Debug\link.10624-cvtres.write.1.tlog
C:\SDKs\CEGUI-0.7.7\projects\premake\WindowRendererSets\Falagard\obj\Debug\link.command.1.tlog
C:\SDKs\CEGUI-0.7.7\projects\premake\WindowRendererSets\Falagard\obj\Debug\link.read.1.tlog
C:\SDKs\CEGUI-0.7.7\projects\premake\WindowRendererSets\Falagard\obj\Debug\link.write.1.tlog
C:\SDKs\CEGUI-0.7.7\projects\premake\WindowRendererSets\Falagard\obj\Debug\link-cvtres.read.1.tlog
C:\SDKs\CEGUI-0.7.7\projects\premake\WindowRendererSets\Falagard\obj\Debug\link-cvtres.write.1.tlog
C:\SDKs\CEGUI-0.7.7\projects\premake\WindowRendererSets\Falagard\obj\Debug\mt.command.1.tlog
C:\SDKs\CEGUI-0.7.7\projects\premake\WindowRendererSets\Falagard\obj\Debug\mt.read.1.tlog
C:\SDKs\CEGUI-0.7.7\projects\premake\WindowRendererSets\Falagard\obj\Debug\mt.write.1.tlog
C:\SDKs\CEGUI-0.7.7\projects\premake\WindowRendererSets\Falagard\obj\Debug\rc.command.1.tlog
C:\SDKs\CEGUI-0.7.7\projects\premake\WindowRendererSets\Falagard\obj\Debug\rc.read.1.tlog
C:\SDKs\CEGUI-0.7.7\projects\premake\WindowRendererSets\Falagard\obj\Debug\rc.write.1.tlog
C:\SDKs\CEGUI-0.7.7\projects\premake\WindowRendererSets\Falagard\obj\Debug\vc100.idb
C:\SDKS\CEGUI-0.7.7\PROJECTS\PREMAKE\WINDOWRENDERERSETS\FALAGARD\OBJ\DEBUG\VC100.PDB
